<?xml version="1.0" encoding="UTF-8"?>
<coverage generated="1731399316550" clover="3.2.0">
  <project timestamp="1731399316551" name="All files">
    <metrics statements="2045" coveredstatements="1101" conditionals="208" coveredconditionals="127" methods="87" coveredmethods="42" elements="2340" coveredelements="1270" complexity="0" loc="2045" ncloc="2045" packages="3" files="14" classes="14"/>
    <package name="src">
      <metrics statements="106" coveredstatements="5" conditionals="3" coveredconditionals="0" methods="3" coveredmethods="0"/>
      <file name="App.jsx" path="/home/nicolas/Escritorio/front/src/App.jsx">
        <metrics statements="81" coveredstatements="0" conditionals="1" coveredconditionals="0" methods="1" coveredmethods="0"/>
        <line num="1" count="0" type="cond" truecount="0" falsecount="1"/>
        <line num="2" count="0" type="stmt"/>
        <line num="3" count="0" type="stmt"/>
        <line num="4" count="0" type="stmt"/>
        <line num="5" count="0" type="stmt"/>
        <line num="6" count="0" type="stmt"/>
        <line num="7" count="0" type="stmt"/>
        <line num="8" count="0" type="stmt"/>
        <line num="9" count="0" type="stmt"/>
        <line num="10" count="0" type="stmt"/>
        <line num="11" count="0" type="stmt"/>
        <line num="12" count="0" type="stmt"/>
        <line num="14" count="0" type="stmt"/>
        <line num="15" count="0" type="stmt"/>
        <line num="16" count="0" type="stmt"/>
        <line num="17" count="0" type="stmt"/>
        <line num="18" count="0" type="stmt"/>
        <line num="20" count="0" type="stmt"/>
        <line num="21" count="0" type="stmt"/>
        <line num="23" count="0" type="stmt"/>
        <line num="24" count="0" type="stmt"/>
        <line num="25" count="0" type="stmt"/>
        <line num="27" count="0" type="stmt"/>
        <line num="28" count="0" type="stmt"/>
        <line num="29" count="0" type="stmt"/>
        <line num="30" count="0" type="stmt"/>
        <line num="31" count="0" type="stmt"/>
        <line num="32" count="0" type="stmt"/>
        <line num="33" count="0" type="stmt"/>
        <line num="34" count="0" type="stmt"/>
        <line num="36" count="0" type="stmt"/>
        <line num="37" count="0" type="stmt"/>
        <line num="38" count="0" type="stmt"/>
        <line num="39" count="0" type="stmt"/>
        <line num="41" count="0" type="stmt"/>
        <line num="42" count="0" type="stmt"/>
        <line num="43" count="0" type="stmt"/>
        <line num="44" count="0" type="stmt"/>
        <line num="45" count="0" type="stmt"/>
        <line num="46" count="0" type="stmt"/>
        <line num="47" count="0" type="stmt"/>
        <line num="48" count="0" type="stmt"/>
        <line num="49" count="0" type="stmt"/>
        <line num="51" count="0" type="stmt"/>
        <line num="52" count="0" type="stmt"/>
        <line num="53" count="0" type="stmt"/>
        <line num="54" count="0" type="stmt"/>
        <line num="56" count="0" type="stmt"/>
        <line num="57" count="0" type="stmt"/>
        <line num="58" count="0" type="stmt"/>
        <line num="60" count="0" type="stmt"/>
        <line num="61" count="0" type="stmt"/>
        <line num="62" count="0" type="stmt"/>
        <line num="64" count="0" type="stmt"/>
        <line num="65" count="0" type="stmt"/>
        <line num="66" count="0" type="stmt"/>
        <line num="67" count="0" type="stmt"/>
        <line num="68" count="0" type="stmt"/>
        <line num="70" count="0" type="stmt"/>
        <line num="71" count="0" type="stmt"/>
        <line num="72" count="0" type="stmt"/>
        <line num="73" count="0" type="stmt"/>
        <line num="74" count="0" type="stmt"/>
        <line num="76" count="0" type="stmt"/>
        <line num="77" count="0" type="stmt"/>
        <line num="78" count="0" type="stmt"/>
        <line num="80" count="0" type="stmt"/>
        <line num="81" count="0" type="stmt"/>
        <line num="82" count="0" type="stmt"/>
        <line num="83" count="0" type="stmt"/>
        <line num="84" count="0" type="stmt"/>
        <line num="86" count="0" type="stmt"/>
        <line num="87" count="0" type="stmt"/>
        <line num="89" count="0" type="stmt"/>
        <line num="90" count="0" type="stmt"/>
        <line num="92" count="0" type="stmt"/>
        <line num="93" count="0" type="stmt"/>
        <line num="95" count="0" type="stmt"/>
        <line num="96" count="0" type="stmt"/>
        <line num="100" count="0" type="stmt"/>
        <line num="102" count="0" type="stmt"/>
      </file>
      <file name="main.jsx" path="/home/nicolas/Escritorio/front/src/main.jsx">
        <metrics statements="7" coveredstatements="0" conditionals="1" coveredconditionals="0" methods="1" coveredmethods="0"/>
        <line num="1" count="0" type="cond" truecount="0" falsecount="1"/>
        <line num="2" count="0" type="stmt"/>
        <line num="3" count="0" type="stmt"/>
        <line num="4" count="0" type="stmt"/>
        <line num="6" count="0" type="stmt"/>
        <line num="7" count="0" type="stmt"/>
        <line num="8" count="0" type="stmt"/>
      </file>
      <file name="reportWebVitals.js" path="/home/nicolas/Escritorio/front/src/reportWebVitals.js">
        <metrics statements="13" coveredstatements="0" conditionals="1" coveredconditionals="0" methods="1" coveredmethods="0"/>
        <line num="1" count="0" type="cond" truecount="0" falsecount="1"/>
        <line num="2" count="0" type="stmt"/>
        <line num="3" count="0" type="stmt"/>
        <line num="4" count="0" type="stmt"/>
        <line num="5" count="0" type="stmt"/>
        <line num="6" count="0" type="stmt"/>
        <line num="7" count="0" type="stmt"/>
        <line num="8" count="0" type="stmt"/>
        <line num="9" count="0" type="stmt"/>
        <line num="10" count="0" type="stmt"/>
        <line num="11" count="0" type="stmt"/>
        <line num="12" count="0" type="stmt"/>
        <line num="13" count="0" type="stmt"/>
      </file>
      <file name="setupTests.js" path="/home/nicolas/Escritorio/front/src/setupTests.js">
        <metrics statements="5" coveredstatements="5" conditionals="0" coveredconditionals="0" methods="0" coveredmethods="0"/>
        <line num="1" count="1" type="stmt"/>
        <line num="2" count="1" type="stmt"/>
        <line num="3" count="1" type="stmt"/>
        <line num="4" count="1" type="stmt"/>
        <line num="5" count="1" type="stmt"/>
      </file>
    </package>
    <package name="src.components">
      <metrics statements="1910" coveredstatements="1096" conditionals="204" coveredconditionals="127" methods="83" coveredmethods="42"/>
      <file name="LogComponent.jsx" path="/home/nicolas/Escritorio/front/src/components/LogComponent.jsx">
        <metrics statements="15" coveredstatements="15" conditionals="1" coveredconditionals="1" methods="2" coveredmethods="1"/>
        <line num="1" count="1" type="stmt"/>
        <line num="2" count="1" type="stmt"/>
        <line num="4" count="1" type="cond" truecount="1" falsecount="0"/>
        <line num="5" count="14" type="stmt"/>
        <line num="7" count="14" type="stmt"/>
        <line num="8" count="14" type="stmt"/>
        <line num="9" count="14" type="stmt"/>
        <line num="13" count="14" type="stmt"/>
        <line num="14" count="14" type="stmt"/>
        <line num="15" count="14" type="stmt"/>
        <line num="16" count="14" type="stmt"/>
        <line num="17" count="14" type="stmt"/>
        <line num="18" count="14" type="stmt"/>
        <line num="26" count="14" type="stmt"/>
        <line num="27" count="1" type="stmt"/>
      </file>
      <file name="board.jsx" path="/home/nicolas/Escritorio/front/src/components/board.jsx">
        <metrics statements="1002" coveredstatements="539" conditionals="97" coveredconditionals="55" methods="39" coveredmethods="14"/>
        <line num="1" count="1" type="stmt"/>
        <line num="2" count="1" type="stmt"/>
        <line num="3" count="1" type="stmt"/>
        <line num="4" count="1" type="stmt"/>
        <line num="5" count="1" type="stmt"/>
        <line num="6" count="1" type="stmt"/>
        <line num="9" count="1" type="cond" truecount="1" falsecount="0"/>
        <line num="10" count="14" type="stmt"/>
        <line num="11" count="14" type="stmt"/>
        <line num="12" count="14" type="stmt"/>
        <line num="13" count="14" type="stmt"/>
        <line num="14" count="14" type="stmt"/>
        <line num="15" count="14" type="stmt"/>
        <line num="16" count="14" type="cond" truecount="1" falsecount="0"/>
        <line num="17" count="4" type="stmt"/>
        <line num="18" count="4" type="stmt"/>
        <line num="19" count="14" type="stmt"/>
        <line num="20" count="14" type="stmt"/>
        <line num="21" count="14" type="stmt"/>
        <line num="22" count="14" type="stmt"/>
        <line num="23" count="14" type="stmt"/>
        <line num="24" count="14" type="stmt"/>
        <line num="25" count="14" type="stmt"/>
        <line num="26" count="14" type="stmt"/>
        <line num="27" count="14" type="stmt"/>
        <line num="28" count="14" type="stmt"/>
        <line num="29" count="14" type="stmt"/>
        <line num="30" count="14" type="stmt"/>
        <line num="31" count="14" type="stmt"/>
        <line num="32" count="14" type="stmt"/>
        <line num="33" count="14" type="stmt"/>
        <line num="34" count="14" type="stmt"/>
        <line num="35" count="14" type="stmt"/>
        <line num="36" count="14" type="stmt"/>
        <line num="37" count="14" type="stmt"/>
        <line num="38" count="14" type="stmt"/>
        <line num="39" count="14" type="stmt"/>
        <line num="40" count="14" type="stmt"/>
        <line num="41" count="14" type="stmt"/>
        <line num="42" count="14" type="stmt"/>
        <line num="43" count="14" type="stmt"/>
        <line num="44" count="14" type="stmt"/>
        <line num="45" count="14" type="stmt"/>
        <line num="46" count="14" type="stmt"/>
        <line num="47" count="14" type="stmt"/>
        <line num="48" count="14" type="stmt"/>
        <line num="49" count="14" type="stmt"/>
        <line num="50" count="14" type="stmt"/>
        <line num="51" count="14" type="stmt"/>
        <line num="52" count="14" type="stmt"/>
        <line num="53" count="14" type="stmt"/>
        <line num="54" count="14" type="stmt"/>
        <line num="55" count="14" type="stmt"/>
        <line num="56" count="14" type="stmt"/>
        <line num="57" count="14" type="stmt"/>
        <line num="58" count="14" type="stmt"/>
        <line num="59" count="14" type="stmt"/>
        <line num="61" count="14" type="stmt"/>
        <line num="64" count="14" type="cond" truecount="1" falsecount="0"/>
        <line num="65" count="8" type="cond" truecount="1" falsecount="0"/>
        <line num="66" count="4" type="stmt"/>
        <line num="67" count="4" type="stmt"/>
        <line num="68" count="4" type="stmt"/>
        <line num="70" count="4" type="stmt"/>
        <line num="71" count="4" type="stmt"/>
        <line num="73" count="4" type="stmt"/>
        <line num="74" count="4" type="stmt"/>
        <line num="75" count="4" type="cond" truecount="1" falsecount="0"/>
        <line num="78" count="4" type="stmt"/>
        <line num="79" count="4" type="stmt"/>
        <line num="80" count="4" type="stmt"/>
        <line num="81" count="4" type="stmt"/>
        <line num="83" count="4" type="stmt"/>
        <line num="84" count="4" type="cond" truecount="0" falsecount="1"/>
        <line num="86" count="0" type="stmt"/>
        <line num="87" count="0" type="stmt"/>
        <line num="90" count="0" type="stmt"/>
        <line num="91" count="0" type="stmt"/>
        <line num="93" count="0" type="stmt"/>
        <line num="94" count="0" type="stmt"/>
        <line num="95" count="0" type="stmt"/>
        <line num="96" count="0" type="stmt"/>
        <line num="97" count="0" type="stmt"/>
        <line num="99" count="0" type="stmt"/>
        <line num="100" count="0" type="stmt"/>
        <line num="101" count="0" type="stmt"/>
        <line num="102" count="0" type="stmt"/>
        <line num="103" count="0" type="stmt"/>
        <line num="104" count="0" type="stmt"/>
        <line num="105" count="0" type="stmt"/>
        <line num="106" count="0" type="stmt"/>
        <line num="108" count="0" type="stmt"/>
        <line num="109" count="0" type="stmt"/>
        <line num="110" count="0" type="stmt"/>
        <line num="111" count="14" type="stmt"/>
        <line num="112" count="14" type="stmt"/>
        <line num="113" count="14" type="cond" truecount="1" falsecount="0"/>
        <line num="114" count="14" type="stmt"/>
        <line num="117" count="14" type="stmt"/>
        <line num="118" count="0" type="stmt"/>
        <line num="119" count="0" type="stmt"/>
        <line num="120" count="0" type="stmt"/>
        <line num="121" count="0" type="stmt"/>
        <line num="122" count="0" type="stmt"/>
        <line num="123" count="0" type="stmt"/>
        <line num="124" count="0" type="stmt"/>
        <line num="125" count="0" type="stmt"/>
        <line num="126" count="0" type="stmt"/>
        <line num="128" count="0" type="stmt"/>
        <line num="129" count="0" type="stmt"/>
        <line num="130" count="0" type="stmt"/>
        <line num="131" count="0" type="stmt"/>
        <line num="132" count="0" type="stmt"/>
        <line num="133" count="0" type="stmt"/>
        <line num="134" count="0" type="stmt"/>
        <line num="135" count="0" type="stmt"/>
        <line num="136" count="0" type="stmt"/>
        <line num="137" count="0" type="stmt"/>
        <line num="138" count="14" type="stmt"/>
        <line num="140" count="14" type="stmt"/>
        <line num="141" count="0" type="stmt"/>
        <line num="142" count="0" type="stmt"/>
        <line num="144" count="0" type="stmt"/>
        <line num="145" count="0" type="stmt"/>
        <line num="146" count="0" type="stmt"/>
        <line num="147" count="0" type="stmt"/>
        <line num="148" count="0" type="stmt"/>
        <line num="149" count="0" type="stmt"/>
        <line num="150" count="0" type="stmt"/>
        <line num="151" count="0" type="stmt"/>
        <line num="152" count="0" type="stmt"/>
        <line num="153" count="0" type="stmt"/>
        <line num="154" count="0" type="stmt"/>
        <line num="155" count="0" type="stmt"/>
        <line num="156" count="0" type="stmt"/>
        <line num="157" count="0" type="stmt"/>
        <line num="158" count="0" type="stmt"/>
        <line num="161" count="0" type="stmt"/>
        <line num="162" count="0" type="stmt"/>
        <line num="163" count="0" type="stmt"/>
        <line num="164" count="0" type="stmt"/>
        <line num="165" count="0" type="stmt"/>
        <line num="166" count="0" type="stmt"/>
        <line num="168" count="0" type="stmt"/>
        <line num="169" count="0" type="stmt"/>
        <line num="170" count="0" type="stmt"/>
        <line num="171" count="0" type="stmt"/>
        <line num="172" count="0" type="stmt"/>
        <line num="173" count="0" type="stmt"/>
        <line num="174" count="0" type="stmt"/>
        <line num="176" count="0" type="stmt"/>
        <line num="177" count="0" type="stmt"/>
        <line num="179" count="14" type="cond" truecount="1" falsecount="0"/>
        <line num="180" count="4" type="cond" truecount="0" falsecount="1"/>
        <line num="181" count="0" type="stmt"/>
        <line num="182" count="0" type="stmt"/>
        <line num="183" count="0" type="stmt"/>
        <line num="185" count="0" type="stmt"/>
        <line num="186" count="0" type="stmt"/>
        <line num="187" count="0" type="stmt"/>
        <line num="188" count="14" type="stmt"/>
        <line num="190" count="14" type="stmt"/>
        <line num="191" count="14" type="stmt"/>
        <line num="192" count="0" type="stmt"/>
        <line num="193" count="0" type="stmt"/>
        <line num="194" count="0" type="stmt"/>
        <line num="195" count="0" type="stmt"/>
        <line num="196" count="0" type="stmt"/>
        <line num="197" count="0" type="stmt"/>
        <line num="198" count="0" type="stmt"/>
        <line num="199" count="0" type="stmt"/>
        <line num="200" count="0" type="stmt"/>
        <line num="201" count="0" type="stmt"/>
        <line num="202" count="0" type="stmt"/>
        <line num="203" count="0" type="stmt"/>
        <line num="204" count="0" type="stmt"/>
        <line num="206" count="14" type="cond" truecount="1" falsecount="0"/>
        <line num="207" count="11" type="cond" truecount="2" falsecount="0"/>
        <line num="208" count="8" type="stmt"/>
        <line num="210" count="8" type="stmt"/>
        <line num="211" count="0" type="stmt"/>
        <line num="213" count="8" type="stmt"/>
        <line num="214" count="11" type="cond" truecount="1" falsecount="0"/>
        <line num="215" count="3" type="stmt"/>
        <line num="216" count="3" type="stmt"/>
        <line num="217" count="3" type="stmt"/>
        <line num="218" count="11" type="stmt"/>
        <line num="219" count="14" type="stmt"/>
        <line num="220" count="14" type="stmt"/>
        <line num="221" count="0" type="stmt"/>
        <line num="222" count="0" type="stmt"/>
        <line num="223" count="0" type="stmt"/>
        <line num="224" count="0" type="stmt"/>
        <line num="226" count="0" type="stmt"/>
        <line num="227" count="0" type="stmt"/>
        <line num="228" count="0" type="stmt"/>
        <line num="229" count="0" type="stmt"/>
        <line num="231" count="0" type="stmt"/>
        <line num="232" count="0" type="stmt"/>
        <line num="233" count="0" type="stmt"/>
        <line num="234" count="0" type="stmt"/>
        <line num="235" count="0" type="stmt"/>
        <line num="236" count="0" type="stmt"/>
        <line num="237" count="0" type="stmt"/>
        <line num="238" count="0" type="stmt"/>
        <line num="239" count="0" type="stmt"/>
        <line num="240" count="0" type="stmt"/>
        <line num="241" count="0" type="stmt"/>
        <line num="243" count="0" type="stmt"/>
        <line num="244" count="0" type="stmt"/>
        <line num="245" count="0" type="stmt"/>
        <line num="246" count="0" type="stmt"/>
        <line num="248" count="14" type="stmt"/>
        <line num="249" count="0" type="stmt"/>
        <line num="250" count="0" type="stmt"/>
        <line num="252" count="14" type="cond" truecount="1" falsecount="0"/>
        <line num="253" count="4" type="cond" truecount="0" falsecount="1"/>
        <line num="254" count="0" type="stmt"/>
        <line num="255" count="0" type="stmt"/>
        <line num="256" count="0" type="stmt"/>
        <line num="257" count="14" type="stmt"/>
        <line num="258" count="14" type="stmt"/>
        <line num="260" count="14" type="stmt"/>
        <line num="261" count="0" type="stmt"/>
        <line num="262" count="0" type="stmt"/>
        <line num="263" count="0" type="stmt"/>
        <line num="264" count="0" type="stmt"/>
        <line num="265" count="0" type="stmt"/>
        <line num="266" count="0" type="stmt"/>
        <line num="267" count="0" type="stmt"/>
        <line num="268" count="0" type="stmt"/>
        <line num="269" count="0" type="stmt"/>
        <line num="270" count="0" type="stmt"/>
        <line num="271" count="0" type="stmt"/>
        <line num="273" count="14" type="stmt"/>
        <line num="274" count="0" type="stmt"/>
        <line num="275" count="0" type="stmt"/>
        <line num="276" count="0" type="stmt"/>
        <line num="277" count="0" type="stmt"/>
        <line num="278" count="0" type="stmt"/>
        <line num="279" count="0" type="stmt"/>
        <line num="280" count="0" type="stmt"/>
        <line num="281" count="0" type="stmt"/>
        <line num="283" count="14" type="cond" truecount="1" falsecount="0"/>
        <line num="284" count="8" type="stmt"/>
        <line num="285" count="8" type="stmt"/>
        <line num="286" count="8" type="stmt"/>
        <line num="287" count="8" type="stmt"/>
        <line num="288" count="8" type="stmt"/>
        <line num="289" count="8" type="stmt"/>
        <line num="290" count="8" type="stmt"/>
        <line num="292" count="8" type="cond" truecount="0" falsecount="1"/>
        <line num="293" count="0" type="stmt"/>
        <line num="294" count="0" type="stmt"/>
        <line num="296" count="8" type="stmt"/>
        <line num="297" count="8" type="stmt"/>
        <line num="298" count="8" type="stmt"/>
        <line num="299" count="8" type="cond" truecount="1" falsecount="0"/>
        <line num="301" count="8" type="stmt"/>
        <line num="303" count="8" type="stmt"/>
        <line num="304" count="8" type="stmt"/>
        <line num="305" count="8" type="cond" truecount="1" falsecount="0"/>
        <line num="306" count="16" type="stmt"/>
        <line num="307" count="16" type="stmt"/>
        <line num="308" count="16" type="stmt"/>
        <line num="310" count="8" type="stmt"/>
        <line num="311" count="8" type="stmt"/>
        <line num="312" count="8" type="stmt"/>
        <line num="315" count="8" type="stmt"/>
        <line num="317" count="8" type="stmt"/>
        <line num="318" count="8" type="stmt"/>
        <line num="319" count="8" type="stmt"/>
        <line num="321" count="8" type="cond" truecount="0" falsecount="1"/>
        <line num="322" count="0" type="stmt"/>
        <line num="323" count="0" type="stmt"/>
        <line num="324" count="0" type="stmt"/>
        <line num="325" count="0" type="stmt"/>
        <line num="326" count="0" type="stmt"/>
        <line num="327" count="0" type="stmt"/>
        <line num="329" count="8" type="stmt"/>
        <line num="330" count="8" type="cond" truecount="0" falsecount="1"/>
        <line num="331" count="0" type="stmt"/>
        <line num="332" count="0" type="stmt"/>
        <line num="333" count="8" type="stmt"/>
        <line num="336" count="14" type="cond" truecount="1" falsecount="0"/>
        <line num="337" count="5" type="cond" truecount="1" falsecount="0"/>
        <line num="338" count="3" type="cond" truecount="0" falsecount="1"/>
        <line num="339" count="0" type="stmt"/>
        <line num="340" count="0" type="stmt"/>
        <line num="341" count="0" type="stmt"/>
        <line num="342" count="3" type="cond" truecount="0" falsecount="1"/>
        <line num="343" count="0" type="stmt"/>
        <line num="344" count="0" type="stmt"/>
        <line num="345" count="0" type="stmt"/>
        <line num="346" count="3" type="stmt"/>
        <line num="347" count="3" type="stmt"/>
        <line num="348" count="3" type="stmt"/>
        <line num="349" count="3" type="stmt"/>
        <line num="350" count="3" type="stmt"/>
        <line num="351" count="3" type="stmt"/>
        <line num="352" count="3" type="stmt"/>
        <line num="353" count="3" type="cond" truecount="1" falsecount="0"/>
        <line num="354" count="3" type="stmt"/>
        <line num="355" count="3" type="stmt"/>
        <line num="356" count="3" type="stmt"/>
        <line num="357" count="3" type="stmt"/>
        <line num="358" count="3" type="stmt"/>
        <line num="359" count="3" type="cond" truecount="1" falsecount="0"/>
        <line num="360" count="5" type="cond" truecount="1" falsecount="0"/>
        <line num="361" count="2" type="stmt"/>
        <line num="362" count="2" type="stmt"/>
        <line num="363" count="14" type="stmt"/>
        <line num="366" count="14" type="cond" truecount="1" falsecount="0"/>
        <line num="367" count="4" type="stmt"/>
        <line num="369" count="4" type="stmt"/>
        <line num="370" count="4" type="stmt"/>
        <line num="371" count="4" type="stmt"/>
        <line num="372" count="4" type="stmt"/>
        <line num="373" count="4" type="stmt"/>
        <line num="374" count="4" type="stmt"/>
        <line num="375" count="4" type="stmt"/>
        <line num="376" count="4" type="stmt"/>
        <line num="379" count="4" type="cond" truecount="0" falsecount="1"/>
        <line num="380" count="0" type="stmt"/>
        <line num="381" count="0" type="stmt"/>
        <line num="383" count="4" type="stmt"/>
        <line num="384" count="4" type="stmt"/>
        <line num="385" count="4" type="stmt"/>
        <line num="387" count="4" type="stmt"/>
        <line num="388" count="4" type="stmt"/>
        <line num="389" count="4" type="stmt"/>
        <line num="391" count="4" type="cond" truecount="0" falsecount="1"/>
        <line num="392" count="0" type="stmt"/>
        <line num="393" count="4" type="stmt"/>
        <line num="394" count="4" type="stmt"/>
        <line num="395" count="4" type="stmt"/>
        <line num="396" count="4" type="cond" truecount="0" falsecount="1"/>
        <line num="397" count="0" type="stmt"/>
        <line num="398" count="0" type="stmt"/>
        <line num="399" count="4" type="stmt"/>
        <line num="401" count="14" type="stmt"/>
        <line num="403" count="0" type="stmt"/>
        <line num="404" count="0" type="stmt"/>
        <line num="405" count="0" type="stmt"/>
        <line num="406" count="0" type="stmt"/>
        <line num="407" count="0" type="stmt"/>
        <line num="410" count="0" type="stmt"/>
        <line num="411" count="0" type="stmt"/>
        <line num="412" count="0" type="stmt"/>
        <line num="415" count="14" type="stmt"/>
        <line num="416" count="0" type="stmt"/>
        <line num="417" count="0" type="stmt"/>
        <line num="418" count="0" type="stmt"/>
        <line num="420" count="0" type="stmt"/>
        <line num="421" count="0" type="stmt"/>
        <line num="422" count="0" type="stmt"/>
        <line num="425" count="14" type="stmt"/>
        <line num="430" count="14" type="stmt"/>
        <line num="431" count="14" type="cond" truecount="1" falsecount="0"/>
        <line num="432" count="4" type="cond" truecount="0" falsecount="1"/>
        <line num="433" count="4" type="stmt"/>
        <line num="434" count="4" type="stmt"/>
        <line num="435" count="4" type="stmt"/>
        <line num="437" count="4" type="stmt"/>
        <line num="438" count="0" type="stmt"/>
        <line num="439" count="0" type="stmt"/>
        <line num="440" count="4" type="stmt"/>
        <line num="441" count="4" type="stmt"/>
        <line num="442" count="4" type="cond" truecount="1" falsecount="0"/>
        <line num="443" count="1" type="stmt"/>
        <line num="444" count="1" type="stmt"/>
        <line num="446" count="1" type="stmt"/>
        <line num="447" count="1" type="stmt"/>
        <line num="448" count="1" type="stmt"/>
        <line num="449" count="1" type="stmt"/>
        <line num="450" count="1" type="stmt"/>
        <line num="451" count="1" type="stmt"/>
        <line num="452" count="1" type="stmt"/>
        <line num="453" count="1" type="stmt"/>
        <line num="454" count="1" type="stmt"/>
        <line num="455" count="1" type="stmt"/>
        <line num="457" count="1" type="stmt"/>
        <line num="458" count="1" type="stmt"/>
        <line num="459" count="1" type="stmt"/>
        <line num="460" count="1" type="stmt"/>
        <line num="461" count="1" type="cond" truecount="1" falsecount="0"/>
        <line num="462" count="1" type="stmt"/>
        <line num="463" count="1" type="stmt"/>
        <line num="465" count="1" type="cond" truecount="0" falsecount="1"/>
        <line num="466" count="0" type="stmt"/>
        <line num="467" count="0" type="stmt"/>
        <line num="469" count="0" type="stmt"/>
        <line num="470" count="0" type="stmt"/>
        <line num="472" count="0" type="stmt"/>
        <line num="474" count="1" type="cond" truecount="0" falsecount="1"/>
        <line num="475" count="0" type="stmt"/>
        <line num="476" count="0" type="stmt"/>
        <line num="477" count="0" type="stmt"/>
        <line num="478" count="0" type="stmt"/>
        <line num="479" count="0" type="stmt"/>
        <line num="480" count="0" type="stmt"/>
        <line num="481" count="0" type="stmt"/>
        <line num="483" count="0" type="stmt"/>
        <line num="484" count="0" type="stmt"/>
        <line num="485" count="0" type="stmt"/>
        <line num="486" count="0" type="stmt"/>
        <line num="488" count="1" type="cond" truecount="0" falsecount="1"/>
        <line num="489" count="0" type="stmt"/>
        <line num="490" count="0" type="stmt"/>
        <line num="491" count="0" type="stmt"/>
        <line num="492" count="0" type="stmt"/>
        <line num="493" count="0" type="stmt"/>
        <line num="494" count="0" type="stmt"/>
        <line num="495" count="0" type="stmt"/>
        <line num="496" count="0" type="stmt"/>
        <line num="497" count="0" type="stmt"/>
        <line num="498" count="0" type="stmt"/>
        <line num="499" count="0" type="stmt"/>
        <line num="500" count="0" type="stmt"/>
        <line num="501" count="0" type="stmt"/>
        <line num="503" count="0" type="stmt"/>
        <line num="505" count="1" type="cond" truecount="0" falsecount="1"/>
        <line num="506" count="0" type="stmt"/>
        <line num="507" count="0" type="stmt"/>
        <line num="508" count="0" type="stmt"/>
        <line num="509" count="0" type="stmt"/>
        <line num="510" count="0" type="stmt"/>
        <line num="511" count="0" type="stmt"/>
        <line num="512" count="0" type="stmt"/>
        <line num="514" count="0" type="stmt"/>
        <line num="515" count="0" type="stmt"/>
        <line num="516" count="0" type="stmt"/>
        <line num="517" count="0" type="stmt"/>
        <line num="519" count="1" type="cond" truecount="0" falsecount="1"/>
        <line num="520" count="0" type="stmt"/>
        <line num="521" count="0" type="stmt"/>
        <line num="522" count="0" type="stmt"/>
        <line num="523" count="0" type="stmt"/>
        <line num="524" count="0" type="stmt"/>
        <line num="525" count="0" type="stmt"/>
        <line num="526" count="0" type="stmt"/>
        <line num="528" count="1" type="cond" truecount="0" falsecount="1"/>
        <line num="529" count="0" type="stmt"/>
        <line num="530" count="0" type="stmt"/>
        <line num="532" count="1" type="cond" truecount="0" falsecount="1"/>
        <line num="533" count="0" type="stmt"/>
        <line num="534" count="0" type="stmt"/>
        <line num="535" count="0" type="stmt"/>
        <line num="536" count="0" type="stmt"/>
        <line num="537" count="0" type="stmt"/>
        <line num="538" count="0" type="stmt"/>
        <line num="539" count="0" type="stmt"/>
        <line num="540" count="0" type="stmt"/>
        <line num="541" count="0" type="stmt"/>
        <line num="542" count="0" type="stmt"/>
        <line num="543" count="0" type="stmt"/>
        <line num="544" count="0" type="stmt"/>
        <line num="545" count="0" type="stmt"/>
        <line num="546" count="0" type="stmt"/>
        <line num="547" count="0" type="stmt"/>
        <line num="548" count="0" type="stmt"/>
        <line num="549" count="0" type="stmt"/>
        <line num="551" count="1" type="cond" truecount="0" falsecount="1"/>
        <line num="552" count="0" type="stmt"/>
        <line num="553" count="0" type="stmt"/>
        <line num="554" count="0" type="stmt"/>
        <line num="555" count="0" type="stmt"/>
        <line num="556" count="0" type="stmt"/>
        <line num="557" count="0" type="stmt"/>
        <line num="558" count="0" type="stmt"/>
        <line num="560" count="1" type="cond" truecount="0" falsecount="1"/>
        <line num="561" count="0" type="stmt"/>
        <line num="562" count="0" type="stmt"/>
        <line num="563" count="0" type="stmt"/>
        <line num="565" count="1" type="cond" truecount="0" falsecount="1"/>
        <line num="566" count="0" type="stmt"/>
        <line num="567" count="0" type="stmt"/>
        <line num="568" count="0" type="stmt"/>
        <line num="569" count="0" type="stmt"/>
        <line num="570" count="0" type="stmt"/>
        <line num="571" count="0" type="stmt"/>
        <line num="573" count="1" type="cond" truecount="0" falsecount="1"/>
        <line num="574" count="0" type="stmt"/>
        <line num="587" count="0" type="stmt"/>
        <line num="589" count="1" type="cond" truecount="0" falsecount="1"/>
        <line num="590" count="0" type="stmt"/>
        <line num="591" count="0" type="stmt"/>
        <line num="592" count="1" type="stmt"/>
        <line num="593" count="1" type="stmt"/>
        <line num="597" count="4" type="stmt"/>
        <line num="598" count="4" type="cond" truecount="1" falsecount="0"/>
        <line num="599" count="1" type="stmt"/>
        <line num="600" count="1" type="stmt"/>
        <line num="602" count="4" type="stmt"/>
        <line num="603" count="4" type="stmt"/>
        <line num="604" count="0" type="stmt"/>
        <line num="605" count="0" type="stmt"/>
        <line num="606" count="0" type="stmt"/>
        <line num="607" count="4" type="stmt"/>
        <line num="609" count="14" type="stmt"/>
        <line num="610" count="14" type="cond" truecount="1" falsecount="0"/>
        <line num="611" count="4" type="stmt"/>
        <line num="612" count="4" type="stmt"/>
        <line num="613" count="4" type="stmt"/>
        <line num="614" count="4" type="stmt"/>
        <line num="615" count="4" type="stmt"/>
        <line num="616" count="4" type="cond" truecount="0" falsecount="1"/>
        <line num="617" count="0" type="stmt"/>
        <line num="618" count="0" type="stmt"/>
        <line num="619" count="4" type="cond" truecount="0" falsecount="1"/>
        <line num="620" count="0" type="stmt"/>
        <line num="621" count="0" type="stmt"/>
        <line num="622" count="4" type="stmt"/>
        <line num="623" count="14" type="stmt"/>
        <line num="625" count="14" type="stmt"/>
        <line num="626" count="14" type="stmt"/>
        <line num="627" count="0" type="stmt"/>
        <line num="628" count="0" type="stmt"/>
        <line num="629" count="0" type="stmt"/>
        <line num="630" count="0" type="stmt"/>
        <line num="631" count="0" type="stmt"/>
        <line num="632" count="0" type="stmt"/>
        <line num="633" count="0" type="stmt"/>
        <line num="634" count="0" type="stmt"/>
        <line num="635" count="0" type="stmt"/>
        <line num="636" count="0" type="stmt"/>
        <line num="638" count="14" type="stmt"/>
        <line num="639" count="0" type="stmt"/>
        <line num="640" count="0" type="stmt"/>
        <line num="641" count="0" type="stmt"/>
        <line num="642" count="0" type="stmt"/>
        <line num="643" count="0" type="stmt"/>
        <line num="644" count="0" type="stmt"/>
        <line num="645" count="0" type="stmt"/>
        <line num="646" count="0" type="stmt"/>
        <line num="647" count="0" type="stmt"/>
        <line num="648" count="0" type="stmt"/>
        <line num="649" count="0" type="stmt"/>
        <line num="650" count="0" type="stmt"/>
        <line num="651" count="14" type="stmt"/>
        <line num="653" count="14" type="cond" truecount="1" falsecount="0"/>
        <line num="654" count="9" type="cond" truecount="2" falsecount="0"/>
        <line num="655" count="3" type="stmt"/>
        <line num="656" count="3" type="stmt"/>
        <line num="657" count="3" type="stmt"/>
        <line num="658" count="14" type="stmt"/>
        <line num="660" count="14" type="cond" truecount="1" falsecount="0"/>
        <line num="661" count="4" type="stmt"/>
        <line num="662" count="14" type="stmt"/>
        <line num="664" count="14" type="cond" truecount="1" falsecount="0"/>
        <line num="665" count="6" type="stmt"/>
        <line num="667" count="6" type="stmt"/>
        <line num="668" count="6" type="stmt"/>
        <line num="669" count="6" type="stmt"/>
        <line num="670" count="6" type="stmt"/>
        <line num="671" count="6" type="stmt"/>
        <line num="672" count="6" type="stmt"/>
        <line num="673" count="6" type="stmt"/>
        <line num="674" count="6" type="stmt"/>
        <line num="675" count="6" type="stmt"/>
        <line num="677" count="6" type="stmt"/>
        <line num="679" count="6" type="cond" truecount="0" falsecount="1"/>
        <line num="680" count="0" type="stmt"/>
        <line num="681" count="0" type="stmt"/>
        <line num="683" count="6" type="stmt"/>
        <line num="684" count="6" type="stmt"/>
        <line num="685" count="6" type="stmt"/>
        <line num="686" count="6" type="stmt"/>
        <line num="688" count="6" type="stmt"/>
        <line num="689" count="6" type="cond" truecount="0" falsecount="1"/>
        <line num="690" count="0" type="stmt"/>
        <line num="691" count="0" type="stmt"/>
        <line num="692" count="0" type="stmt"/>
        <line num="693" count="6" type="stmt"/>
        <line num="694" count="14" type="stmt"/>
        <line num="695" count="14" type="cond" truecount="1" falsecount="0"/>
        <line num="696" count="3" type="stmt"/>
        <line num="697" count="3" type="stmt"/>
        <line num="698" count="3" type="stmt"/>
        <line num="699" count="3" type="stmt"/>
        <line num="700" count="3" type="stmt"/>
        <line num="701" count="3" type="stmt"/>
        <line num="702" count="3" type="stmt"/>
        <line num="703" count="3" type="stmt"/>
        <line num="704" count="3" type="stmt"/>
        <line num="707" count="3" type="cond" truecount="0" falsecount="1"/>
        <line num="708" count="0" type="stmt"/>
        <line num="709" count="0" type="stmt"/>
        <line num="711" count="3" type="stmt"/>
        <line num="712" count="3" type="stmt"/>
        <line num="713" count="3" type="stmt"/>
        <line num="714" count="3" type="stmt"/>
        <line num="715" count="3" type="cond" truecount="0" falsecount="1"/>
        <line num="716" count="0" type="stmt"/>
        <line num="717" count="0" type="stmt"/>
        <line num="718" count="0" type="stmt"/>
        <line num="719" count="3" type="stmt"/>
        <line num="721" count="14" type="stmt"/>
        <line num="722" count="14" type="cond" truecount="1" falsecount="0"/>
        <line num="723" count="6" type="stmt"/>
        <line num="724" count="6" type="stmt"/>
        <line num="725" count="6" type="stmt"/>
        <line num="726" count="6" type="stmt"/>
        <line num="727" count="6" type="stmt"/>
        <line num="728" count="6" type="stmt"/>
        <line num="729" count="6" type="stmt"/>
        <line num="730" count="6" type="stmt"/>
        <line num="731" count="6" type="stmt"/>
        <line num="732" count="6" type="cond" truecount="1" falsecount="0"/>
        <line num="735" count="6" type="stmt"/>
        <line num="736" count="6" type="stmt"/>
        <line num="737" count="6" type="stmt"/>
        <line num="738" count="6" type="stmt"/>
        <line num="739" count="6" type="stmt"/>
        <line num="742" count="6" type="cond" truecount="1" falsecount="0"/>
        <line num="743" count="24" type="stmt"/>
        <line num="745" count="24" type="cond" truecount="0" falsecount="1"/>
        <line num="746" count="0" type="stmt"/>
        <line num="747" count="0" type="stmt"/>
        <line num="748" count="0" type="stmt"/>
        <line num="749" count="0" type="stmt"/>
        <line num="750" count="0" type="stmt"/>
        <line num="751" count="0" type="stmt"/>
        <line num="753" count="0" type="stmt"/>
        <line num="754" count="0" type="stmt"/>
        <line num="755" count="0" type="stmt"/>
        <line num="756" count="0" type="stmt"/>
        <line num="757" count="0" type="stmt"/>
        <line num="758" count="0" type="stmt"/>
        <line num="759" count="0" type="stmt"/>
        <line num="760" count="0" type="stmt"/>
        <line num="761" count="0" type="stmt"/>
        <line num="762" count="0" type="stmt"/>
        <line num="763" count="0" type="stmt"/>
        <line num="764" count="0" type="stmt"/>
        <line num="766" count="0" type="stmt"/>
        <line num="767" count="24" type="stmt"/>
        <line num="768" count="24" type="stmt"/>
        <line num="769" count="24" type="stmt"/>
        <line num="770" count="24" type="stmt"/>
        <line num="771" count="6" type="stmt"/>
        <line num="772" count="6" type="stmt"/>
        <line num="773" count="6" type="stmt"/>
        <line num="774" count="6" type="stmt"/>
        <line num="775" count="6" type="cond" truecount="0" falsecount="1"/>
        <line num="776" count="0" type="stmt"/>
        <line num="777" count="0" type="stmt"/>
        <line num="778" count="6" type="stmt"/>
        <line num="780" count="14" type="cond" truecount="1" falsecount="0"/>
        <line num="781" count="4" type="stmt"/>
        <line num="782" count="4" type="stmt"/>
        <line num="783" count="4" type="stmt"/>
        <line num="784" count="14" type="stmt"/>
        <line num="786" count="14" type="cond" truecount="1" falsecount="0"/>
        <line num="787" count="5" type="cond" truecount="1" falsecount="0"/>
        <line num="788" count="3" type="cond" truecount="1" falsecount="0"/>
        <line num="789" count="3" type="stmt"/>
        <line num="790" count="3" type="stmt"/>
        <line num="791" count="3" type="stmt"/>
        <line num="792" count="14" type="stmt"/>
        <line num="794" count="14" type="stmt"/>
        <line num="795" count="14" type="stmt"/>
        <line num="796" count="0" type="stmt"/>
        <line num="797" count="0" type="stmt"/>
        <line num="798" count="0" type="stmt"/>
        <line num="799" count="0" type="stmt"/>
        <line num="800" count="0" type="stmt"/>
        <line num="801" count="0" type="stmt"/>
        <line num="802" count="0" type="stmt"/>
        <line num="803" count="0" type="stmt"/>
        <line num="804" count="0" type="stmt"/>
        <line num="805" count="0" type="stmt"/>
        <line num="806" count="0" type="stmt"/>
        <line num="807" count="0" type="stmt"/>
        <line num="808" count="14" type="stmt"/>
        <line num="809" count="14" type="stmt"/>
        <line num="810" count="0" type="stmt"/>
        <line num="811" count="0" type="stmt"/>
        <line num="813" count="0" type="stmt"/>
        <line num="814" count="0" type="stmt"/>
        <line num="815" count="0" type="stmt"/>
        <line num="817" count="0" type="stmt"/>
        <line num="818" count="0" type="stmt"/>
        <line num="819" count="0" type="stmt"/>
        <line num="820" count="0" type="stmt"/>
        <line num="821" count="14" type="cond" truecount="1" falsecount="0"/>
        <line num="822" count="4" type="stmt"/>
        <line num="824" count="4" type="stmt"/>
        <line num="826" count="4" type="stmt"/>
        <line num="827" count="4" type="stmt"/>
        <line num="828" count="4" type="stmt"/>
        <line num="829" count="4" type="cond" truecount="0" falsecount="1"/>
        <line num="830" count="0" type="stmt"/>
        <line num="832" count="0" type="stmt"/>
        <line num="833" count="0" type="stmt"/>
        <line num="834" count="0" type="stmt"/>
        <line num="835" count="0" type="stmt"/>
        <line num="836" count="0" type="stmt"/>
        <line num="837" count="0" type="stmt"/>
        <line num="838" count="0" type="stmt"/>
        <line num="839" count="0" type="stmt"/>
        <line num="840" count="0" type="stmt"/>
        <line num="841" count="0" type="stmt"/>
        <line num="842" count="0" type="stmt"/>
        <line num="843" count="0" type="stmt"/>
        <line num="844" count="0" type="stmt"/>
        <line num="845" count="0" type="stmt"/>
        <line num="846" count="0" type="stmt"/>
        <line num="847" count="0" type="stmt"/>
        <line num="848" count="0" type="stmt"/>
        <line num="849" count="0" type="stmt"/>
        <line num="850" count="0" type="stmt"/>
        <line num="852" count="14" type="cond" truecount="1" falsecount="0"/>
        <line num="853" count="4" type="cond" truecount="0" falsecount="1"/>
        <line num="854" count="0" type="stmt"/>
        <line num="855" count="0" type="stmt"/>
        <line num="856" count="0" type="stmt"/>
        <line num="857" count="14" type="stmt"/>
        <line num="859" count="14" type="cond" truecount="1" falsecount="0"/>
        <line num="860" count="4" type="stmt"/>
        <line num="861" count="14" type="stmt"/>
        <line num="863" count="14" type="stmt"/>
        <line num="864" count="0" type="stmt"/>
        <line num="865" count="0" type="stmt"/>
        <line num="866" count="0" type="stmt"/>
        <line num="867" count="0" type="stmt"/>
        <line num="868" count="0" type="stmt"/>
        <line num="869" count="0" type="stmt"/>
        <line num="870" count="0" type="stmt"/>
        <line num="871" count="0" type="stmt"/>
        <line num="872" count="0" type="stmt"/>
        <line num="873" count="0" type="stmt"/>
        <line num="874" count="0" type="stmt"/>
        <line num="875" count="0" type="stmt"/>
        <line num="876" count="0" type="stmt"/>
        <line num="877" count="0" type="stmt"/>
        <line num="878" count="0" type="stmt"/>
        <line num="879" count="0" type="stmt"/>
        <line num="881" count="0" type="stmt"/>
        <line num="882" count="0" type="stmt"/>
        <line num="883" count="0" type="stmt"/>
        <line num="884" count="0" type="stmt"/>
        <line num="886" count="0" type="stmt"/>
        <line num="887" count="0" type="stmt"/>
        <line num="889" count="14" type="cond" truecount="1" falsecount="0"/>
        <line num="890" count="6" type="stmt"/>
        <line num="891" count="6" type="stmt"/>
        <line num="892" count="14" type="stmt"/>
        <line num="894" count="14" type="stmt"/>
        <line num="895" count="14" type="stmt"/>
        <line num="896" count="0" type="stmt"/>
        <line num="897" count="0" type="stmt"/>
        <line num="898" count="0" type="stmt"/>
        <line num="899" count="0" type="stmt"/>
        <line num="900" count="0" type="stmt"/>
        <line num="903" count="0" type="stmt"/>
        <line num="904" count="0" type="stmt"/>
        <line num="905" count="0" type="stmt"/>
        <line num="906" count="0" type="stmt"/>
        <line num="907" count="0" type="stmt"/>
        <line num="908" count="0" type="stmt"/>
        <line num="909" count="0" type="stmt"/>
        <line num="910" count="0" type="stmt"/>
        <line num="911" count="0" type="stmt"/>
        <line num="912" count="0" type="stmt"/>
        <line num="913" count="0" type="stmt"/>
        <line num="914" count="0" type="stmt"/>
        <line num="915" count="0" type="stmt"/>
        <line num="916" count="0" type="stmt"/>
        <line num="917" count="0" type="stmt"/>
        <line num="918" count="0" type="stmt"/>
        <line num="919" count="0" type="stmt"/>
        <line num="920" count="0" type="stmt"/>
        <line num="922" count="14" type="cond" truecount="1" falsecount="0"/>
        <line num="923" count="5" type="stmt"/>
        <line num="925" count="5" type="cond" truecount="2" falsecount="0"/>
        <line num="926" count="3" type="stmt"/>
        <line num="927" count="0" type="stmt"/>
        <line num="928" count="3" type="stmt"/>
        <line num="929" count="5" type="cond" truecount="1" falsecount="2"/>
        <line num="930" count="0" type="stmt"/>
        <line num="931" count="0" type="stmt"/>
        <line num="933" count="5" type="cond" truecount="1" falsecount="0"/>
        <line num="934" count="5" type="cond" truecount="1" falsecount="0"/>
        <line num="935" count="3" type="stmt"/>
        <line num="936" count="3" type="stmt"/>
        <line num="937" count="5" type="stmt"/>
        <line num="938" count="14" type="stmt"/>
        <line num="940" count="14" type="stmt"/>
        <line num="941" count="14" type="stmt"/>
        <line num="942" count="0" type="stmt"/>
        <line num="943" count="0" type="stmt"/>
        <line num="944" count="0" type="stmt"/>
        <line num="946" count="0" type="stmt"/>
        <line num="947" count="0" type="stmt"/>
        <line num="948" count="0" type="stmt"/>
        <line num="949" count="0" type="stmt"/>
        <line num="950" count="0" type="stmt"/>
        <line num="951" count="0" type="stmt"/>
        <line num="952" count="0" type="stmt"/>
        <line num="954" count="14" type="stmt"/>
        <line num="955" count="0" type="stmt"/>
        <line num="956" count="0" type="stmt"/>
        <line num="957" count="0" type="stmt"/>
        <line num="958" count="0" type="stmt"/>
        <line num="960" count="14" type="stmt"/>
        <line num="961" count="0" type="stmt"/>
        <line num="962" count="0" type="stmt"/>
        <line num="963" count="0" type="stmt"/>
        <line num="965" count="14" type="stmt"/>
        <line num="966" count="0" type="stmt"/>
        <line num="967" count="0" type="stmt"/>
        <line num="969" count="14" type="stmt"/>
        <line num="970" count="14" type="cond" truecount="1" falsecount="0"/>
        <line num="971" count="4" type="stmt"/>
        <line num="972" count="4" type="stmt"/>
        <line num="973" count="4" type="cond" truecount="0" falsecount="1"/>
        <line num="974" count="4" type="stmt"/>
        <line num="976" count="14" type="stmt"/>
        <line num="977" count="0" type="stmt"/>
        <line num="978" count="0" type="stmt"/>
        <line num="980" count="14" type="stmt"/>
        <line num="981" count="14" type="stmt"/>
        <line num="983" count="14" type="stmt"/>
        <line num="984" count="14" type="stmt"/>
        <line num="985" count="14" type="stmt"/>
        <line num="989" count="14" type="stmt"/>
        <line num="990" count="14" type="stmt"/>
        <line num="991" count="14" type="stmt"/>
        <line num="993" count="14" type="stmt"/>
        <line num="994" count="14" type="stmt"/>
        <line num="995" count="14" type="stmt"/>
        <line num="996" count="14" type="stmt"/>
        <line num="999" count="14" type="stmt"/>
        <line num="1000" count="14" type="stmt"/>
        <line num="1001" count="14" type="stmt"/>
        <line num="1002" count="14" type="stmt"/>
        <line num="1004" count="14" type="stmt"/>
        <line num="1007" count="14" type="stmt"/>
        <line num="1008" count="14" type="stmt"/>
        <line num="1009" count="14" type="stmt"/>
        <line num="1010" count="14" type="stmt"/>
        <line num="1011" count="14" type="stmt"/>
        <line num="1014" count="14" type="stmt"/>
        <line num="1015" count="14" type="stmt"/>
        <line num="1016" count="14" type="stmt"/>
        <line num="1019" count="14" type="stmt"/>
        <line num="1020" count="14" type="stmt"/>
        <line num="1021" count="14" type="stmt"/>
        <line num="1027" count="14" type="stmt"/>
        <line num="1028" count="14" type="stmt"/>
        <line num="1029" count="14" type="stmt"/>
        <line num="1030" count="14" type="stmt"/>
        <line num="1031" count="14" type="stmt"/>
        <line num="1032" count="14" type="cond" truecount="1" falsecount="0"/>
        <line num="1033" count="14" type="stmt"/>
        <line num="1037" count="14" type="stmt"/>
        <line num="1045" count="14" type="stmt"/>
        <line num="1046" count="14" type="stmt"/>
        <line num="1049" count="14" type="stmt"/>
        <line num="1050" count="14" type="stmt"/>
        <line num="1051" count="14" type="stmt"/>
        <line num="1052" count="14" type="stmt"/>
        <line num="1057" count="14" type="stmt"/>
        <line num="1058" count="14" type="stmt"/>
        <line num="1059" count="14" type="stmt"/>
        <line num="1060" count="14" type="stmt"/>
        <line num="1063" count="14" type="stmt"/>
        <line num="1068" count="14" type="stmt"/>
        <line num="1069" count="14" type="stmt"/>
        <line num="1070" count="14" type="stmt"/>
        <line num="1071" count="14" type="stmt"/>
        <line num="1077" count="14" type="stmt"/>
        <line num="1078" count="14" type="stmt"/>
        <line num="1079" count="14" type="stmt"/>
        <line num="1080" count="14" type="stmt"/>
        <line num="1081" count="14" type="stmt"/>
        <line num="1082" count="14" type="stmt"/>
        <line num="1083" count="14" type="stmt"/>
        <line num="1084" count="14" type="stmt"/>
        <line num="1085" count="14" type="stmt"/>
        <line num="1086" count="14" type="stmt"/>
        <line num="1087" count="14" type="stmt"/>
        <line num="1092" count="14" type="stmt"/>
        <line num="1093" count="14" type="stmt"/>
        <line num="1094" count="14" type="stmt"/>
        <line num="1095" count="14" type="stmt"/>
        <line num="1096" count="14" type="stmt"/>
        <line num="1097" count="14" type="stmt"/>
        <line num="1098" count="14" type="stmt"/>
        <line num="1099" count="14" type="stmt"/>
        <line num="1101" count="14" type="stmt"/>
        <line num="1102" count="14" type="stmt"/>
        <line num="1103" count="14" type="stmt"/>
        <line num="1109" count="14" type="stmt"/>
        <line num="1110" count="14" type="stmt"/>
        <line num="1111" count="14" type="stmt"/>
        <line num="1112" count="14" type="stmt"/>
        <line num="1113" count="14" type="stmt"/>
        <line num="1114" count="14" type="stmt"/>
        <line num="1115" count="14" type="stmt"/>
        <line num="1116" count="14" type="stmt"/>
        <line num="1118" count="14" type="stmt"/>
        <line num="1119" count="14" type="stmt"/>
        <line num="1120" count="14" type="stmt"/>
        <line num="1126" count="14" type="stmt"/>
        <line num="1127" count="14" type="stmt"/>
        <line num="1128" count="14" type="stmt"/>
        <line num="1129" count="14" type="stmt"/>
        <line num="1130" count="14" type="stmt"/>
        <line num="1131" count="14" type="stmt"/>
        <line num="1132" count="14" type="stmt"/>
        <line num="1134" count="14" type="stmt"/>
        <line num="1135" count="14" type="stmt"/>
        <line num="1136" count="14" type="stmt"/>
        <line num="1144" count="14" type="stmt"/>
        <line num="1145" count="14" type="stmt"/>
        <line num="1146" count="14" type="stmt"/>
        <line num="1147" count="14" type="stmt"/>
        <line num="1148" count="14" type="stmt"/>
        <line num="1149" count="14" type="stmt"/>
        <line num="1151" count="14" type="stmt"/>
        <line num="1153" count="14" type="stmt"/>
        <line num="1154" count="14" type="stmt"/>
        <line num="1155" count="14" type="stmt"/>
        <line num="1156" count="14" type="stmt"/>
        <line num="1157" count="14" type="stmt"/>
        <line num="1160" count="14" type="stmt"/>
        <line num="1161" count="14" type="stmt"/>
        <line num="1162" count="14" type="stmt"/>
        <line num="1163" count="14" type="stmt"/>
        <line num="1164" count="14" type="stmt"/>
        <line num="1165" count="14" type="stmt"/>
        <line num="1167" count="14" type="stmt"/>
        <line num="1168" count="14" type="stmt"/>
        <line num="1169" count="14" type="stmt"/>
        <line num="1177" count="14" type="stmt"/>
        <line num="1178" count="14" type="cond" truecount="2" falsecount="0"/>
        <line num="1180" count="14" type="cond" truecount="0" falsecount="1"/>
        <line num="1181" count="0" type="stmt"/>
        <line num="1182" count="0" type="stmt"/>
        <line num="1183" count="0" type="stmt"/>
        <line num="1184" count="0" type="stmt"/>
        <line num="1186" count="0" type="stmt"/>
        <line num="1187" count="0" type="stmt"/>
        <line num="1188" count="0" type="stmt"/>
        <line num="1189" count="0" type="stmt"/>
        <line num="1190" count="0" type="stmt"/>
        <line num="1191" count="0" type="stmt"/>
        <line num="1192" count="0" type="stmt"/>
        <line num="1193" count="0" type="stmt"/>
        <line num="1194" count="0" type="stmt"/>
        <line num="1195" count="0" type="stmt"/>
        <line num="1196" count="0" type="stmt"/>
        <line num="1197" count="0" type="stmt"/>
        <line num="1198" count="0" type="stmt"/>
        <line num="1199" count="0" type="stmt"/>
        <line num="1200" count="0" type="stmt"/>
        <line num="1201" count="0" type="stmt"/>
        <line num="1204" count="0" type="stmt"/>
        <line num="1208" count="14" type="stmt"/>
        <line num="1209" count="14" type="cond" truecount="2" falsecount="0"/>
        <line num="1210" count="14" type="stmt"/>
        <line num="1211" count="14" type="stmt"/>
        <line num="1212" count="14" type="stmt"/>
        <line num="1213" count="14" type="stmt"/>
        <line num="1214" count="14" type="stmt"/>
        <line num="1215" count="14" type="stmt"/>
        <line num="1216" count="0" type="cond" truecount="0" falsecount="1"/>
        <line num="1217" count="14" type="stmt"/>
        <line num="1219" count="14" type="stmt"/>
        <line num="1220" count="14" type="stmt"/>
        <line num="1221" count="14" type="cond" truecount="0" falsecount="1"/>
        <line num="1222" count="0" type="stmt"/>
        <line num="1223" count="14" type="cond" truecount="0" falsecount="1"/>
        <line num="1224" count="0" type="stmt"/>
        <line num="1225" count="14" type="stmt"/>
        <line num="1227" count="14" type="stmt"/>
        <line num="1228" count="14" type="stmt"/>
        <line num="1229" count="14" type="stmt"/>
        <line num="1230" count="0" type="cond" truecount="0" falsecount="1"/>
        <line num="1231" count="14" type="stmt"/>
        <line num="1236" count="14" type="stmt"/>
        <line num="1237" count="14" type="stmt"/>
        <line num="1238" count="14" type="stmt"/>
        <line num="1239" count="14" type="stmt"/>
        <line num="1240" count="0" type="stmt"/>
        <line num="1241" count="0" type="stmt"/>
        <line num="1242" count="0" type="stmt"/>
        <line num="1243" count="14" type="stmt"/>
        <line num="1244" count="14" type="stmt"/>
        <line num="1249" count="14" type="stmt"/>
        <line num="1252" count="14" type="stmt"/>
        <line num="1253" count="14" type="stmt"/>
        <line num="1257" count="14" type="stmt"/>
        <line num="1258" count="14" type="stmt"/>
        <line num="1259" count="14" type="stmt"/>
        <line num="1260" count="14" type="stmt"/>
        <line num="1261" count="14" type="stmt"/>
        <line num="1262" count="14" type="stmt"/>
        <line num="1269" count="14" type="stmt"/>
        <line num="1271" count="1" type="stmt"/>
      </file>
      <file name="buttonspage.jsx" path="/home/nicolas/Escritorio/front/src/components/buttonspage.jsx">
        <metrics statements="38" coveredstatements="0" conditionals="1" coveredconditionals="0" methods="1" coveredmethods="0"/>
        <line num="1" count="0" type="cond" truecount="0" falsecount="1"/>
        <line num="3" count="0" type="stmt"/>
        <line num="4" count="0" type="stmt"/>
        <line num="6" count="0" type="stmt"/>
        <line num="7" count="0" type="stmt"/>
        <line num="8" count="0" type="stmt"/>
        <line num="9" count="0" type="stmt"/>
        <line num="10" count="0" type="stmt"/>
        <line num="11" count="0" type="stmt"/>
        <line num="12" count="0" type="stmt"/>
        <line num="13" count="0" type="stmt"/>
        <line num="14" count="0" type="stmt"/>
        <line num="15" count="0" type="stmt"/>
        <line num="17" count="0" type="stmt"/>
        <line num="18" count="0" type="stmt"/>
        <line num="19" count="0" type="stmt"/>
        <line num="20" count="0" type="stmt"/>
        <line num="21" count="0" type="stmt"/>
        <line num="22" count="0" type="stmt"/>
        <line num="23" count="0" type="stmt"/>
        <line num="24" count="0" type="stmt"/>
        <line num="25" count="0" type="stmt"/>
        <line num="27" count="0" type="stmt"/>
        <line num="28" count="0" type="stmt"/>
        <line num="29" count="0" type="stmt"/>
        <line num="31" count="0" type="stmt"/>
        <line num="32" count="0" type="stmt"/>
        <line num="33" count="0" type="stmt"/>
        <line num="34" count="0" type="stmt"/>
        <line num="35" count="0" type="stmt"/>
        <line num="36" count="0" type="stmt"/>
        <line num="37" count="0" type="stmt"/>
        <line num="39" count="0" type="stmt"/>
        <line num="40" count="0" type="stmt"/>
        <line num="41" count="0" type="stmt"/>
        <line num="44" count="0" type="stmt"/>
        <line num="49" count="0" type="stmt"/>
        <line num="51" count="0" type="stmt"/>
      </file>
      <file name="chat.jsx" path="/home/nicolas/Escritorio/front/src/components/chat.jsx">
        <metrics statements="64" coveredstatements="36" conditionals="10" coveredconditionals="8" methods="4" coveredmethods="2"/>
        <line num="1" count="1" type="stmt"/>
        <line num="2" count="1" type="stmt"/>
        <line num="4" count="1" type="cond" truecount="1" falsecount="0"/>
        <line num="5" count="16" type="stmt"/>
        <line num="6" count="16" type="stmt"/>
        <line num="9" count="16" type="stmt"/>
        <line num="10" count="0" type="stmt"/>
        <line num="11" count="0" type="stmt"/>
        <line num="12" count="0" type="stmt"/>
        <line num="13" count="0" type="stmt"/>
        <line num="14" count="0" type="stmt"/>
        <line num="15" count="0" type="stmt"/>
        <line num="16" count="0" type="stmt"/>
        <line num="17" count="0" type="stmt"/>
        <line num="18" count="0" type="stmt"/>
        <line num="19" count="0" type="stmt"/>
        <line num="20" count="0" type="stmt"/>
        <line num="21" count="0" type="stmt"/>
        <line num="22" count="0" type="stmt"/>
        <line num="23" count="0" type="stmt"/>
        <line num="24" count="0" type="stmt"/>
        <line num="27" count="0" type="stmt"/>
        <line num="28" count="0" type="stmt"/>
        <line num="29" count="0" type="stmt"/>
        <line num="30" count="0" type="stmt"/>
        <line num="31" count="0" type="stmt"/>
        <line num="32" count="0" type="stmt"/>
        <line num="33" count="0" type="stmt"/>
        <line num="34" count="0" type="stmt"/>
        <line num="35" count="0" type="stmt"/>
        <line num="36" count="0" type="stmt"/>
        <line num="37" count="0" type="stmt"/>
        <line num="39" count="16" type="cond" truecount="1" falsecount="0"/>
        <line num="40" count="16" type="cond" truecount="1" falsecount="0"/>
        <line num="41" count="1" type="stmt"/>
        <line num="42" count="1" type="stmt"/>
        <line num="43" count="16" type="stmt"/>
        <line num="45" count="16" type="cond" truecount="1" falsecount="0"/>
        <line num="46" count="15" type="cond" truecount="2" falsecount="0"/>
        <line num="47" count="1" type="stmt"/>
        <line num="48" count="1" type="cond" truecount="0" falsecount="1"/>
        <line num="49" count="0" type="stmt"/>
        <line num="50" count="0" type="stmt"/>
        <line num="51" count="1" type="stmt"/>
        <line num="52" count="16" type="stmt"/>
        <line num="54" count="16" type="stmt"/>
        <line num="55" count="16" type="stmt"/>
        <line num="56" count="16" type="cond" truecount="1" falsecount="0"/>
        <line num="58" count="16" type="cond" truecount="1" falsecount="0"/>
        <line num="61" count="16" type="stmt"/>
        <line num="62" count="16" type="stmt"/>
        <line num="63" count="16" type="stmt"/>
        <line num="64" count="16" type="stmt"/>
        <line num="65" count="16" type="stmt"/>
        <line num="66" count="16" type="cond" truecount="0" falsecount="1"/>
        <line num="70" count="16" type="stmt"/>
        <line num="71" count="16" type="stmt"/>
        <line num="72" count="16" type="stmt"/>
        <line num="73" count="16" type="stmt"/>
        <line num="74" count="16" type="stmt"/>
        <line num="75" count="16" type="stmt"/>
        <line num="77" count="16" type="stmt"/>
        <line num="83" count="16" type="stmt"/>
        <line num="85" count="1" type="stmt"/>
      </file>
      <file name="createformpage.jsx" path="/home/nicolas/Escritorio/front/src/components/createformpage.jsx">
        <metrics statements="234" coveredstatements="186" conditionals="16" coveredconditionals="7" methods="9" coveredmethods="6"/>
        <line num="1" count="1" type="stmt"/>
        <line num="2" count="1" type="stmt"/>
        <line num="4" count="1" type="cond" truecount="1" falsecount="0"/>
        <line num="5" count="20" type="stmt"/>
        <line num="6" count="20" type="stmt"/>
        <line num="7" count="20" type="stmt"/>
        <line num="8" count="20" type="stmt"/>
        <line num="9" count="20" type="stmt"/>
        <line num="10" count="20" type="stmt"/>
        <line num="11" count="20" type="stmt"/>
        <line num="12" count="20" type="stmt"/>
        <line num="13" count="20" type="stmt"/>
        <line num="16" count="20" type="stmt"/>
        <line num="17" count="20" type="stmt"/>
        <line num="18" count="20" type="stmt"/>
        <line num="19" count="20" type="stmt"/>
        <line num="20" count="20" type="stmt"/>
        <line num="22" count="20" type="stmt"/>
        <line num="23" count="0" type="stmt"/>
        <line num="24" count="0" type="stmt"/>
        <line num="25" count="0" type="stmt"/>
        <line num="26" count="0" type="stmt"/>
        <line num="27" count="0" type="stmt"/>
        <line num="28" count="0" type="stmt"/>
        <line num="29" count="0" type="stmt"/>
        <line num="30" count="0" type="stmt"/>
        <line num="31" count="0" type="stmt"/>
        <line num="33" count="0" type="stmt"/>
        <line num="34" count="0" type="stmt"/>
        <line num="35" count="0" type="stmt"/>
        <line num="37" count="0" type="stmt"/>
        <line num="38" count="0" type="stmt"/>
        <line num="40" count="0" type="stmt"/>
        <line num="41" count="0" type="stmt"/>
        <line num="42" count="0" type="stmt"/>
        <line num="43" count="0" type="stmt"/>
        <line num="44" count="0" type="stmt"/>
        <line num="45" count="0" type="stmt"/>
        <line num="47" count="20" type="stmt"/>
        <line num="48" count="20" type="cond" truecount="1" falsecount="0"/>
        <line num="50" count="1" type="stmt"/>
        <line num="51" count="1" type="stmt"/>
        <line num="53" count="1" type="stmt"/>
        <line num="55" count="1" type="cond" truecount="0" falsecount="1"/>
        <line num="56" count="0" type="stmt"/>
        <line num="57" count="0" type="stmt"/>
        <line num="58" count="0" type="stmt"/>
        <line num="59" count="0" type="stmt"/>
        <line num="61" count="1" type="cond" truecount="0" falsecount="1"/>
        <line num="62" count="0" type="stmt"/>
        <line num="63" count="0" type="stmt"/>
        <line num="64" count="0" type="stmt"/>
        <line num="66" count="1" type="cond" truecount="0" falsecount="1"/>
        <line num="67" count="0" type="stmt"/>
        <line num="68" count="0" type="stmt"/>
        <line num="69" count="0" type="stmt"/>
        <line num="71" count="1" type="cond" truecount="0" falsecount="1"/>
        <line num="72" count="0" type="stmt"/>
        <line num="73" count="0" type="stmt"/>
        <line num="74" count="0" type="stmt"/>
        <line num="76" count="1" type="stmt"/>
        <line num="77" count="1" type="stmt"/>
        <line num="78" count="1" type="stmt"/>
        <line num="79" count="1" type="stmt"/>
        <line num="80" count="1" type="cond" truecount="0" falsecount="1"/>
        <line num="81" count="1" type="stmt"/>
        <line num="82" count="1" type="stmt"/>
        <line num="83" count="1" type="stmt"/>
        <line num="84" count="1" type="stmt"/>
        <line num="85" count="1" type="stmt"/>
        <line num="86" count="1" type="stmt"/>
        <line num="88" count="1" type="stmt"/>
        <line num="89" count="1" type="stmt"/>
        <line num="91" count="1" type="stmt"/>
        <line num="92" count="1" type="stmt"/>
        <line num="93" count="1" type="stmt"/>
        <line num="94" count="1" type="stmt"/>
        <line num="95" count="1" type="stmt"/>
        <line num="96" count="1" type="stmt"/>
        <line num="97" count="1" type="stmt"/>
        <line num="98" count="1" type="stmt"/>
        <line num="99" count="1" type="stmt"/>
        <line num="101" count="1" type="stmt"/>
        <line num="102" count="1" type="stmt"/>
        <line num="103" count="1" type="stmt"/>
        <line num="104" count="1" type="cond" truecount="0" falsecount="1"/>
        <line num="106" count="0" type="stmt"/>
        <line num="107" count="0" type="stmt"/>
        <line num="108" count="0" type="stmt"/>
        <line num="109" count="0" type="stmt"/>
        <line num="110" count="0" type="stmt"/>
        <line num="111" count="0" type="stmt"/>
        <line num="112" count="0" type="stmt"/>
        <line num="114" count="1" type="stmt"/>
        <line num="115" count="1" type="stmt"/>
        <line num="116" count="1" type="stmt"/>
        <line num="117" count="1" type="stmt"/>
        <line num="118" count="1" type="stmt"/>
        <line num="119" count="1" type="stmt"/>
        <line num="120" count="1" type="stmt"/>
        <line num="122" count="20" type="cond" truecount="1" falsecount="0"/>
        <line num="123" count="5" type="stmt"/>
        <line num="125" count="5" type="stmt"/>
        <line num="126" count="5" type="stmt"/>
        <line num="127" count="5" type="stmt"/>
        <line num="128" count="5" type="stmt"/>
        <line num="129" count="5" type="stmt"/>
        <line num="131" count="20" type="stmt"/>
        <line num="132" count="20" type="cond" truecount="1" falsecount="0"/>
        <line num="133" count="10" type="stmt"/>
        <line num="134" count="10" type="stmt"/>
        <line num="135" count="10" type="stmt"/>
        <line num="136" count="10" type="stmt"/>
        <line num="137" count="10" type="cond" truecount="0" falsecount="1"/>
        <line num="138" count="0" type="stmt"/>
        <line num="139" count="0" type="stmt"/>
        <line num="140" count="10" type="stmt"/>
        <line num="142" count="20" type="stmt"/>
        <line num="143" count="20" type="cond" truecount="1" falsecount="0"/>
        <line num="144" count="1" type="stmt"/>
        <line num="145" count="1" type="stmt"/>
        <line num="146" count="1" type="stmt"/>
        <line num="147" count="1" type="stmt"/>
        <line num="148" count="1" type="cond" truecount="0" falsecount="1"/>
        <line num="149" count="0" type="stmt"/>
        <line num="150" count="0" type="stmt"/>
        <line num="151" count="1" type="stmt"/>
        <line num="153" count="20" type="stmt"/>
        <line num="154" count="20" type="cond" truecount="1" falsecount="0"/>
        <line num="155" count="1" type="stmt"/>
        <line num="156" count="1" type="stmt"/>
        <line num="157" count="1" type="stmt"/>
        <line num="158" count="1" type="stmt"/>
        <line num="159" count="1" type="cond" truecount="0" falsecount="1"/>
        <line num="160" count="0" type="stmt"/>
        <line num="161" count="0" type="stmt"/>
        <line num="162" count="1" type="stmt"/>
        <line num="164" count="20" type="stmt"/>
        <line num="165" count="20" type="stmt"/>
        <line num="166" count="0" type="stmt"/>
        <line num="167" count="0" type="stmt"/>
        <line num="169" count="20" type="cond" truecount="1" falsecount="0"/>
        <line num="170" count="20" type="stmt"/>
        <line num="171" count="20" type="stmt"/>
        <line num="173" count="20" type="stmt"/>
        <line num="174" count="20" type="stmt"/>
        <line num="177" count="20" type="stmt"/>
        <line num="178" count="20" type="stmt"/>
        <line num="179" count="20" type="stmt"/>
        <line num="180" count="20" type="stmt"/>
        <line num="181" count="20" type="stmt"/>
        <line num="182" count="20" type="stmt"/>
        <line num="183" count="20" type="stmt"/>
        <line num="184" count="20" type="stmt"/>
        <line num="185" count="20" type="stmt"/>
        <line num="186" count="20" type="stmt"/>
        <line num="187" count="20" type="stmt"/>
        <line num="190" count="20" type="stmt"/>
        <line num="194" count="20" type="stmt"/>
        <line num="195" count="20" type="stmt"/>
        <line num="196" count="20" type="stmt"/>
        <line num="199" count="20" type="stmt"/>
        <line num="200" count="20" type="stmt"/>
        <line num="201" count="20" type="stmt"/>
        <line num="202" count="20" type="stmt"/>
        <line num="203" count="20" type="stmt"/>
        <line num="204" count="20" type="stmt"/>
        <line num="205" count="20" type="stmt"/>
        <line num="206" count="20" type="stmt"/>
        <line num="207" count="20" type="stmt"/>
        <line num="208" count="20" type="stmt"/>
        <line num="209" count="20" type="stmt"/>
        <line num="210" count="20" type="stmt"/>
        <line num="213" count="20" type="stmt"/>
        <line num="216" count="20" type="stmt"/>
        <line num="217" count="20" type="stmt"/>
        <line num="218" count="20" type="stmt"/>
        <line num="219" count="20" type="stmt"/>
        <line num="220" count="20" type="stmt"/>
        <line num="221" count="20" type="stmt"/>
        <line num="222" count="20" type="stmt"/>
        <line num="223" count="20" type="stmt"/>
        <line num="224" count="20" type="stmt"/>
        <line num="225" count="20" type="stmt"/>
        <line num="226" count="20" type="stmt"/>
        <line num="229" count="20" type="stmt"/>
        <line num="232" count="20" type="stmt"/>
        <line num="233" count="20" type="stmt"/>
        <line num="234" count="20" type="stmt"/>
        <line num="235" count="20" type="stmt"/>
        <line num="236" count="20" type="stmt"/>
        <line num="237" count="20" type="stmt"/>
        <line num="238" count="20" type="stmt"/>
        <line num="239" count="20" type="stmt"/>
        <line num="240" count="20" type="stmt"/>
        <line num="241" count="20" type="stmt"/>
        <line num="242" count="20" type="stmt"/>
        <line num="245" count="20" type="stmt"/>
        <line num="249" count="20" type="stmt"/>
        <line num="250" count="20" type="stmt"/>
        <line num="251" count="20" type="stmt"/>
        <line num="252" count="20" type="stmt"/>
        <line num="253" count="20" type="stmt"/>
        <line num="254" count="20" type="stmt"/>
        <line num="255" count="20" type="stmt"/>
        <line num="256" count="20" type="stmt"/>
        <line num="257" count="20" type="stmt"/>
        <line num="258" count="20" type="stmt"/>
        <line num="259" count="20" type="stmt"/>
        <line num="262" count="20" type="stmt"/>
        <line num="263" count="20" type="stmt"/>
        <line num="264" count="20" type="stmt"/>
        <line num="265" count="20" type="stmt"/>
        <line num="266" count="20" type="stmt"/>
        <line num="267" count="20" type="stmt"/>
        <line num="268" count="20" type="stmt"/>
        <line num="269" count="20" type="stmt"/>
        <line num="275" count="20" type="stmt"/>
        <line num="276" count="20" type="stmt"/>
        <line num="277" count="20" type="stmt"/>
        <line num="278" count="20" type="stmt"/>
        <line num="279" count="20" type="stmt"/>
        <line num="280" count="20" type="stmt"/>
        <line num="281" count="20" type="stmt"/>
        <line num="282" count="20" type="stmt"/>
        <line num="283" count="20" type="stmt"/>
        <line num="284" count="20" type="stmt"/>
        <line num="285" count="20" type="stmt"/>
        <line num="286" count="20" type="stmt"/>
        <line num="291" count="20" type="stmt"/>
        <line num="293" count="20" type="stmt"/>
        <line num="296" count="20" type="stmt"/>
        <line num="299" count="20" type="stmt"/>
        <line num="301" count="1" type="stmt"/>
      </file>
      <file name="figuras.jsx" path="/home/nicolas/Escritorio/front/src/components/figuras.jsx">
        <metrics statements="30" coveredstatements="30" conditionals="7" coveredconditionals="7" methods="2" coveredmethods="2"/>
        <line num="1" count="1" type="stmt"/>
        <line num="3" count="1" type="cond" truecount="1" falsecount="0"/>
        <line num="4" count="18" type="stmt"/>
        <line num="5" count="18" type="stmt"/>
        <line num="7" count="18" type="stmt"/>
        <line num="8" count="18" type="cond" truecount="1" falsecount="0"/>
        <line num="9" count="10" type="stmt"/>
        <line num="10" count="10" type="stmt"/>
        <line num="11" count="10" type="stmt"/>
        <line num="12" count="10" type="stmt"/>
        <line num="13" count="10" type="stmt"/>
        <line num="14" count="10" type="stmt"/>
        <line num="15" count="10" type="stmt"/>
        <line num="17" count="10" type="cond" truecount="1" falsecount="0"/>
        <line num="18" count="10" type="cond" truecount="1" falsecount="0"/>
        <line num="19" count="10" type="cond" truecount="1" falsecount="0"/>
        <line num="20" count="10" type="stmt"/>
        <line num="21" count="10" type="cond" truecount="1" falsecount="0"/>
        <line num="22" count="1" type="stmt"/>
        <line num="23" count="1" type="stmt"/>
        <line num="24" count="1" type="stmt"/>
        <line num="25" count="10" type="stmt"/>
        <line num="27" count="18" type="stmt"/>
        <line num="29" count="18" type="stmt"/>
        <line num="30" count="18" type="cond" truecount="1" falsecount="0"/>
        <line num="31" count="10" type="stmt"/>
        <line num="32" count="18" type="stmt"/>
        <line num="34" count="18" type="stmt"/>
        <line num="35" count="18" type="stmt"/>
        <line num="37" count="1" type="stmt"/>
      </file>
      <file name="listgames.jsx" path="/home/nicolas/Escritorio/front/src/components/listgames.jsx">
        <metrics statements="374" coveredstatements="249" conditionals="67" coveredconditionals="47" methods="19" coveredmethods="15"/>
        <line num="1" count="1" type="stmt"/>
        <line num="3" count="1" type="cond" truecount="1" falsecount="0"/>
        <line num="4" count="63" type="stmt"/>
        <line num="5" count="63" type="stmt"/>
        <line num="6" count="63" type="cond" truecount="1" falsecount="0"/>
        <line num="7" count="5" type="stmt"/>
        <line num="8" count="5" type="stmt"/>
        <line num="9" count="63" type="stmt"/>
        <line num="10" count="63" type="stmt"/>
        <line num="11" count="63" type="stmt"/>
        <line num="12" count="63" type="stmt"/>
        <line num="13" count="63" type="stmt"/>
        <line num="14" count="63" type="stmt"/>
        <line num="15" count="63" type="stmt"/>
        <line num="16" count="63" type="stmt"/>
        <line num="17" count="63" type="stmt"/>
        <line num="18" count="63" type="stmt"/>
        <line num="19" count="63" type="stmt"/>
        <line num="21" count="63" type="cond" truecount="1" falsecount="0"/>
        <line num="22" count="5" type="cond" truecount="0" falsecount="1"/>
        <line num="23" count="5" type="stmt"/>
        <line num="24" count="5" type="stmt"/>
        <line num="26" count="5" type="cond" truecount="1" falsecount="0"/>
        <line num="27" count="5" type="stmt"/>
[...]
        <line num="217" count="2" type="stmt"/>
        <line num="218" count="2" type="cond" truecount="1" falsecount="0"/>
        <line num="219" count="2" type="stmt"/>
        <line num="220" count="2" type="stmt"/>
        <line num="221" count="2" type="stmt"/>
        <line num="223" count="2" type="stmt"/>
        <line num="224" count="2" type="cond" truecount="0" falsecount="1"/>
        <line num="225" count="0" type="stmt"/>
        <line num="227" count="0" type="stmt"/>
        <line num="228" count="0" type="stmt"/>
        <line num="230" count="0" type="stmt"/>
        <line num="231" count="0" type="stmt"/>
        <line num="232" count="0" type="stmt"/>
        <line num="233" count="0" type="stmt"/>
        <line num="235" count="0" type="stmt"/>
        <line num="236" count="0" type="stmt"/>
        <line num="237" count="0" type="stmt"/>
        <line num="238" count="0" type="stmt"/>
        <line num="239" count="0" type="stmt"/>
        <line num="240" count="0" type="stmt"/>
        <line num="241" count="0" type="stmt"/>
        <line num="242" count="0" type="stmt"/>
        <line num="243" count="0" type="stmt"/>
        <line num="244" count="2" type="cond" truecount="0" falsecount="1"/>
        <line num="245" count="0" type="stmt"/>
        <line num="246" count="0" type="stmt"/>
        <line num="247" count="0" type="stmt"/>
        <line num="248" count="0" type="stmt"/>
        <line num="249" count="0" type="stmt"/>
        <line num="250" count="0" type="stmt"/>
        <line num="251" count="2" type="cond" truecount="0" falsecount="1"/>
        <line num="252" count="0" type="stmt"/>
        <line num="253" count="0" type="stmt"/>
        <line num="254" count="0" type="stmt"/>
        <line num="255" count="0" type="stmt"/>
        <line num="256" count="0" type="stmt"/>
        <line num="257" count="0" type="stmt"/>
        <line num="258" count="2" type="cond" truecount="0" falsecount="1"/>
        <line num="259" count="0" type="stmt"/>
        <line num="260" count="0" type="stmt"/>
        <line num="261" count="0" type="stmt"/>
        <line num="262" count="0" type="stmt"/>
        <line num="263" count="0" type="stmt"/>
        <line num="264" count="0" type="stmt"/>
        <line num="265" count="2" type="cond" truecount="0" falsecount="1"/>
        <line num="266" count="0" type="stmt"/>
        <line num="267" count="0" type="stmt"/>
        <line num="268" count="0" type="stmt"/>
        <line num="269" count="0" type="stmt"/>
        <line num="270" count="2" type="stmt"/>
        <line num="271" count="2" type="stmt"/>
        <line num="272" count="2" type="stmt"/>
        <line num="273" count="2" type="stmt"/>
        <line num="274" count="2" type="stmt"/>
        <line num="275" count="2" type="stmt"/>
        <line num="276" count="2" type="stmt"/>
        <line num="277" count="2" type="stmt"/>
        <line num="278" count="2" type="stmt"/>
        <line num="279" count="2" type="cond" truecount="0" falsecount="1"/>
        <line num="280" count="2" type="stmt"/>
        <line num="281" count="2" type="stmt"/>
        <line num="282" count="2" type="stmt"/>
        <line num="284" count="63" type="stmt"/>
        <line num="285" count="63" type="stmt"/>
        <line num="287" count="0" type="stmt"/>
        <line num="288" count="0" type="stmt"/>
        <line num="289" count="0" type="stmt"/>
        <line num="290" count="0" type="stmt"/>
        <line num="291" count="0" type="stmt"/>
        <line num="293" count="0" type="stmt"/>
        <line num="295" count="0" type="stmt"/>
        <line num="296" count="0" type="stmt"/>
        <line num="297" count="0" type="stmt"/>
        <line num="298" count="0" type="stmt"/>
        <line num="300" count="0" type="stmt"/>
        <line num="301" count="0" type="stmt"/>
        <line num="302" count="0" type="stmt"/>
        <line num="303" count="0" type="stmt"/>
        <line num="304" count="0" type="stmt"/>
        <line num="305" count="0" type="stmt"/>
        <line num="307" count="0" type="stmt"/>
        <line num="308" count="0" type="stmt"/>
        <line num="309" count="0" type="stmt"/>
        <line num="311" count="0" type="stmt"/>
        <line num="312" count="0" type="stmt"/>
        <line num="313" count="0" type="stmt"/>
        <line num="314" count="0" type="stmt"/>
        <line num="315" count="0" type="stmt"/>
        <line num="316" count="0" type="stmt"/>
        <line num="319" count="0" type="stmt"/>
        <line num="320" count="0" type="stmt"/>
        <line num="321" count="0" type="stmt"/>
        <line num="323" count="0" type="stmt"/>
        <line num="325" count="0" type="stmt"/>
        <line num="326" count="0" type="stmt"/>
        <line num="327" count="0" type="stmt"/>
        <line num="328" count="0" type="stmt"/>
        <line num="331" count="63" type="stmt"/>
        <line num="332" count="63" type="cond" truecount="1" falsecount="0"/>
        <line num="333" count="35" type="cond" truecount="2" falsecount="0"/>
        <line num="334" count="5" type="stmt"/>
        <line num="335" count="5" type="stmt"/>
        <line num="336" count="5" type="stmt"/>
        <line num="337" count="5" type="stmt"/>
        <line num="338" count="63" type="stmt"/>
        <line num="340" count="63" type="stmt"/>
        <line num="341" count="63" type="cond" truecount="2" falsecount="0"/>
        <line num="342" count="30" type="stmt"/>
        <line num="343" count="30" type="stmt"/>
        <line num="344" count="30" type="stmt"/>
        <line num="345" count="30" type="stmt"/>
        <line num="346" count="30" type="cond" truecount="1" falsecount="0"/>
        <line num="347" count="5" type="stmt"/>
        <line num="348" count="5" type="stmt"/>
        <line num="349" count="5" type="stmt"/>
        <line num="350" count="5" type="stmt"/>
        <line num="351" count="5" type="stmt"/>
        <line num="353" count="30" type="stmt"/>
        <line num="354" count="30" type="stmt"/>
        <line num="355" count="30" type="stmt"/>
        <line num="356" count="30" type="cond" truecount="1" falsecount="0"/>
        <line num="357" count="30" type="stmt"/>
        <line num="358" count="30" type="stmt"/>
        <line num="360" count="30" type="stmt"/>
        <line num="364" count="30" type="cond" truecount="1" falsecount="0"/>
        <line num="366" count="33" type="stmt"/>
        <line num="367" count="63" type="cond" truecount="1" falsecount="0"/>
        <line num="368" count="7" type="stmt"/>
        <line num="369" count="7" type="cond" truecount="1" falsecount="0"/>
        <line num="371" count="63" type="cond" truecount="0" falsecount="1"/>
        <line num="372" count="0" type="stmt"/>
        <line num="373" count="0" type="cond" truecount="1" falsecount="0"/>
        <line num="375" count="26" type="stmt"/>
        <line num="376" count="26" type="stmt"/>
        <line num="377" count="26" type="stmt"/>
        <line num="378" count="26" type="stmt"/>
        <line num="379" count="63" type="cond" truecount="2" falsecount="0"/>
        <line num="380" count="63" type="cond" truecount="1" falsecount="0"/>
        <line num="381" count="63" type="stmt"/>
        <line num="384" count="63" type="stmt"/>
        <line num="385" count="63" type="cond" truecount="2" falsecount="0"/>
        <line num="386" count="63" type="cond" truecount="1" falsecount="0"/>
        <line num="387" count="63" type="stmt"/>
        <line num="391" count="63" type="stmt"/>
        <line num="392" count="63" type="stmt"/>
        <line num="393" count="63" type="stmt"/>
        <line num="394" count="63" type="stmt"/>
        <line num="395" count="63" type="cond" truecount="1" falsecount="0"/>
        <line num="396" count="25" type="cond" truecount="1" falsecount="0"/>
        <line num="397" count="1" type="stmt"/>
        <line num="400" count="63" type="stmt"/>
        <line num="401" count="63" type="stmt"/>
        <line num="402" count="63" type="stmt"/>
        <line num="403" count="63" type="stmt"/>
        <line num="404" count="63" type="stmt"/>
        <line num="405" count="63" type="stmt"/>
        <line num="406" count="63" type="cond" truecount="1" falsecount="0"/>
        <line num="409" count="63" type="stmt"/>
        <line num="410" count="63" type="stmt"/>
        <line num="411" count="63" type="stmt"/>
        <line num="412" count="63" type="stmt"/>
        <line num="413" count="63" type="stmt"/>
        <line num="415" count="63" type="stmt"/>
        <line num="418" count="63" type="stmt"/>
        <line num="419" count="63" type="cond" truecount="2" falsecount="0"/>
        <line num="420" count="63" type="stmt"/>
        <line num="421" count="63" type="stmt"/>
        <line num="422" count="63" type="stmt"/>
        <line num="423" count="63" type="stmt"/>
        <line num="424" count="63" type="stmt"/>
        <line num="426" count="63" type="stmt"/>
        <line num="427" count="63" type="cond" truecount="2" falsecount="0"/>
        <line num="429" count="63" type="cond" truecount="1" falsecount="0"/>
        <line num="430" count="63" type="stmt"/>
        <line num="431" count="63" type="stmt"/>
        <line num="432" count="63" type="stmt"/>
        <line num="433" count="63" type="cond" truecount="1" falsecount="0"/>
        <line num="436" count="63" type="cond" truecount="1" falsecount="0"/>
        <line num="437" count="40" type="stmt"/>
        <line num="438" count="40" type="stmt"/>
        <line num="439" count="40" type="cond" truecount="1" falsecount="0"/>
        <line num="440" count="40" type="stmt"/>
        <line num="442" count="40" type="cond" truecount="2" falsecount="0"/>
        <line num="445" count="63" type="stmt"/>
        <line num="446" count="63" type="stmt"/>
        <line num="447" count="63" type="stmt"/>
        <line num="448" count="63" type="stmt"/>
        <line num="450" count="63" type="cond" truecount="0" falsecount="1"/>
        <line num="456" count="63" type="stmt"/>
        <line num="457" count="63" type="stmt"/>
        <line num="464" count="63" type="stmt"/>
        <line num="466" count="1" type="stmt"/>
      </file>
      <file name="movement.jsx" path="/home/nicolas/Escritorio/front/src/components/movement.jsx">
        <metrics statements="136" coveredstatements="41" conditionals="4" coveredconditionals="2" methods="6" coveredmethods="2"/>
        <line num="1" count="1" type="stmt"/>
        <line num="3" count="1" type="cond" truecount="1" falsecount="0"/>
        <line num="4" count="28" type="stmt"/>
        <line num="5" count="28" type="stmt"/>
        <line num="6" count="28" type="stmt"/>
        <line num="7" count="28" type="stmt"/>
        <line num="8" count="28" type="stmt"/>
        <line num="9" count="28" type="stmt"/>
        <line num="11" count="28" type="stmt"/>
        <line num="12" count="28" type="cond" truecount="1" falsecount="0"/>
        <line num="13" count="4" type="stmt"/>
        <line num="14" count="4" type="stmt"/>
        <line num="15" count="4" type="stmt"/>
        <line num="16" count="4" type="stmt"/>
        <line num="17" count="4" type="stmt"/>
        <line num="18" count="4" type="stmt"/>
        <line num="19" count="4" type="stmt"/>
        <line num="21" count="4" type="cond" truecount="0" falsecount="1"/>
        <line num="22" count="0" type="stmt"/>
        <line num="23" count="0" type="stmt"/>
        <line num="24" count="0" type="stmt"/>
        <line num="25" count="0" type="stmt"/>
        <line num="27" count="4" type="stmt"/>
        <line num="28" count="4" type="stmt"/>
        <line num="29" count="4" type="stmt"/>
        <line num="30" count="4" type="stmt"/>
        <line num="31" count="4" type="cond" truecount="0" falsecount="1"/>
        <line num="32" count="0" type="stmt"/>
        <line num="33" count="0" type="stmt"/>
        <line num="34" count="0" type="stmt"/>
        <line num="35" count="4" type="stmt"/>
        <line num="37" count="28" type="stmt"/>
        <line num="38" count="0" type="stmt"/>
        <line num="39" count="0" type="stmt"/>
        <line num="40" count="0" type="stmt"/>
        <line num="41" count="0" type="stmt"/>
        <line num="42" count="0" type="stmt"/>
        <line num="43" count="0" type="stmt"/>
        <line num="44" count="0" type="stmt"/>
        <line num="45" count="0" type="stmt"/>
        <line num="46" count="0" type="stmt"/>
        <line num="47" count="0" type="stmt"/>
        <line num="48" count="0" type="stmt"/>
        <line num="50" count="0" type="stmt"/>
        <line num="51" count="0" type="stmt"/>
        <line num="52" count="0" type="stmt"/>
        <line num="53" count="0" type="stmt"/>
        <line num="54" count="0" type="stmt"/>
        <line num="56" count="0" type="stmt"/>
        <line num="57" count="0" type="stmt"/>
        <line num="58" count="0" type="stmt"/>
        <line num="60" count="0" type="stmt"/>
        <line num="61" count="0" type="stmt"/>
        <line num="62" count="0" type="stmt"/>
        <line num="63" count="0" type="stmt"/>
        <line num="64" count="0" type="stmt"/>
        <line num="65" count="0" type="stmt"/>
        <line num="67" count="28" type="stmt"/>
        <line num="68" count="28" type="stmt"/>
        <line num="69" count="0" type="stmt"/>
        <line num="70" count="0" type="stmt"/>
        <line num="71" count="0" type="stmt"/>
        <line num="72" count="0" type="stmt"/>
        <line num="73" count="0" type="stmt"/>
        <line num="74" count="0" type="stmt"/>
        <line num="75" count="0" type="stmt"/>
        <line num="76" count="0" type="stmt"/>
        <line num="78" count="28" type="stmt"/>
        <line num="79" count="0" type="stmt"/>
        <line num="80" count="0" type="stmt"/>
        <line num="81" count="0" type="stmt"/>
        <line num="82" count="0" type="stmt"/>
        <line num="84" count="0" type="stmt"/>
        <line num="85" count="0" type="stmt"/>
        <line num="86" count="0" type="stmt"/>
        <line num="87" count="0" type="stmt"/>
        <line num="88" count="0" type="stmt"/>
        <line num="90" count="0" type="stmt"/>
        <line num="91" count="0" type="stmt"/>
        <line num="92" count="0" type="stmt"/>
        <line num="93" count="0" type="stmt"/>
        <line num="94" count="0" type="stmt"/>
        <line num="96" count="0" type="stmt"/>
        <line num="97" count="0" type="stmt"/>
        <line num="98" count="0" type="stmt"/>
        <line num="100" count="0" type="stmt"/>
        <line num="101" count="0" type="stmt"/>
        <line num="102" count="0" type="stmt"/>
        <line num="103" count="0" type="stmt"/>
        <line num="105" count="28" type="stmt"/>
        <line num="106" count="28" type="stmt"/>
        <line num="107" count="0" type="stmt"/>
        <line num="108" count="0" type="stmt"/>
        <line num="109" count="0" type="stmt"/>
        <line num="110" count="0" type="stmt"/>
        <line num="111" count="0" type="stmt"/>
        <line num="112" count="0" type="stmt"/>
        <line num="113" count="0" type="stmt"/>
        <line num="114" count="0" type="stmt"/>
        <line num="115" count="0" type="stmt"/>
        <line num="116" count="0" type="stmt"/>
        <line num="117" count="0" type="stmt"/>
        <line num="118" count="0" type="stmt"/>
        <line num="119" count="0" type="stmt"/>
        <line num="120" count="0" type="stmt"/>
        <line num="122" count="0" type="stmt"/>
        <line num="123" count="0" type="stmt"/>
        <line num="124" count="0" type="stmt"/>
        <line num="125" count="0" type="stmt"/>
        <line num="126" count="0" type="stmt"/>
        <line num="127" count="0" type="stmt"/>
        <line num="128" count="0" type="stmt"/>
        <line num="130" count="0" type="stmt"/>
        <line num="131" count="0" type="stmt"/>
        <line num="132" count="0" type="stmt"/>
        <line num="134" count="0" type="stmt"/>
        <line num="135" count="0" type="stmt"/>
        <line num="136" count="0" type="stmt"/>
        <line num="137" count="0" type="stmt"/>
        <line num="138" count="0" type="stmt"/>
        <line num="139" count="0" type="stmt"/>
        <line num="140" count="0" type="stmt"/>
        <line num="141" count="0" type="stmt"/>
        <line num="142" count="0" type="stmt"/>
        <line num="143" count="0" type="stmt"/>
        <line num="145" count="28" type="stmt"/>
        <line num="146" count="28" type="stmt"/>
        <line num="147" count="28" type="stmt"/>
        <line num="148" count="28" type="stmt"/>
        <line num="149" count="28" type="stmt"/>
        <line num="150" count="28" type="stmt"/>
        <line num="151" count="28" type="stmt"/>
        <line num="152" count="28" type="stmt"/>
        <line num="153" count="28" type="stmt"/>
        <line num="154" count="28" type="stmt"/>
        <line num="156" count="1" type="stmt"/>
      </file>
      <file name="successpage.jsx" path="/home/nicolas/Escritorio/front/src/components/successpage.jsx">
        <metrics statements="17" coveredstatements="0" conditionals="1" coveredconditionals="0" methods="1" coveredmethods="0"/>
        <line num="1" count="0" type="cond" truecount="0" falsecount="1"/>
        <line num="2" count="0" type="stmt"/>
        <line num="3" count="0" type="stmt"/>
        <line num="4" count="0" type="stmt"/>
        <line num="5" count="0" type="stmt"/>
        <line num="6" count="0" type="stmt"/>
        <line num="7" count="0" type="stmt"/>
        <line num="8" count="0" type="stmt"/>
        <line num="10" count="0" type="stmt"/>
        <line num="11" count="0" type="stmt"/>
        <line num="13" count="0" type="stmt"/>
        <line num="14" count="0" type="stmt"/>
        <line num="15" count="0" type="stmt"/>
        <line num="16" count="0" type="stmt"/>
        <line num="17" count="0" type="stmt"/>
        <line num="21" count="0" type="stmt"/>
        <line num="23" count="0" type="stmt"/>
      </file>
    </package>
    <package name="src.hooks">
      <metrics statements="29" coveredstatements="0" conditionals="1" coveredconditionals="0" methods="1" coveredmethods="0"/>
      <file name="useWebSockets.jsx" path="/home/nicolas/Escritorio/front/src/hooks/useWebSockets.jsx">
        <metrics statements="29" coveredstatements="0" conditionals="1" coveredconditionals="0" methods="1" coveredmethods="0"/>
        <line num="1" count="0" type="cond" truecount="0" falsecount="1"/>
        <line num="3" count="0" type="stmt"/>
        <line num="4" count="0" type="stmt"/>
        <line num="6" count="0" type="stmt"/>
        <line num="7" count="0" type="stmt"/>
        <line num="8" count="0" type="stmt"/>
        <line num="10" count="0" type="stmt"/>
        <line num="11" count="0" type="stmt"/>
        <line num="12" count="0" type="stmt"/>
        <line num="13" count="0" type="stmt"/>
        <line num="14" count="0" type="stmt"/>
        <line num="16" count="0" type="stmt"/>
        <line num="17" count="0" type="stmt"/>
        <line num="18" count="0" type="stmt"/>
        <line num="19" count="0" type="stmt"/>
        <line num="20" count="0" type="stmt"/>
        <line num="21" count="0" type="stmt"/>
        <line num="22" count="0" type="stmt"/>
        <line num="24" count="0" type="stmt"/>
        <line num="25" count="0" type="stmt"/>
        <line num="26" count="0" type="stmt"/>
        <line num="27" count="0" type="stmt"/>
        <line num="28" count="0" type="stmt"/>
        <line num="29" count="0" type="stmt"/>
        <line num="30" count="0" type="stmt"/>
        <line num="31" count="0" type="stmt"/>
        <line num="33" count="0" type="stmt"/>
        <line num="34" count="0" type="stmt"/>
        <line num="36" count="0" type="stmt"/>
      </file>
    </package>
  </project>
</coverage>
