{"/home/nicolas/Escritorio/front/src/App.jsx": {"path":"/home/nicolas/Escritorio/front/src/App.jsx","all":true,"statementMap":{"0":{"start":{"line":1,"column":0},"end":{"line":1,"column":51}},"1":{"start":{"line":2,"column":0},"end":{"line":2,"column":51}},"2":{"start":{"line":3,"column":0},"end":{"line":3,"column":47}},"3":{"start":{"line":4,"column":0},"end":{"line":4,"column":57}},"4":{"start":{"line":5,"column":0},"end":{"line":5,"column":51}},"5":{"start":{"line":6,"column":0},"end":{"line":6,"column":43}},"6":{"start":{"line":7,"column":0},"end":{"line":7,"column":19}},"7":{"start":{"line":8,"column":0},"end":{"line":8,"column":34}},"8":{"start":{"line":9,"column":0},"end":{"line":9,"column":31}},"9":{"start":{"line":10,"column":0},"end":{"line":10,"column":31}},"10":{"start":{"line":11,"column":0},"end":{"line":11,"column":33}},"11":{"start":{"line":12,"column":0},"end":{"line":12,"column":39}},"13":{"start":{"line":14,"column":0},"end":{"line":14,"column":16}},"14":{"start":{"line":15,"column":0},"end":{"line":15,"column":67}},"15":{"start":{"line":16,"column":0},"end":{"line":16,"column":45}},"16":{"start":{"line":17,"column":0},"end":{"line":17,"column":98}},"17":{"start":{"line":18,"column":0},"end":{"line":18,"column":43}},"19":{"start":{"line":20,"column":0},"end":{"line":20,"column":19}},"20":{"start":{"line":21,"column":0},"end":{"line":21,"column":50}},"22":{"start":{"line":23,"column":0},"end":{"line":23,"column":59}},"23":{"start":{"line":24,"column":0},"end":{"line":24,"column":24}},"24":{"start":{"line":25,"column":0},"end":{"line":25,"column":5}},"26":{"start":{"line":27,"column":0},"end":{"line":27,"column":37}},"27":{"start":{"line":28,"column":0},"end":{"line":28,"column":39}},"28":{"start":{"line":29,"column":0},"end":{"line":29,"column":51}},"29":{"start":{"line":30,"column":0},"end":{"line":30,"column":44}},"30":{"start":{"line":31,"column":0},"end":{"line":31,"column":68}},"31":{"start":{"line":32,"column":0},"end":{"line":32,"column":45}},"32":{"start":{"line":33,"column":0},"end":{"line":33,"column":65}},"33":{"start":{"line":34,"column":0},"end":{"line":34,"column":70}},"35":{"start":{"line":36,"column":0},"end":{"line":36,"column":44}},"36":{"start":{"line":37,"column":0},"end":{"line":37,"column":37}},"37":{"start":{"line":38,"column":0},"end":{"line":38,"column":35}},"38":{"start":{"line":39,"column":0},"end":{"line":39,"column":17}},"40":{"start":{"line":41,"column":0},"end":{"line":41,"column":42}},"41":{"start":{"line":42,"column":0},"end":{"line":42,"column":23}},"42":{"start":{"line":43,"column":0},"end":{"line":43,"column":5}},"43":{"start":{"line":44,"column":0},"end":{"line":44,"column":18}},"44":{"start":{"line":45,"column":0},"end":{"line":45,"column":33}},"45":{"start":{"line":46,"column":0},"end":{"line":46,"column":36}},"46":{"start":{"line":47,"column":0},"end":{"line":47,"column":31}},"47":{"start":{"line":48,"column":0},"end":{"line":48,"column":6}},"48":{"start":{"line":49,"column":0},"end":{"line":49,"column":22}},"50":{"start":{"line":51,"column":0},"end":{"line":51,"column":49}},"51":{"start":{"line":52,"column":0},"end":{"line":52,"column":34}},"52":{"start":{"line":53,"column":0},"end":{"line":53,"column":28}},"53":{"start":{"line":54,"column":0},"end":{"line":54,"column":4}},"55":{"start":{"line":56,"column":0},"end":{"line":56,"column":33}},"56":{"start":{"line":57,"column":0},"end":{"line":57,"column":28}},"57":{"start":{"line":58,"column":0},"end":{"line":58,"column":4}},"59":{"start":{"line":60,"column":0},"end":{"line":60,"column":30}},"60":{"start":{"line":61,"column":0},"end":{"line":61,"column":66}},"61":{"start":{"line":62,"column":0},"end":{"line":62,"column":4}},"63":{"start":{"line":64,"column":0},"end":{"line":64,"column":49}},"64":{"start":{"line":65,"column":0},"end":{"line":65,"column":54}},"65":{"start":{"line":66,"column":0},"end":{"line":66,"column":54}},"66":{"start":{"line":67,"column":0},"end":{"line":67,"column":93}},"67":{"start":{"line":68,"column":0},"end":{"line":68,"column":4}},"69":{"start":{"line":70,"column":0},"end":{"line":70,"column":47}},"70":{"start":{"line":71,"column":0},"end":{"line":71,"column":22}},"71":{"start":{"line":72,"column":0},"end":{"line":72,"column":22}},"72":{"start":{"line":73,"column":0},"end":{"line":73,"column":79}},"73":{"start":{"line":74,"column":0},"end":{"line":74,"column":4}},"75":{"start":{"line":76,"column":0},"end":{"line":76,"column":33}},"76":{"start":{"line":77,"column":0},"end":{"line":77,"column":70}},"77":{"start":{"line":78,"column":0},"end":{"line":78,"column":4}},"79":{"start":{"line":80,"column":0},"end":{"line":80,"column":10}},"80":{"start":{"line":81,"column":0},"end":{"line":81,"column":155}},"81":{"start":{"line":82,"column":0},"end":{"line":82,"column":37}},"82":{"start":{"line":83,"column":0},"end":{"line":83,"column":53}},"83":{"start":{"line":84,"column":0},"end":{"line":84,"column":42}},"85":{"start":{"line":86,"column":0},"end":{"line":86,"column":35}},"86":{"start":{"line":87,"column":0},"end":{"line":87,"column":84}},"88":{"start":{"line":89,"column":0},"end":{"line":89,"column":35}},"89":{"start":{"line":90,"column":0},"end":{"line":90,"column":72}},"91":{"start":{"line":92,"column":0},"end":{"line":92,"column":38}},"92":{"start":{"line":93,"column":0},"end":{"line":93,"column":86}},"94":{"start":{"line":95,"column":0},"end":{"line":95,"column":36}},"95":{"start":{"line":96,"column":0},"end":{"line":96,"column":83}},"99":{"start":{"line":100,"column":0},"end":{"line":100,"column":1}},"101":{"start":{"line":102,"column":0},"end":{"line":102,"column":19}}},"s":{"0":0,"1":0,"2":0,"3":0,"4":0,"5":0,"6":0,"7":0,"8":0,"9":0,"10":0,"11":0,"13":0,"14":0,"15":0,"16":0,"17":0,"19":0,"20":0,"22":0,"23":0,"24":0,"26":0,"27":0,"28":0,"29":0,"30":0,"31":0,"32":0,"33":0,"35":0,"36":0,"37":0,"38":0,"40":0,"41":0,"42":0,"43":0,"44":0,"45":0,"46":0,"47":0,"48":0,"50":0,"51":0,"52":0,"53":0,"55":0,"56":0,"57":0,"59":0,"60":0,"61":0,"63":0,"64":0,"65":0,"66":0,"67":0,"69":0,"70":0,"71":0,"72":0,"73":0,"75":0,"76":0,"77":0,"79":0,"80":0,"81":0,"82":0,"83":0,"85":0,"86":0,"88":0,"89":0,"91":0,"92":0,"94":0,"95":0,"99":0,"101":0},"branchMap":{"0":{"type":"branch","line":1,"loc":{"start":{"line":1,"column":0},"end":{"line":102,"column":-1108}},"locations":[{"start":{"line":1,"column":0},"end":{"line":102,"column":-1108}}]}},"b":{"0":[0]},"fnMap":{"0":{"name":"(empty-report)","decl":{"start":{"line":1,"column":0},"end":{"line":102,"column":-1108}},"loc":{"start":{"line":1,"column":0},"end":{"line":102,"column":-1108}},"line":1}},"f":{"0":0}}
,"/home/nicolas/Escritorio/front/src/main.jsx": {"path":"/home/nicolas/Escritorio/front/src/main.jsx","all":true,"statementMap":{"0":{"start":{"line":1,"column":0},"end":{"line":1,"column":34}},"1":{"start":{"line":2,"column":0},"end":{"line":2,"column":45}},"2":{"start":{"line":3,"column":0},"end":{"line":3,"column":27}},"3":{"start":{"line":4,"column":0},"end":{"line":4,"column":20}},"5":{"start":{"line":6,"column":0},"end":{"line":6,"column":51}},"6":{"start":{"line":7,"column":0},"end":{"line":7,"column":14}},"7":{"start":{"line":8,"column":0},"end":{"line":8,"column":11}}},"s":{"0":0,"1":0,"2":0,"3":0,"5":0,"6":0,"7":0},"branchMap":{"0":{"type":"branch","line":1,"loc":{"start":{"line":1,"column":228},"end":{"line":10,"column":1}},"locations":[{"start":{"line":1,"column":228},"end":{"line":10,"column":1}}]}},"b":{"0":[0]},"fnMap":{"0":{"name":"(empty-report)","decl":{"start":{"line":1,"column":228},"end":{"line":10,"column":1}},"loc":{"start":{"line":1,"column":228},"end":{"line":10,"column":1}},"line":1}},"f":{"0":0}}
,"/home/nicolas/Escritorio/front/src/reportWebVitals.js": {"path":"/home/nicolas/Escritorio/front/src/reportWebVitals.js","all":true,"statementMap":{"0":{"start":{"line":1,"column":0},"end":{"line":1,"column":40}},"1":{"start":{"line":2,"column":0},"end":{"line":2,"column":55}},"2":{"start":{"line":3,"column":0},"end":{"line":3,"column":80}},"3":{"start":{"line":4,"column":0},"end":{"line":4,"column":26}},"4":{"start":{"line":5,"column":0},"end":{"line":5,"column":26}},"5":{"start":{"line":6,"column":0},"end":{"line":6,"column":26}},"6":{"start":{"line":7,"column":0},"end":{"line":7,"column":26}},"7":{"start":{"line":8,"column":0},"end":{"line":8,"column":27}},"8":{"start":{"line":9,"column":0},"end":{"line":9,"column":7}},"9":{"start":{"line":10,"column":0},"end":{"line":10,"column":3}},"10":{"start":{"line":11,"column":0},"end":{"line":11,"column":2}},"11":{"start":{"line":12,"column":0},"end":{"line":12,"column":0}},"12":{"start":{"line":13,"column":0},"end":{"line":13,"column":31}}},"s":{"0":0,"1":0,"2":0,"3":0,"4":0,"5":0,"6":0,"7":0,"8":0,"9":0,"10":0,"11":0,"12":0},"branchMap":{"0":{"type":"branch","line":1,"loc":{"start":{"line":1,"column":0},"end":{"line":13,"column":14}},"locations":[{"start":{"line":1,"column":0},"end":{"line":13,"column":14}}]}},"b":{"0":[0]},"fnMap":{"0":{"name":"(empty-report)","decl":{"start":{"line":1,"column":0},"end":{"line":13,"column":14}},"loc":{"start":{"line":1,"column":0},"end":{"line":13,"column":14}},"line":1}},"f":{"0":0}}
,"/home/nicolas/Escritorio/front/src/setupTests.js": {"path":"/home/nicolas/Escritorio/front/src/setupTests.js","all":false,"statementMap":{"0":{"start":{"line":1,"column":0},"end":{"line":1,"column":65}},"1":{"start":{"line":2,"column":0},"end":{"line":2,"column":32}},"2":{"start":{"line":3,"column":0},"end":{"line":3,"column":46}},"3":{"start":{"line":4,"column":0},"end":{"line":4,"column":58}},"4":{"start":{"line":5,"column":0},"end":{"line":5,"column":64}}},"s":{"0":1,"1":1,"2":1,"3":1,"4":1},"branchMap":{},"b":{},"fnMap":{},"f":{}}
,"/home/nicolas/Escritorio/front/src/components/LogComponent.jsx": {"path":"/home/nicolas/Escritorio/front/src/components/LogComponent.jsx","all":false,"statementMap":{"0":{"start":{"line":1,"column":0},"end":{"line":1,"column":51}},"1":{"start":{"line":2,"column":0},"end":{"line":2,"column":20}},"3":{"start":{"line":4,"column":0},"end":{"line":4,"column":55}},"4":{"start":{"line":5,"column":0},"end":{"line":5,"column":52}},"6":{"start":{"line":7,"column":0},"end":{"line":7,"column":10}},"7":{"start":{"line":8,"column":0},"end":{"line":8,"column":36}},"8":{"start":{"line":9,"column":0},"end":{"line":9,"column":79}},"12":{"start":{"line":13,"column":0},"end":{"line":13,"column":22}},"13":{"start":{"line":14,"column":0},"end":{"line":14,"column":37}},"14":{"start":{"line":15,"column":0},"end":{"line":15,"column":41}},"15":{"start":{"line":16,"column":0},"end":{"line":16,"column":33}},"16":{"start":{"line":17,"column":0},"end":{"line":17,"column":57}},"17":{"start":{"line":18,"column":0},"end":{"line":18,"column":65}},"25":{"start":{"line":26,"column":0},"end":{"line":26,"column":3}},"26":{"start":{"line":27,"column":0},"end":{"line":27,"column":28}}},"s":{"0":1,"1":1,"3":1,"4":14,"6":14,"7":14,"8":14,"12":14,"13":14,"14":14,"15":14,"16":14,"17":14,"25":14,"26":1},"branchMap":{"0":{"type":"branch","line":4,"loc":{"start":{"line":4,"column":21},"end":{"line":26,"column":3}},"locations":[{"start":{"line":4,"column":21},"end":{"line":26,"column":3}}]}},"b":{"0":[14]},"fnMap":{"0":{"name":"LogComponent","decl":{"start":{"line":4,"column":21},"end":{"line":26,"column":3}},"loc":{"start":{"line":4,"column":21},"end":{"line":26,"column":3}},"line":4},"1":{"name":"onClick","decl":{"start":{"line":9,"column":47},"end":{"line":9,"column":79}},"loc":{"start":{"line":9,"column":47},"end":{"line":9,"column":79}},"line":9}},"f":{"0":14,"1":0}}
,"/home/nicolas/Escritorio/front/src/components/board.jsx": {"path":"/home/nicolas/Escritorio/front/src/components/board.jsx","all":false,"statementMap":{"0":{"start":{"line":1,"column":0},"end":{"line":1,"column":59}},"1":{"start":{"line":2,"column":0},"end":{"line":2,"column":21}},"2":{"start":{"line":3,"column":0},"end":{"line":3,"column":34}},"3":{"start":{"line":4,"column":0},"end":{"line":4,"column":32}},"4":{"start":{"line":5,"column":0},"end":{"line":5,"column":26}},"5":{"start":{"line":6,"column":0},"end":{"line":6,"column":42}},"8":{"start":{"line":9,"column":0},"end":{"line":9,"column":56}},"9":{"start":{"line":10,"column":0},"end":{"line":10,"column":59}},"10":{"start":{"line":11,"column":0},"end":{"line":11,"column":106}},"11":{"start":{"line":12,"column":0},"end":{"line":12,"column":52}},"12":{"start":{"line":13,"column":0},"end":{"line":13,"column":76}},"13":{"start":{"line":14,"column":0},"end":{"line":14,"column":43}},"14":{"start":{"line":15,"column":0},"end":{"line":15,"column":80}},"15":{"start":{"line":16,"column":0},"end":{"line":16,"column":56}},"16":{"start":{"line":17,"column":0},"end":{"line":17,"column":53}},"17":{"start":{"line":18,"column":0},"end":{"line":18,"column":5}},"18":{"start":{"line":19,"column":0},"end":{"line":19,"column":84}},"19":{"start":{"line":20,"column":0},"end":{"line":20,"column":92}},"20":{"start":{"line":21,"column":0},"end":{"line":21,"column":56}},"21":{"start":{"line":22,"column":0},"end":{"line":22,"column":78}},"22":{"start":{"line":23,"column":0},"end":{"line":23,"column":78}},"23":{"start":{"line":24,"column":0},"end":{"line":24,"column":75}},"24":{"start":{"line":25,"column":0},"end":{"line":25,"column":48}},"25":{"start":{"line":26,"column":0},"end":{"line":26,"column":48}},"26":{"start":{"line":27,"column":0},"end":{"line":27,"column":93}},"27":{"start":{"line":28,"column":0},"end":{"line":28,"column":94}},"28":{"start":{"line":29,"column":0},"end":{"line":29,"column":50}},"29":{"start":{"line":30,"column":0},"end":{"line":30,"column":13}},"30":{"start":{"line":31,"column":0},"end":{"line":31,"column":14}},"31":{"start":{"line":32,"column":0},"end":{"line":32,"column":12}},"32":{"start":{"line":33,"column":0},"end":{"line":33,"column":14}},"33":{"start":{"line":34,"column":0},"end":{"line":34,"column":5}},"34":{"start":{"line":35,"column":0},"end":{"line":35,"column":74}},"35":{"start":{"line":36,"column":0},"end":{"line":36,"column":57}},"36":{"start":{"line":37,"column":0},"end":{"line":37,"column":82}},"37":{"start":{"line":38,"column":0},"end":{"line":38,"column":91}},"38":{"start":{"line":39,"column":0},"end":{"line":39,"column":74}},"39":{"start":{"line":40,"column":0},"end":{"line":40,"column":11}},"40":{"start":{"line":41,"column":0},"end":{"line":41,"column":11}},"41":{"start":{"line":42,"column":0},"end":{"line":42,"column":17}},"42":{"start":{"line":43,"column":0},"end":{"line":43,"column":5}},"43":{"start":{"line":44,"column":0},"end":{"line":44,"column":61}},"44":{"start":{"line":45,"column":0},"end":{"line":45,"column":66}},"45":{"start":{"line":46,"column":0},"end":{"line":46,"column":45}},"46":{"start":{"line":47,"column":0},"end":{"line":47,"column":113}},"47":{"start":{"line":48,"column":0},"end":{"line":48,"column":111}},"48":{"start":{"line":49,"column":0},"end":{"line":49,"column":71}},"49":{"start":{"line":50,"column":0},"end":{"line":50,"column":65}},"50":{"start":{"line":51,"column":0},"end":{"line":51,"column":54}},"51":{"start":{"line":52,"column":0},"end":{"line":52,"column":58}},"52":{"start":{"line":53,"column":0},"end":{"line":53,"column":43}},"53":{"start":{"line":54,"column":0},"end":{"line":54,"column":100}},"54":{"start":{"line":55,"column":0},"end":{"line":55,"column":68}},"55":{"start":{"line":56,"column":0},"end":{"line":56,"column":75}},"56":{"start":{"line":57,"column":0},"end":{"line":57,"column":39}},"57":{"start":{"line":58,"column":0},"end":{"line":58,"column":48}},"58":{"start":{"line":59,"column":0},"end":{"line":59,"column":59}},"60":{"start":{"line":61,"column":0},"end":{"line":61,"column":90}},"63":{"start":{"line":64,"column":0},"end":{"line":64,"column":54}},"64":{"start":{"line":65,"column":0},"end":{"line":65,"column":43}},"65":{"start":{"line":66,"column":0},"end":{"line":66,"column":61}},"66":{"start":{"line":67,"column":0},"end":{"line":67,"column":95}},"67":{"start":{"line":68,"column":0},"end":{"line":68,"column":5}},"69":{"start":{"line":70,"column":0},"end":{"line":70,"column":50}},"70":{"start":{"line":71,"column":0},"end":{"line":71,"column":58}},"72":{"start":{"line":73,"column":0},"end":{"line":73,"column":46}},"73":{"start":{"line":74,"column":0},"end":{"line":74,"column":47}},"74":{"start":{"line":75,"column":0},"end":{"line":75,"column":59}},"77":{"start":{"line":78,"column":0},"end":{"line":78,"column":34}},"78":{"start":{"line":79,"column":0},"end":{"line":79,"column":18}},"79":{"start":{"line":80,"column":0},"end":{"line":80,"column":123}},"80":{"start":{"line":81,"column":0},"end":{"line":81,"column":15}},"82":{"start":{"line":83,"column":0},"end":{"line":83,"column":100}},"83":{"start":{"line":84,"column":0},"end":{"line":84,"column":5}},"85":{"start":{"line":86,"column":0},"end":{"line":86,"column":16}},"86":{"start":{"line":87,"column":0},"end":{"line":87,"column":85}},"89":{"start":{"line":90,"column":0},"end":{"line":90,"column":56}},"90":{"start":{"line":91,"column":0},"end":{"line":91,"column":50}},"92":{"start":{"line":93,"column":0},"end":{"line":93,"column":90}},"93":{"start":{"line":94,"column":0},"end":{"line":94,"column":28}},"94":{"start":{"line":95,"column":0},"end":{"line":95,"column":45}},"95":{"start":{"line":96,"column":0},"end":{"line":96,"column":43}},"96":{"start":{"line":97,"column":0},"end":{"line":97,"column":6}},"98":{"start":{"line":99,"column":0},"end":{"line":99,"column":60}},"99":{"start":{"line":100,"column":0},"end":{"line":100,"column":33}},"100":{"start":{"line":101,"column":0},"end":{"line":101,"column":32}},"101":{"start":{"line":102,"column":0},"end":{"line":102,"column":44}},"102":{"start":{"line":103,"column":0},"end":{"line":103,"column":14}},"103":{"start":{"line":104,"column":0},"end":{"line":104,"column":78}},"104":{"start":{"line":105,"column":0},"end":{"line":105,"column":7}},"105":{"start":{"line":106,"column":0},"end":{"line":106,"column":5}},"107":{"start":{"line":108,"column":0},"end":{"line":108,"column":53}},"108":{"start":{"line":109,"column":0},"end":{"line":109,"column":21}},"109":{"start":{"line":110,"column":0},"end":{"line":110,"column":4}},"110":{"start":{"line":111,"column":0},"end":{"line":111,"column":73}},"111":{"start":{"line":112,"column":0},"end":{"line":112,"column":41}},"112":{"start":{"line":113,"column":0},"end":{"line":113,"column":42}},"113":{"start":{"line":114,"column":0},"end":{"line":114,"column":21}},"116":{"start":{"line":117,"column":0},"end":{"line":117,"column":46}},"117":{"start":{"line":118,"column":0},"end":{"line":118,"column":9}},"118":{"start":{"line":119,"column":0},"end":{"line":119,"column":35}},"119":{"start":{"line":120,"column":0},"end":{"line":120,"column":61}},"120":{"start":{"line":121,"column":0},"end":{"line":121,"column":9}},"121":{"start":{"line":122,"column":0},"end":{"line":122,"column":25}},"122":{"start":{"line":123,"column":0},"end":{"line":123,"column":20}},"123":{"start":{"line":124,"column":0},"end":{"line":124,"column":46}},"124":{"start":{"line":125,"column":0},"end":{"line":125,"column":11}},"125":{"start":{"line":126,"column":0},"end":{"line":126,"column":9}},"127":{"start":{"line":128,"column":0},"end":{"line":128,"column":25}},"128":{"start":{"line":129,"column":0},"end":{"line":129,"column":67}},"129":{"start":{"line":130,"column":0},"end":{"line":130,"column":7}},"130":{"start":{"line":131,"column":0},"end":{"line":131,"column":74}},"131":{"start":{"line":132,"column":0},"end":{"line":132,"column":62}},"132":{"start":{"line":133,"column":0},"end":{"line":133,"column":21}},"133":{"start":{"line":134,"column":0},"end":{"line":134,"column":37}},"134":{"start":{"line":135,"column":0},"end":{"line":135,"column":63}},"135":{"start":{"line":136,"column":0},"end":{"line":136,"column":5}},"136":{"start":{"line":137,"column":0},"end":{"line":137,"column":4}},"137":{"start":{"line":138,"column":0},"end":{"line":138,"column":78}},"139":{"start":{"line":140,"column":0},"end":{"line":140,"column":55}},"140":{"start":{"line":141,"column":0},"end":{"line":141,"column":40}},"141":{"start":{"line":142,"column":0},"end":{"line":142,"column":41}},"143":{"start":{"line":144,"column":0},"end":{"line":144,"column":9}},"144":{"start":{"line":145,"column":0},"end":{"line":145,"column":35}},"145":{"start":{"line":146,"column":0},"end":{"line":146,"column":58}},"146":{"start":{"line":147,"column":0},"end":{"line":147,"column":9}},"147":{"start":{"line":148,"column":0},"end":{"line":148,"column":25}},"148":{"start":{"line":149,"column":0},"end":{"line":149,"column":20}},"149":{"start":{"line":150,"column":0},"end":{"line":150,"column":46}},"150":{"start":{"line":151,"column":0},"end":{"line":151,"column":12}},"151":{"start":{"line":152,"column":0},"end":{"line":152,"column":32}},"152":{"start":{"line":153,"column":0},"end":{"line":153,"column":28}},"153":{"start":{"line":154,"column":0},"end":{"line":154,"column":30}},"154":{"start":{"line":155,"column":0},"end":{"line":155,"column":70}},"155":{"start":{"line":156,"column":0},"end":{"line":156,"column":71}},"156":{"start":{"line":157,"column":0},"end":{"line":157,"column":12}},"157":{"start":{"line":158,"column":0},"end":{"line":158,"column":9}},"160":{"start":{"line":161,"column":0},"end":{"line":161,"column":25}},"161":{"start":{"line":162,"column":0},"end":{"line":162,"column":48}},"162":{"start":{"line":163,"column":0},"end":{"line":163,"column":69}},"163":{"start":{"line":164,"column":0},"end":{"line":164,"column":107}},"164":{"start":{"line":165,"column":0},"end":{"line":165,"column":15}},"165":{"start":{"line":166,"column":0},"end":{"line":166,"column":7}},"167":{"start":{"line":168,"column":0},"end":{"line":168,"column":41}},"168":{"start":{"line":169,"column":0},"end":{"line":169,"column":57}},"169":{"start":{"line":170,"column":0},"end":{"line":170,"column":26}},"170":{"start":{"line":171,"column":0},"end":{"line":171,"column":56}},"171":{"start":{"line":172,"column":0},"end":{"line":172,"column":21}},"172":{"start":{"line":173,"column":0},"end":{"line":173,"column":59}},"173":{"start":{"line":174,"column":0},"end":{"line":174,"column":105}},"175":{"start":{"line":176,"column":0},"end":{"line":176,"column":5}},"176":{"start":{"line":177,"column":0},"end":{"line":177,"column":4}},"178":{"start":{"line":179,"column":0},"end":{"line":179,"column":19}},"179":{"start":{"line":180,"column":0},"end":{"line":180,"column":23}},"180":{"start":{"line":181,"column":0},"end":{"line":181,"column":38}},"181":{"start":{"line":182,"column":0},"end":{"line":182,"column":80}},"182":{"start":{"line":183,"column":0},"end":{"line":183,"column":15}},"184":{"start":{"line":185,"column":0},"end":{"line":185,"column":82}},"185":{"start":{"line":186,"column":0},"end":{"line":186,"column":39}},"186":{"start":{"line":187,"column":0},"end":{"line":187,"column":5}},"187":{"start":{"line":188,"column":0},"end":{"line":188,"column":21}},"189":{"start":{"line":190,"column":0},"end":{"line":190,"column":38}},"190":{"start":{"line":191,"column":0},"end":{"line":191,"column":38}},"191":{"start":{"line":192,"column":0},"end":{"line":192,"column":25}},"192":{"start":{"line":193,"column":0},"end":{"line":193,"column":87}},"193":{"start":{"line":194,"column":0},"end":{"line":194,"column":30}},"194":{"start":{"line":195,"column":0},"end":{"line":195,"column":90}},"195":{"start":{"line":196,"column":0},"end":{"line":196,"column":22}},"196":{"start":{"line":197,"column":0},"end":{"line":197,"column":21}},"197":{"start":{"line":198,"column":0},"end":{"line":198,"column":29}},"198":{"start":{"line":199,"column":0},"end":{"line":199,"column":20}},"199":{"start":{"line":200,"column":0},"end":{"line":200,"column":26}},"200":{"start":{"line":201,"column":0},"end":{"line":201,"column":12}},"201":{"start":{"line":202,"column":0},"end":{"line":202,"column":56}},"202":{"start":{"line":203,"column":0},"end":{"line":203,"column":5}},"203":{"start":{"line":204,"column":0},"end":{"line":204,"column":4}},"205":{"start":{"line":206,"column":0},"end":{"line":206,"column":45}},"206":{"start":{"line":207,"column":0},"end":{"line":207,"column":44}},"207":{"start":{"line":208,"column":0},"end":{"line":208,"column":33}},"209":{"start":{"line":210,"column":0},"end":{"line":210,"column":52}},"210":{"start":{"line":211,"column":0},"end":{"line":211,"column":64}},"212":{"start":{"line":213,"column":0},"end":{"line":213,"column":29}},"213":{"start":{"line":214,"column":0},"end":{"line":214,"column":12}},"214":{"start":{"line":215,"column":0},"end":{"line":215,"column":63}},"215":{"start":{"line":216,"column":0},"end":{"line":216,"column":21}},"216":{"start":{"line":217,"column":0},"end":{"line":217,"column":5}},"217":{"start":{"line":218,"column":0},"end":{"line":218,"column":4}},"218":{"start":{"line":219,"column":0},"end":{"line":219,"column":63}},"219":{"start":{"line":220,"column":0},"end":{"line":220,"column":44}},"220":{"start":{"line":221,"column":0},"end":{"line":221,"column":48}},"221":{"start":{"line":222,"column":0},"end":{"line":222,"column":51}},"222":{"start":{"line":223,"column":0},"end":{"line":223,"column":51}},"223":{"start":{"line":224,"column":0},"end":{"line":224,"column":38}},"225":{"start":{"line":226,"column":0},"end":{"line":226,"column":16}},"226":{"start":{"line":227,"column":0},"end":{"line":227,"column":59}},"227":{"start":{"line":228,"column":0},"end":{"line":228,"column":24}},"228":{"start":{"line":229,"column":0},"end":{"line":229,"column":46}},"230":{"start":{"line":231,"column":0},"end":{"line":231,"column":8}},"231":{"start":{"line":232,"column":0},"end":{"line":232,"column":27}},"232":{"start":{"line":233,"column":0},"end":{"line":233,"column":34}},"233":{"start":{"line":234,"column":0},"end":{"line":234,"column":46}},"234":{"start":{"line":235,"column":0},"end":{"line":235,"column":7}},"235":{"start":{"line":236,"column":0},"end":{"line":236,"column":55}},"236":{"start":{"line":237,"column":0},"end":{"line":237,"column":71}},"237":{"start":{"line":238,"column":0},"end":{"line":238,"column":86}},"238":{"start":{"line":239,"column":0},"end":{"line":239,"column":12}},"239":{"start":{"line":240,"column":0},"end":{"line":240,"column":18}},"240":{"start":{"line":241,"column":0},"end":{"line":241,"column":75}},"242":{"start":{"line":243,"column":0},"end":{"line":243,"column":5}},"243":{"start":{"line":244,"column":0},"end":{"line":244,"column":30}},"244":{"start":{"line":245,"column":0},"end":{"line":245,"column":48}},"245":{"start":{"line":246,"column":0},"end":{"line":246,"column":4}},"247":{"start":{"line":248,"column":0},"end":{"line":248,"column":43}},"248":{"start":{"line":249,"column":0},"end":{"line":249,"column":57}},"249":{"start":{"line":250,"column":0},"end":{"line":250,"column":4}},"251":{"start":{"line":252,"column":0},"end":{"line":252,"column":19}},"252":{"start":{"line":253,"column":0},"end":{"line":253,"column":28}},"253":{"start":{"line":254,"column":0},"end":{"line":254,"column":76}},"254":{"start":{"line":255,"column":0},"end":{"line":255,"column":49}},"255":{"start":{"line":256,"column":0},"end":{"line":256,"column":5}},"256":{"start":{"line":257,"column":0},"end":{"line":257,"column":15}},"257":{"start":{"line":258,"column":0},"end":{"line":258,"column":76}},"259":{"start":{"line":260,"column":0},"end":{"line":260,"column":51}},"260":{"start":{"line":261,"column":0},"end":{"line":261,"column":32}},"261":{"start":{"line":262,"column":0},"end":{"line":262,"column":60}},"262":{"start":{"line":263,"column":0},"end":{"line":263,"column":53}},"263":{"start":{"line":264,"column":0},"end":{"line":264,"column":77}},"264":{"start":{"line":265,"column":0},"end":{"line":265,"column":5}},"265":{"start":{"line":266,"column":0},"end":{"line":266,"column":40}},"266":{"start":{"line":267,"column":0},"end":{"line":267,"column":31}},"267":{"start":{"line":268,"column":0},"end":{"line":268,"column":5}},"268":{"start":{"line":269,"column":0},"end":{"line":269,"column":85}},"269":{"start":{"line":270,"column":0},"end":{"line":270,"column":56}},"270":{"start":{"line":271,"column":0},"end":{"line":271,"column":4}},"272":{"start":{"line":273,"column":0},"end":{"line":273,"column":44}},"273":{"start":{"line":274,"column":0},"end":{"line":274,"column":27}},"274":{"start":{"line":275,"column":0},"end":{"line":275,"column":33}},"275":{"start":{"line":276,"column":0},"end":{"line":276,"column":13}},"276":{"start":{"line":277,"column":0},"end":{"line":277,"column":12}},"277":{"start":{"line":278,"column":0},"end":{"line":278,"column":32}},"278":{"start":{"line":279,"column":0},"end":{"line":279,"column":28}},"279":{"start":{"line":280,"column":0},"end":{"line":280,"column":5}},"280":{"start":{"line":281,"column":0},"end":{"line":281,"column":4}},"282":{"start":{"line":283,"column":0},"end":{"line":283,"column":37}},"283":{"start":{"line":284,"column":0},"end":{"line":284,"column":9}},"284":{"start":{"line":285,"column":0},"end":{"line":285,"column":77}},"285":{"start":{"line":286,"column":0},"end":{"line":286,"column":22}},"286":{"start":{"line":287,"column":0},"end":{"line":287,"column":18}},"287":{"start":{"line":288,"column":0},"end":{"line":288,"column":44}},"288":{"start":{"line":289,"column":0},"end":{"line":289,"column":9}},"289":{"start":{"line":290,"column":0},"end":{"line":290,"column":9}},"291":{"start":{"line":292,"column":0},"end":{"line":292,"column":25}},"292":{"start":{"line":293,"column":0},"end":{"line":293,"column":73}},"293":{"start":{"line":294,"column":0},"end":{"line":294,"column":7}},"295":{"start":{"line":296,"column":0},"end":{"line":296,"column":41}},"296":{"start":{"line":297,"column":0},"end":{"line":297,"column":36}},"297":{"start":{"line":298,"column":0},"end":{"line":298,"column":53}},"298":{"start":{"line":299,"column":0},"end":{"line":299,"column":35}},"300":{"start":{"line":301,"column":0},"end":{"line":301,"column":44}},"302":{"start":{"line":303,"column":0},"end":{"line":303,"column":53}},"303":{"start":{"line":304,"column":0},"end":{"line":304,"column":47}},"304":{"start":{"line":305,"column":0},"end":{"line":305,"column":71}},"305":{"start":{"line":306,"column":0},"end":{"line":306,"column":64}},"306":{"start":{"line":307,"column":0},"end":{"line":307,"column":54}},"307":{"start":{"line":308,"column":0},"end":{"line":308,"column":9}},"309":{"start":{"line":310,"column":0},"end":{"line":310,"column":18}},"310":{"start":{"line":311,"column":0},"end":{"line":311,"column":56}},"311":{"start":{"line":312,"column":0},"end":{"line":312,"column":25}},"314":{"start":{"line":315,"column":0},"end":{"line":315,"column":76}},"316":{"start":{"line":317,"column":0},"end":{"line":317,"column":36}},"317":{"start":{"line":318,"column":0},"end":{"line":318,"column":24}},"318":{"start":{"line":319,"column":0},"end":{"line":319,"column":7}},"320":{"start":{"line":321,"column":0},"end":{"line":321,"column":38}},"321":{"start":{"line":322,"column":0},"end":{"line":322,"column":45}},"322":{"start":{"line":323,"column":0},"end":{"line":323,"column":72}},"323":{"start":{"line":324,"column":0},"end":{"line":324,"column":66}},"324":{"start":{"line":325,"column":0},"end":{"line":325,"column":77}},"325":{"start":{"line":326,"column":0},"end":{"line":326,"column":86}},"326":{"start":{"line":327,"column":0},"end":{"line":327,"column":7}},"328":{"start":{"line":329,"column":0},"end":{"line":329,"column":56}},"329":{"start":{"line":330,"column":0},"end":{"line":330,"column":21}},"330":{"start":{"line":331,"column":0},"end":{"line":331,"column":25}},"331":{"start":{"line":332,"column":0},"end":{"line":332,"column":5}},"332":{"start":{"line":333,"column":0},"end":{"line":333,"column":4}},"335":{"start":{"line":336,"column":0},"end":{"line":336,"column":19}},"336":{"start":{"line":337,"column":0},"end":{"line":337,"column":52}},"337":{"start":{"line":338,"column":0},"end":{"line":338,"column":62}},"338":{"start":{"line":339,"column":0},"end":{"line":339,"column":63}},"339":{"start":{"line":340,"column":0},"end":{"line":340,"column":54}},"340":{"start":{"line":341,"column":0},"end":{"line":341,"column":7}},"341":{"start":{"line":342,"column":0},"end":{"line":342,"column":57}},"342":{"start":{"line":343,"column":0},"end":{"line":343,"column":28}},"343":{"start":{"line":344,"column":0},"end":{"line":344,"column":50}},"344":{"start":{"line":345,"column":0},"end":{"line":345,"column":7}},"345":{"start":{"line":346,"column":0},"end":{"line":346,"column":36}},"346":{"start":{"line":347,"column":0},"end":{"line":347,"column":79}},"347":{"start":{"line":348,"column":0},"end":{"line":348,"column":22}},"348":{"start":{"line":349,"column":0},"end":{"line":349,"column":22}},"349":{"start":{"line":350,"column":0},"end":{"line":350,"column":18}},"350":{"start":{"line":351,"column":0},"end":{"line":351,"column":35}},"351":{"start":{"line":352,"column":0},"end":{"line":352,"column":26}},"352":{"start":{"line":353,"column":0},"end":{"line":353,"column":48}},"353":{"start":{"line":354,"column":0},"end":{"line":354,"column":32}},"354":{"start":{"line":355,"column":0},"end":{"line":355,"column":9}},"355":{"start":{"line":356,"column":0},"end":{"line":356,"column":21}},"356":{"start":{"line":357,"column":0},"end":{"line":357,"column":29}},"357":{"start":{"line":358,"column":0},"end":{"line":358,"column":35}},"358":{"start":{"line":359,"column":0},"end":{"line":359,"column":49}},"359":{"start":{"line":360,"column":0},"end":{"line":360,"column":11}},"360":{"start":{"line":361,"column":0},"end":{"line":361,"column":64}},"361":{"start":{"line":362,"column":0},"end":{"line":362,"column":5}},"362":{"start":{"line":363,"column":0},"end":{"line":363,"column":20}},"365":{"start":{"line":366,"column":0},"end":{"line":366,"column":37}},"366":{"start":{"line":367,"column":0},"end":{"line":367,"column":9}},"368":{"start":{"line":369,"column":0},"end":{"line":369,"column":35}},"369":{"start":{"line":370,"column":0},"end":{"line":370,"column":52}},"370":{"start":{"line":371,"column":0},"end":{"line":371,"column":9}},"371":{"start":{"line":372,"column":0},"end":{"line":372,"column":24}},"372":{"start":{"line":373,"column":0},"end":{"line":373,"column":20}},"373":{"start":{"line":374,"column":0},"end":{"line":374,"column":46}},"374":{"start":{"line":375,"column":0},"end":{"line":375,"column":11}},"375":{"start":{"line":376,"column":0},"end":{"line":376,"column":9}},"378":{"start":{"line":379,"column":0},"end":{"line":379,"column":25}},"379":{"start":{"line":380,"column":0},"end":{"line":380,"column":68}},"380":{"start":{"line":381,"column":0},"end":{"line":381,"column":7}},"382":{"start":{"line":383,"column":0},"end":{"line":383,"column":41}},"383":{"start":{"line":384,"column":0},"end":{"line":384,"column":55}},"384":{"start":{"line":385,"column":0},"end":{"line":385,"column":24}},"386":{"start":{"line":387,"column":0},"end":{"line":387,"column":49}},"387":{"start":{"line":388,"column":0},"end":{"line":388,"column":53}},"388":{"start":{"line":389,"column":0},"end":{"line":389,"column":45}},"390":{"start":{"line":391,"column":0},"end":{"line":391,"column":55}},"391":{"start":{"line":392,"column":0},"end":{"line":392,"column":24}},"392":{"start":{"line":393,"column":0},"end":{"line":393,"column":14}},"393":{"start":{"line":394,"column":0},"end":{"line":394,"column":25}},"394":{"start":{"line":395,"column":0},"end":{"line":395,"column":7}},"395":{"start":{"line":396,"column":0},"end":{"line":396,"column":21}},"396":{"start":{"line":397,"column":0},"end":{"line":397,"column":27}},"397":{"start":{"line":398,"column":0},"end":{"line":398,"column":5}},"398":{"start":{"line":399,"column":0},"end":{"line":399,"column":4}},"400":{"start":{"line":401,"column":0},"end":{"line":401,"column":41}},"402":{"start":{"line":403,"column":0},"end":{"line":403,"column":72}},"403":{"start":{"line":404,"column":0},"end":{"line":404,"column":7}},"404":{"start":{"line":405,"column":0},"end":{"line":405,"column":23}},"405":{"start":{"line":406,"column":0},"end":{"line":406,"column":54}},"406":{"start":{"line":407,"column":0},"end":{"line":407,"column":7}},"409":{"start":{"line":410,"column":0},"end":{"line":410,"column":38}},"410":{"start":{"line":411,"column":0},"end":{"line":411,"column":21}},"411":{"start":{"line":412,"column":0},"end":{"line":412,"column":3}},"414":{"start":{"line":415,"column":0},"end":{"line":415,"column":37}},"415":{"start":{"line":416,"column":0},"end":{"line":416,"column":77}},"416":{"start":{"line":417,"column":0},"end":{"line":417,"column":51}},"417":{"start":{"line":418,"column":0},"end":{"line":418,"column":45}},"419":{"start":{"line":420,"column":0},"end":{"line":420,"column":44}},"420":{"start":{"line":421,"column":0},"end":{"line":421,"column":50}},"421":{"start":{"line":422,"column":0},"end":{"line":422,"column":4}},"424":{"start":{"line":425,"column":0},"end":{"line":425,"column":62}},"429":{"start":{"line":430,"column":0},"end":{"line":430,"column":26}},"430":{"start":{"line":431,"column":0},"end":{"line":431,"column":54}},"431":{"start":{"line":432,"column":0},"end":{"line":432,"column":78}},"432":{"start":{"line":433,"column":0},"end":{"line":433,"column":59}},"433":{"start":{"line":434,"column":0},"end":{"line":434,"column":79}},"434":{"start":{"line":435,"column":0},"end":{"line":435,"column":68}},"436":{"start":{"line":437,"column":0},"end":{"line":437,"column":33}},"437":{"start":{"line":438,"column":0},"end":{"line":438,"column":54}},"438":{"start":{"line":439,"column":0},"end":{"line":439,"column":8}},"439":{"start":{"line":440,"column":0},"end":{"line":440,"column":5}},"440":{"start":{"line":441,"column":0},"end":{"line":441,"column":36}},"441":{"start":{"line":442,"column":0},"end":{"line":442,"column":39}},"442":{"start":{"line":443,"column":0},"end":{"line":443,"column":45}},"443":{"start":{"line":444,"column":0},"end":{"line":444,"column":61}},"445":{"start":{"line":446,"column":0},"end":{"line":446,"column":59}},"446":{"start":{"line":447,"column":0},"end":{"line":447,"column":29}},"447":{"start":{"line":448,"column":0},"end":{"line":448,"column":28}},"448":{"start":{"line":449,"column":0},"end":{"line":449,"column":29}},"449":{"start":{"line":450,"column":0},"end":{"line":450,"column":78}},"450":{"start":{"line":451,"column":0},"end":{"line":451,"column":49}},"451":{"start":{"line":452,"column":0},"end":{"line":452,"column":74}},"452":{"start":{"line":453,"column":0},"end":{"line":453,"column":70}},"453":{"start":{"line":454,"column":0},"end":{"line":454,"column":81}},"454":{"start":{"line":455,"column":0},"end":{"line":455,"column":98}},"456":{"start":{"line":457,"column":0},"end":{"line":457,"column":24}},"457":{"start":{"line":458,"column":0},"end":{"line":458,"column":28}},"458":{"start":{"line":459,"column":0},"end":{"line":459,"column":32}},"459":{"start":{"line":460,"column":0},"end":{"line":460,"column":28}},"460":{"start":{"line":461,"column":0},"end":{"line":461,"column":55}},"461":{"start":{"line":462,"column":0},"end":{"line":462,"column":11}},"462":{"start":{"line":463,"column":0},"end":{"line":463,"column":16}},"464":{"start":{"line":465,"column":0},"end":{"line":465,"column":27}},"465":{"start":{"line":466,"column":0},"end":{"line":466,"column":29}},"466":{"start":{"line":467,"column":0},"end":{"line":467,"column":28}},"468":{"start":{"line":469,"column":0},"end":{"line":469,"column":11}},"469":{"start":{"line":470,"column":0},"end":{"line":470,"column":22}},"471":{"start":{"line":472,"column":0},"end":{"line":472,"column":16}},"473":{"start":{"line":474,"column":0},"end":{"line":474,"column":34}},"474":{"start":{"line":475,"column":0},"end":{"line":475,"column":62}},"475":{"start":{"line":476,"column":0},"end":{"line":476,"column":26}},"476":{"start":{"line":477,"column":0},"end":{"line":477,"column":30}},"477":{"start":{"line":478,"column":0},"end":{"line":478,"column":39}},"478":{"start":{"line":479,"column":0},"end":{"line":479,"column":24}},"479":{"start":{"line":480,"column":0},"end":{"line":480,"column":26}},"480":{"start":{"line":481,"column":0},"end":{"line":481,"column":22}},"482":{"start":{"line":483,"column":0},"end":{"line":483,"column":25}},"483":{"start":{"line":484,"column":0},"end":{"line":484,"column":33}},"484":{"start":{"line":485,"column":0},"end":{"line":485,"column":53}},"485":{"start":{"line":486,"column":0},"end":{"line":486,"column":16}},"487":{"start":{"line":488,"column":0},"end":{"line":488,"column":27}},"488":{"start":{"line":489,"column":0},"end":{"line":489,"column":70}},"489":{"start":{"line":490,"column":0},"end":{"line":490,"column":30}},"490":{"start":{"line":491,"column":0},"end":{"line":491,"column":25}},"491":{"start":{"line":492,"column":0},"end":{"line":492,"column":22}},"492":{"start":{"line":493,"column":0},"end":{"line":493,"column":33}},"493":{"start":{"line":494,"column":0},"end":{"line":494,"column":37}},"494":{"start":{"line":495,"column":0},"end":{"line":495,"column":52}},"495":{"start":{"line":496,"column":0},"end":{"line":496,"column":36}},"496":{"start":{"line":497,"column":0},"end":{"line":497,"column":13}},"497":{"start":{"line":498,"column":0},"end":{"line":498,"column":25}},"498":{"start":{"line":499,"column":0},"end":{"line":499,"column":33}},"499":{"start":{"line":500,"column":0},"end":{"line":500,"column":53}},"500":{"start":{"line":501,"column":0},"end":{"line":501,"column":43}},"502":{"start":{"line":503,"column":0},"end":{"line":503,"column":16}},"504":{"start":{"line":505,"column":0},"end":{"line":505,"column":28}},"505":{"start":{"line":506,"column":0},"end":{"line":506,"column":65}},"506":{"start":{"line":507,"column":0},"end":{"line":507,"column":52}},"507":{"start":{"line":508,"column":0},"end":{"line":508,"column":22}},"508":{"start":{"line":509,"column":0},"end":{"line":509,"column":26}},"509":{"start":{"line":510,"column":0},"end":{"line":510,"column":26}},"510":{"start":{"line":511,"column":0},"end":{"line":511,"column":26}},"511":{"start":{"line":512,"column":0},"end":{"line":512,"column":65}},"513":{"start":{"line":514,"column":0},"end":{"line":514,"column":28}},"514":{"start":{"line":515,"column":0},"end":{"line":515,"column":32}},"515":{"start":{"line":516,"column":0},"end":{"line":516,"column":19}},"516":{"start":{"line":517,"column":0},"end":{"line":517,"column":16}},"518":{"start":{"line":519,"column":0},"end":{"line":519,"column":29}},"519":{"start":{"line":520,"column":0},"end":{"line":520,"column":22}},"520":{"start":{"line":521,"column":0},"end":{"line":521,"column":44}},"521":{"start":{"line":522,"column":0},"end":{"line":522,"column":38}},"522":{"start":{"line":523,"column":0},"end":{"line":523,"column":21}},"523":{"start":{"line":524,"column":0},"end":{"line":524,"column":51}},"524":{"start":{"line":525,"column":0},"end":{"line":525,"column":47}},"525":{"start":{"line":526,"column":0},"end":{"line":526,"column":16}},"527":{"start":{"line":528,"column":0},"end":{"line":528,"column":20}},"528":{"start":{"line":529,"column":0},"end":{"line":529,"column":41}},"529":{"start":{"line":530,"column":0},"end":{"line":530,"column":16}},"531":{"start":{"line":532,"column":0},"end":{"line":532,"column":30}},"532":{"start":{"line":533,"column":0},"end":{"line":533,"column":26}},"533":{"start":{"line":534,"column":0},"end":{"line":534,"column":26}},"534":{"start":{"line":535,"column":0},"end":{"line":535,"column":22}},"535":{"start":{"line":536,"column":0},"end":{"line":536,"column":39}},"536":{"start":{"line":537,"column":0},"end":{"line":537,"column":30}},"537":{"start":{"line":538,"column":0},"end":{"line":538,"column":52}},"538":{"start":{"line":539,"column":0},"end":{"line":539,"column":36}},"539":{"start":{"line":540,"column":0},"end":{"line":540,"column":13}},"540":{"start":{"line":541,"column":0},"end":{"line":541,"column":25}},"541":{"start":{"line":542,"column":0},"end":{"line":542,"column":33}},"542":{"start":{"line":543,"column":0},"end":{"line":543,"column":39}},"543":{"start":{"line":544,"column":0},"end":{"line":544,"column":53}},"544":{"start":{"line":545,"column":0},"end":{"line":545,"column":43}},"545":{"start":{"line":546,"column":0},"end":{"line":546,"column":58}},"546":{"start":{"line":547,"column":0},"end":{"line":547,"column":26}},"547":{"start":{"line":548,"column":0},"end":{"line":548,"column":26}},"548":{"start":{"line":549,"column":0},"end":{"line":549,"column":16}},"550":{"start":{"line":551,"column":0},"end":{"line":551,"column":43}},"551":{"start":{"line":552,"column":0},"end":{"line":552,"column":70}},"552":{"start":{"line":553,"column":0},"end":{"line":553,"column":30}},"553":{"start":{"line":554,"column":0},"end":{"line":554,"column":22}},"554":{"start":{"line":555,"column":0},"end":{"line":555,"column":52}},"555":{"start":{"line":556,"column":0},"end":{"line":556,"column":36}},"556":{"start":{"line":557,"column":0},"end":{"line":557,"column":13}},"557":{"start":{"line":558,"column":0},"end":{"line":558,"column":16}},"559":{"start":{"line":560,"column":0},"end":{"line":560,"column":34}},"560":{"start":{"line":561,"column":0},"end":{"line":561,"column":50}},"561":{"start":{"line":562,"column":0},"end":{"line":562,"column":30}},"562":{"start":{"line":563,"column":0},"end":{"line":563,"column":16}},"564":{"start":{"line":565,"column":0},"end":{"line":565,"column":28}},"565":{"start":{"line":566,"column":0},"end":{"line":566,"column":22}},"566":{"start":{"line":567,"column":0},"end":{"line":567,"column":26}},"567":{"start":{"line":568,"column":0},"end":{"line":568,"column":32}},"568":{"start":{"line":569,"column":0},"end":{"line":569,"column":30}},"569":{"start":{"line":570,"column":0},"end":{"line":570,"column":37}},"570":{"start":{"line":571,"column":0},"end":{"line":571,"column":16}},"572":{"start":{"line":573,"column":0},"end":{"line":573,"column":31}},"573":{"start":{"line":574,"column":0},"end":{"line":574,"column":64}},"586":{"start":{"line":587,"column":0},"end":{"line":587,"column":16}},"588":{"start":{"line":589,"column":0},"end":{"line":589,"column":16}},"589":{"start":{"line":590,"column":0},"end":{"line":590,"column":62}},"590":{"start":{"line":591,"column":0},"end":{"line":591,"column":31}},"591":{"start":{"line":592,"column":0},"end":{"line":592,"column":7}},"592":{"start":{"line":593,"column":0},"end":{"line":593,"column":6}},"596":{"start":{"line":597,"column":0},"end":{"line":597,"column":47}},"597":{"start":{"line":598,"column":0},"end":{"line":598,"column":37}},"598":{"start":{"line":599,"column":0},"end":{"line":599,"column":51}},"599":{"start":{"line":600,"column":0},"end":{"line":600,"column":6}},"601":{"start":{"line":602,"column":0},"end":{"line":602,"column":35}},"602":{"start":{"line":603,"column":0},"end":{"line":603,"column":32}},"603":{"start":{"line":604,"column":0},"end":{"line":604,"column":48}},"604":{"start":{"line":605,"column":0},"end":{"line":605,"column":78}},"605":{"start":{"line":606,"column":0},"end":{"line":606,"column":6}},"606":{"start":{"line":607,"column":0},"end":{"line":607,"column":4}},"608":{"start":{"line":609,"column":0},"end":{"line":609,"column":51}},"609":{"start":{"line":610,"column":0},"end":{"line":610,"column":33}},"610":{"start":{"line":611,"column":0},"end":{"line":611,"column":9}},"611":{"start":{"line":612,"column":0},"end":{"line":612,"column":80}},"612":{"start":{"line":613,"column":0},"end":{"line":613,"column":24}},"613":{"start":{"line":614,"column":0},"end":{"line":614,"column":43}},"614":{"start":{"line":615,"column":0},"end":{"line":615,"column":22}},"615":{"start":{"line":616,"column":0},"end":{"line":616,"column":14}},"616":{"start":{"line":617,"column":0},"end":{"line":617,"column":46}},"617":{"start":{"line":618,"column":0},"end":{"line":618,"column":7}},"618":{"start":{"line":619,"column":0},"end":{"line":619,"column":21}},"619":{"start":{"line":620,"column":0},"end":{"line":620,"column":51}},"620":{"start":{"line":621,"column":0},"end":{"line":621,"column":5}},"621":{"start":{"line":622,"column":0},"end":{"line":622,"column":4}},"622":{"start":{"line":623,"column":0},"end":{"line":623,"column":50}},"624":{"start":{"line":625,"column":0},"end":{"line":625,"column":51}},"625":{"start":{"line":626,"column":0},"end":{"line":626,"column":38}},"626":{"start":{"line":627,"column":0},"end":{"line":627,"column":107}},"627":{"start":{"line":628,"column":0},"end":{"line":628,"column":37}},"628":{"start":{"line":629,"column":0},"end":{"line":629,"column":81}},"629":{"start":{"line":630,"column":0},"end":{"line":630,"column":27}},"630":{"start":{"line":631,"column":0},"end":{"line":631,"column":47}},"631":{"start":{"line":632,"column":0},"end":{"line":632,"column":9}},"632":{"start":{"line":633,"column":0},"end":{"line":633,"column":28}},"633":{"start":{"line":634,"column":0},"end":{"line":634,"column":9}},"634":{"start":{"line":635,"column":0},"end":{"line":635,"column":5}},"635":{"start":{"line":636,"column":0},"end":{"line":636,"column":4}},"637":{"start":{"line":638,"column":0},"end":{"line":638,"column":37}},"638":{"start":{"line":639,"column":0},"end":{"line":639,"column":9}},"639":{"start":{"line":640,"column":0},"end":{"line":640,"column":75}},"640":{"start":{"line":641,"column":0},"end":{"line":641,"column":24}},"641":{"start":{"line":642,"column":0},"end":{"line":642,"column":43}},"642":{"start":{"line":643,"column":0},"end":{"line":643,"column":97}},"643":{"start":{"line":644,"column":0},"end":{"line":644,"column":14}},"644":{"start":{"line":645,"column":0},"end":{"line":645,"column":50}},"645":{"start":{"line":646,"column":0},"end":{"line":646,"column":7}},"646":{"start":{"line":647,"column":0},"end":{"line":647,"column":21}},"647":{"start":{"line":648,"column":0},"end":{"line":648,"column":55}},"648":{"start":{"line":649,"column":0},"end":{"line":649,"column":5}},"649":{"start":{"line":650,"column":0},"end":{"line":650,"column":4}},"650":{"start":{"line":651,"column":0},"end":{"line":651,"column":54}},"652":{"start":{"line":653,"column":0},"end":{"line":653,"column":19}},"653":{"start":{"line":654,"column":0},"end":{"line":654,"column":44}},"654":{"start":{"line":655,"column":0},"end":{"line":655,"column":64}},"655":{"start":{"line":656,"column":0},"end":{"line":656,"column":87}},"656":{"start":{"line":657,"column":0},"end":{"line":657,"column":5}},"657":{"start":{"line":658,"column":0},"end":{"line":658,"column":29}},"659":{"start":{"line":660,"column":0},"end":{"line":660,"column":19}},"660":{"start":{"line":661,"column":0},"end":{"line":661,"column":20}},"661":{"start":{"line":662,"column":0},"end":{"line":662,"column":23}},"663":{"start":{"line":664,"column":0},"end":{"line":664,"column":46}},"664":{"start":{"line":665,"column":0},"end":{"line":665,"column":70}},"666":{"start":{"line":667,"column":0},"end":{"line":667,"column":9}},"667":{"start":{"line":668,"column":0},"end":{"line":668,"column":35}},"668":{"start":{"line":669,"column":0},"end":{"line":669,"column":67}},"669":{"start":{"line":670,"column":0},"end":{"line":670,"column":9}},"670":{"start":{"line":671,"column":0},"end":{"line":671,"column":24}},"671":{"start":{"line":672,"column":0},"end":{"line":672,"column":20}},"672":{"start":{"line":673,"column":0},"end":{"line":673,"column":46}},"673":{"start":{"line":674,"column":0},"end":{"line":674,"column":11}},"674":{"start":{"line":675,"column":0},"end":{"line":675,"column":9}},"676":{"start":{"line":677,"column":0},"end":{"line":677,"column":55}},"678":{"start":{"line":679,"column":0},"end":{"line":679,"column":25}},"679":{"start":{"line":680,"column":0},"end":{"line":680,"column":69}},"680":{"start":{"line":681,"column":0},"end":{"line":681,"column":7}},"682":{"start":{"line":683,"column":0},"end":{"line":683,"column":41}},"683":{"start":{"line":684,"column":0},"end":{"line":684,"column":18}},"684":{"start":{"line":685,"column":0},"end":{"line":685,"column":68}},"685":{"start":{"line":686,"column":0},"end":{"line":686,"column":12}},"687":{"start":{"line":688,"column":0},"end":{"line":688,"column":30}},"688":{"start":{"line":689,"column":0},"end":{"line":689,"column":21}},"689":{"start":{"line":690,"column":0},"end":{"line":690,"column":27}},"690":{"start":{"line":691,"column":0},"end":{"line":691,"column":16}},"691":{"start":{"line":692,"column":0},"end":{"line":692,"column":5}},"692":{"start":{"line":693,"column":0},"end":{"line":693,"column":4}},"693":{"start":{"line":694,"column":0},"end":{"line":694,"column":36}},"694":{"start":{"line":695,"column":0},"end":{"line":695,"column":50}},"695":{"start":{"line":696,"column":0},"end":{"line":696,"column":9}},"696":{"start":{"line":697,"column":0},"end":{"line":697,"column":35}},"697":{"start":{"line":698,"column":0},"end":{"line":698,"column":71}},"698":{"start":{"line":699,"column":0},"end":{"line":699,"column":9}},"699":{"start":{"line":700,"column":0},"end":{"line":700,"column":24}},"700":{"start":{"line":701,"column":0},"end":{"line":701,"column":20}},"701":{"start":{"line":702,"column":0},"end":{"line":702,"column":46}},"702":{"start":{"line":703,"column":0},"end":{"line":703,"column":11}},"703":{"start":{"line":704,"column":0},"end":{"line":704,"column":9}},"706":{"start":{"line":707,"column":0},"end":{"line":707,"column":25}},"707":{"start":{"line":708,"column":0},"end":{"line":708,"column":65}},"708":{"start":{"line":709,"column":0},"end":{"line":709,"column":7}},"710":{"start":{"line":711,"column":0},"end":{"line":711,"column":41}},"711":{"start":{"line":712,"column":0},"end":{"line":712,"column":73}},"712":{"start":{"line":713,"column":0},"end":{"line":713,"column":71}},"713":{"start":{"line":714,"column":0},"end":{"line":714,"column":30}},"714":{"start":{"line":715,"column":0},"end":{"line":715,"column":21}},"715":{"start":{"line":716,"column":0},"end":{"line":716,"column":25}},"716":{"start":{"line":717,"column":0},"end":{"line":717,"column":16}},"717":{"start":{"line":718,"column":0},"end":{"line":718,"column":5}},"718":{"start":{"line":719,"column":0},"end":{"line":719,"column":4}},"720":{"start":{"line":721,"column":0},"end":{"line":721,"column":56}},"721":{"start":{"line":722,"column":0},"end":{"line":722,"column":54}},"722":{"start":{"line":723,"column":0},"end":{"line":723,"column":9}},"723":{"start":{"line":724,"column":0},"end":{"line":724,"column":24}},"724":{"start":{"line":725,"column":0},"end":{"line":725,"column":17}},"725":{"start":{"line":726,"column":0},"end":{"line":726,"column":18}},"726":{"start":{"line":727,"column":0},"end":{"line":727,"column":16}},"727":{"start":{"line":728,"column":0},"end":{"line":728,"column":18}},"728":{"start":{"line":729,"column":0},"end":{"line":729,"column":8}},"729":{"start":{"line":730,"column":0},"end":{"line":730,"column":55}},"730":{"start":{"line":731,"column":0},"end":{"line":731,"column":51}},"731":{"start":{"line":732,"column":0},"end":{"line":732,"column":44}},"734":{"start":{"line":735,"column":0},"end":{"line":735,"column":18}},"735":{"start":{"line":736,"column":0},"end":{"line":736,"column":26}},"736":{"start":{"line":737,"column":0},"end":{"line":737,"column":15}},"737":{"start":{"line":738,"column":0},"end":{"line":738,"column":25}},"738":{"start":{"line":739,"column":0},"end":{"line":739,"column":26}},"741":{"start":{"line":742,"column":0},"end":{"line":742,"column":57}},"742":{"start":{"line":743,"column":0},"end":{"line":743,"column":43}},"744":{"start":{"line":745,"column":0},"end":{"line":745,"column":29}},"745":{"start":{"line":746,"column":0},"end":{"line":746,"column":45}},"746":{"start":{"line":747,"column":0},"end":{"line":747,"column":65}},"747":{"start":{"line":748,"column":0},"end":{"line":748,"column":33}},"748":{"start":{"line":749,"column":0},"end":{"line":749,"column":24}},"749":{"start":{"line":750,"column":0},"end":{"line":750,"column":66}},"750":{"start":{"line":751,"column":0},"end":{"line":751,"column":19}},"752":{"start":{"line":753,"column":0},"end":{"line":753,"column":26}},"753":{"start":{"line":754,"column":0},"end":{"line":754,"column":38}},"754":{"start":{"line":755,"column":0},"end":{"line":755,"column":33}},"755":{"start":{"line":756,"column":0},"end":{"line":756,"column":36}},"756":{"start":{"line":757,"column":0},"end":{"line":757,"column":33}},"757":{"start":{"line":758,"column":0},"end":{"line":758,"column":37}},"758":{"start":{"line":759,"column":0},"end":{"line":759,"column":33}},"759":{"start":{"line":760,"column":0},"end":{"line":760,"column":35}},"760":{"start":{"line":761,"column":0},"end":{"line":761,"column":13}},"761":{"start":{"line":762,"column":0},"end":{"line":762,"column":18}},"762":{"start":{"line":763,"column":0},"end":{"line":763,"column":24}},"763":{"start":{"line":764,"column":0},"end":{"line":764,"column":72}},"765":{"start":{"line":766,"column":0},"end":{"line":766,"column":11}},"766":{"start":{"line":767,"column":0},"end":{"line":767,"column":16}},"767":{"start":{"line":768,"column":0},"end":{"line":768,"column":57}},"768":{"start":{"line":769,"column":0},"end":{"line":769,"column":9}},"769":{"start":{"line":770,"column":0},"end":{"line":770,"column":7}},"770":{"start":{"line":771,"column":0},"end":{"line":771,"column":59}},"771":{"start":{"line":772,"column":0},"end":{"line":772,"column":28}},"772":{"start":{"line":773,"column":0},"end":{"line":773,"column":31}},"773":{"start":{"line":774,"column":0},"end":{"line":774,"column":62}},"774":{"start":{"line":775,"column":0},"end":{"line":775,"column":21}},"775":{"start":{"line":776,"column":0},"end":{"line":776,"column":25}},"776":{"start":{"line":777,"column":0},"end":{"line":777,"column":5}},"777":{"start":{"line":778,"column":0},"end":{"line":778,"column":4}},"779":{"start":{"line":780,"column":0},"end":{"line":780,"column":19}},"780":{"start":{"line":781,"column":0},"end":{"line":781,"column":32}},"781":{"start":{"line":782,"column":0},"end":{"line":782,"column":39}},"782":{"start":{"line":783,"column":0},"end":{"line":783,"column":5}},"783":{"start":{"line":784,"column":0},"end":{"line":784,"column":23}},"785":{"start":{"line":786,"column":0},"end":{"line":786,"column":19}},"786":{"start":{"line":787,"column":0},"end":{"line":787,"column":22}},"787":{"start":{"line":788,"column":0},"end":{"line":788,"column":48}},"788":{"start":{"line":789,"column":0},"end":{"line":789,"column":32}},"789":{"start":{"line":790,"column":0},"end":{"line":790,"column":9}},"790":{"start":{"line":791,"column":0},"end":{"line":791,"column":5}},"791":{"start":{"line":792,"column":0},"end":{"line":792,"column":20}},"793":{"start":{"line":794,"column":0},"end":{"line":794,"column":38}},"794":{"start":{"line":795,"column":0},"end":{"line":795,"column":33}},"795":{"start":{"line":796,"column":0},"end":{"line":796,"column":65}},"796":{"start":{"line":797,"column":0},"end":{"line":797,"column":42}},"797":{"start":{"line":798,"column":0},"end":{"line":798,"column":73}},"798":{"start":{"line":799,"column":0},"end":{"line":799,"column":22}},"799":{"start":{"line":800,"column":0},"end":{"line":800,"column":24}},"800":{"start":{"line":801,"column":0},"end":{"line":801,"column":27}},"801":{"start":{"line":802,"column":0},"end":{"line":802,"column":22}},"802":{"start":{"line":803,"column":0},"end":{"line":803,"column":41}},"803":{"start":{"line":804,"column":0},"end":{"line":804,"column":12}},"804":{"start":{"line":805,"column":0},"end":{"line":805,"column":20}},"805":{"start":{"line":806,"column":0},"end":{"line":806,"column":5}},"806":{"start":{"line":807,"column":0},"end":{"line":807,"column":4}},"807":{"start":{"line":808,"column":0},"end":{"line":808,"column":57}},"808":{"start":{"line":809,"column":0},"end":{"line":809,"column":39}},"809":{"start":{"line":810,"column":0},"end":{"line":810,"column":33}},"810":{"start":{"line":811,"column":0},"end":{"line":811,"column":52}},"812":{"start":{"line":813,"column":0},"end":{"line":813,"column":42}},"813":{"start":{"line":814,"column":0},"end":{"line":814,"column":75}},"814":{"start":{"line":815,"column":0},"end":{"line":815,"column":64}},"816":{"start":{"line":817,"column":0},"end":{"line":817,"column":22}},"817":{"start":{"line":818,"column":0},"end":{"line":818,"column":73}},"818":{"start":{"line":819,"column":0},"end":{"line":819,"column":5}},"819":{"start":{"line":820,"column":0},"end":{"line":820,"column":4}},"820":{"start":{"line":821,"column":0},"end":{"line":821,"column":41}},"821":{"start":{"line":822,"column":0},"end":{"line":822,"column":38}},"823":{"start":{"line":824,"column":0},"end":{"line":824,"column":47}},"825":{"start":{"line":826,"column":0},"end":{"line":826,"column":49}},"826":{"start":{"line":827,"column":0},"end":{"line":827,"column":80}},"827":{"start":{"line":828,"column":0},"end":{"line":828,"column":13}},"828":{"start":{"line":829,"column":0},"end":{"line":829,"column":5}},"829":{"start":{"line":830,"column":0},"end":{"line":830,"column":68}},"831":{"start":{"line":832,"column":0},"end":{"line":832,"column":60}},"832":{"start":{"line":833,"column":0},"end":{"line":833,"column":27}},"833":{"start":{"line":834,"column":0},"end":{"line":834,"column":21}},"834":{"start":{"line":835,"column":0},"end":{"line":835,"column":27}},"835":{"start":{"line":836,"column":0},"end":{"line":836,"column":19}},"836":{"start":{"line":837,"column":0},"end":{"line":837,"column":38}},"837":{"start":{"line":838,"column":0},"end":{"line":838,"column":40}},"838":{"start":{"line":839,"column":0},"end":{"line":839,"column":9}},"839":{"start":{"line":840,"column":0},"end":{"line":840,"column":8}},"840":{"start":{"line":841,"column":0},"end":{"line":841,"column":48}},"841":{"start":{"line":842,"column":0},"end":{"line":842,"column":25}},"842":{"start":{"line":843,"column":0},"end":{"line":843,"column":7}},"843":{"start":{"line":844,"column":0},"end":{"line":844,"column":28}},"844":{"start":{"line":845,"column":0},"end":{"line":845,"column":77}},"845":{"start":{"line":846,"column":0},"end":{"line":846,"column":90}},"846":{"start":{"line":847,"column":0},"end":{"line":847,"column":5}},"847":{"start":{"line":848,"column":0},"end":{"line":848,"column":34}},"848":{"start":{"line":849,"column":0},"end":{"line":849,"column":56}},"849":{"start":{"line":850,"column":0},"end":{"line":850,"column":4}},"851":{"start":{"line":852,"column":0},"end":{"line":852,"column":19}},"852":{"start":{"line":853,"column":0},"end":{"line":853,"column":28}},"853":{"start":{"line":854,"column":0},"end":{"line":854,"column":77}},"854":{"start":{"line":855,"column":0},"end":{"line":855,"column":37}},"855":{"start":{"line":856,"column":0},"end":{"line":856,"column":5}},"856":{"start":{"line":857,"column":0},"end":{"line":857,"column":15}},"858":{"start":{"line":859,"column":0},"end":{"line":859,"column":19}},"859":{"start":{"line":860,"column":0},"end":{"line":860,"column":49}},"860":{"start":{"line":861,"column":0},"end":{"line":861,"column":15}},"862":{"start":{"line":863,"column":0},"end":{"line":863,"column":31}},"863":{"start":{"line":864,"column":0},"end":{"line":864,"column":65}},"864":{"start":{"line":865,"column":0},"end":{"line":865,"column":56}},"865":{"start":{"line":866,"column":0},"end":{"line":866,"column":75}},"866":{"start":{"line":867,"column":0},"end":{"line":867,"column":56}},"867":{"start":{"line":868,"column":0},"end":{"line":868,"column":23}},"868":{"start":{"line":869,"column":0},"end":{"line":869,"column":22}},"869":{"start":{"line":870,"column":0},"end":{"line":870,"column":22}},"870":{"start":{"line":871,"column":0},"end":{"line":871,"column":48}},"871":{"start":{"line":872,"column":0},"end":{"line":872,"column":32}},"872":{"start":{"line":873,"column":0},"end":{"line":873,"column":9}},"873":{"start":{"line":874,"column":0},"end":{"line":874,"column":26}},"874":{"start":{"line":875,"column":0},"end":{"line":875,"column":21}},"875":{"start":{"line":876,"column":0},"end":{"line":876,"column":29}},"876":{"start":{"line":877,"column":0},"end":{"line":877,"column":78}},"877":{"start":{"line":878,"column":0},"end":{"line":878,"column":18}},"878":{"start":{"line":879,"column":0},"end":{"line":879,"column":81}},"880":{"start":{"line":881,"column":0},"end":{"line":881,"column":12}},"881":{"start":{"line":882,"column":0},"end":{"line":882,"column":18}},"882":{"start":{"line":883,"column":0},"end":{"line":883,"column":51}},"883":{"start":{"line":884,"column":0},"end":{"line":884,"column":58}},"885":{"start":{"line":886,"column":0},"end":{"line":886,"column":5}},"886":{"start":{"line":887,"column":0},"end":{"line":887,"column":4}},"888":{"start":{"line":889,"column":0},"end":{"line":889,"column":19}},"889":{"start":{"line":890,"column":0},"end":{"line":890,"column":39}},"890":{"start":{"line":891,"column":0},"end":{"line":891,"column":40}},"891":{"start":{"line":892,"column":0},"end":{"line":892,"column":25}},"893":{"start":{"line":894,"column":0},"end":{"line":894,"column":101}},"894":{"start":{"line":895,"column":0},"end":{"line":895,"column":39}},"895":{"start":{"line":896,"column":0},"end":{"line":896,"column":38}},"896":{"start":{"line":897,"column":0},"end":{"line":897,"column":16}},"897":{"start":{"line":898,"column":0},"end":{"line":898,"column":5}},"898":{"start":{"line":899,"column":0},"end":{"line":899,"column":46}},"899":{"start":{"line":900,"column":0},"end":{"line":900,"column":45}},"902":{"start":{"line":903,"column":0},"end":{"line":903,"column":8}},"903":{"start":{"line":904,"column":0},"end":{"line":904,"column":22}},"904":{"start":{"line":905,"column":0},"end":{"line":905,"column":67}},"905":{"start":{"line":906,"column":0},"end":{"line":906,"column":72}},"906":{"start":{"line":907,"column":0},"end":{"line":907,"column":7}},"907":{"start":{"line":908,"column":0},"end":{"line":908,"column":24}},"908":{"start":{"line":909,"column":0},"end":{"line":909,"column":16}},"909":{"start":{"line":910,"column":0},"end":{"line":910,"column":46}},"910":{"start":{"line":911,"column":0},"end":{"line":911,"column":42}},"911":{"start":{"line":912,"column":0},"end":{"line":912,"column":85}},"912":{"start":{"line":913,"column":0},"end":{"line":913,"column":16}},"913":{"start":{"line":914,"column":0},"end":{"line":914,"column":46}},"914":{"start":{"line":915,"column":0},"end":{"line":915,"column":39}},"915":{"start":{"line":916,"column":0},"end":{"line":916,"column":13}},"916":{"start":{"line":917,"column":0},"end":{"line":917,"column":44}},"917":{"start":{"line":918,"column":0},"end":{"line":918,"column":5}},"918":{"start":{"line":919,"column":0},"end":{"line":919,"column":31}},"919":{"start":{"line":920,"column":0},"end":{"line":920,"column":4}},"921":{"start":{"line":922,"column":0},"end":{"line":922,"column":19}},"922":{"start":{"line":923,"column":0},"end":{"line":923,"column":14}},"924":{"start":{"line":925,"column":0},"end":{"line":925,"column":38}},"925":{"start":{"line":926,"column":0},"end":{"line":926,"column":32}},"926":{"start":{"line":927,"column":0},"end":{"line":927,"column":56}},"927":{"start":{"line":928,"column":0},"end":{"line":928,"column":15}},"928":{"start":{"line":929,"column":0},"end":{"line":929,"column":42}},"929":{"start":{"line":930,"column":0},"end":{"line":930,"column":22}},"930":{"start":{"line":931,"column":0},"end":{"line":931,"column":5}},"932":{"start":{"line":933,"column":0},"end":{"line":933,"column":18}},"933":{"start":{"line":934,"column":0},"end":{"line":934,"column":18}},"934":{"start":{"line":935,"column":0},"end":{"line":935,"column":28}},"935":{"start":{"line":936,"column":0},"end":{"line":936,"column":7}},"936":{"start":{"line":937,"column":0},"end":{"line":937,"column":6}},"937":{"start":{"line":938,"column":0},"end":{"line":938,"column":38}},"939":{"start":{"line":940,"column":0},"end":{"line":940,"column":38}},"940":{"start":{"line":941,"column":0},"end":{"line":941,"column":40}},"941":{"start":{"line":942,"column":0},"end":{"line":942,"column":17}},"942":{"start":{"line":943,"column":0},"end":{"line":943,"column":24}},"943":{"start":{"line":944,"column":0},"end":{"line":944,"column":69}},"945":{"start":{"line":946,"column":0},"end":{"line":946,"column":24}},"946":{"start":{"line":947,"column":0},"end":{"line":947,"column":74}},"947":{"start":{"line":948,"column":0},"end":{"line":948,"column":15}},"948":{"start":{"line":949,"column":0},"end":{"line":949,"column":12}},"949":{"start":{"line":950,"column":0},"end":{"line":950,"column":24}},"950":{"start":{"line":951,"column":0},"end":{"line":951,"column":5}},"951":{"start":{"line":952,"column":0},"end":{"line":952,"column":4}},"953":{"start":{"line":954,"column":0},"end":{"line":954,"column":35}},"954":{"start":{"line":955,"column":0},"end":{"line":955,"column":49}},"955":{"start":{"line":956,"column":0},"end":{"line":956,"column":45}},"956":{"start":{"line":957,"column":0},"end":{"line":957,"column":21}},"957":{"start":{"line":958,"column":0},"end":{"line":958,"column":4}},"959":{"start":{"line":960,"column":0},"end":{"line":960,"column":32}},"960":{"start":{"line":961,"column":0},"end":{"line":961,"column":22}},"961":{"start":{"line":962,"column":0},"end":{"line":962,"column":18}},"962":{"start":{"line":963,"column":0},"end":{"line":963,"column":3}},"964":{"start":{"line":965,"column":0},"end":{"line":965,"column":31}},"965":{"start":{"line":966,"column":0},"end":{"line":966,"column":22}},"966":{"start":{"line":967,"column":0},"end":{"line":967,"column":3}},"968":{"start":{"line":969,"column":0},"end":{"line":969,"column":21}},"969":{"start":{"line":970,"column":0},"end":{"line":970,"column":35}},"970":{"start":{"line":971,"column":0},"end":{"line":971,"column":45}},"971":{"start":{"line":972,"column":0},"end":{"line":972,"column":30}},"972":{"start":{"line":973,"column":0},"end":{"line":973,"column":55}},"973":{"start":{"line":974,"column":0},"end":{"line":974,"column":4}},"975":{"start":{"line":976,"column":0},"end":{"line":976,"column":37}},"976":{"start":{"line":977,"column":0},"end":{"line":977,"column":32}},"977":{"start":{"line":978,"column":0},"end":{"line":978,"column":4}},"979":{"start":{"line":980,"column":0},"end":{"line":980,"column":10}},"980":{"start":{"line":981,"column":0},"end":{"line":981,"column":31}},"982":{"start":{"line":983,"column":0},"end":{"line":983,"column":24}},"983":{"start":{"line":984,"column":0},"end":{"line":984,"column":39}},"984":{"start":{"line":985,"column":0},"end":{"line":985,"column":24}},"988":{"start":{"line":989,"column":0},"end":{"line":989,"column":200}},"989":{"start":{"line":990,"column":0},"end":{"line":990,"column":26}},"990":{"start":{"line":991,"column":0},"end":{"line":991,"column":63}},"992":{"start":{"line":993,"column":0},"end":{"line":993,"column":19}},"993":{"start":{"line":994,"column":0},"end":{"line":994,"column":23}},"994":{"start":{"line":995,"column":0},"end":{"line":995,"column":19}},"995":{"start":{"line":996,"column":0},"end":{"line":996,"column":29}},"998":{"start":{"line":999,"column":0},"end":{"line":999,"column":14}},"999":{"start":{"line":1000,"column":0},"end":{"line":1000,"column":23}},"1000":{"start":{"line":1001,"column":0},"end":{"line":1001,"column":47}},"1001":{"start":{"line":1002,"column":0},"end":{"line":1002,"column":42}},"1003":{"start":{"line":1004,"column":0},"end":{"line":1004,"column":74}},"1006":{"start":{"line":1007,"column":0},"end":{"line":1007,"column":24}},"1007":{"start":{"line":1008,"column":0},"end":{"line":1008,"column":10}},"1008":{"start":{"line":1009,"column":0},"end":{"line":1009,"column":35}},"1009":{"start":{"line":1010,"column":0},"end":{"line":1010,"column":46}},"1010":{"start":{"line":1011,"column":0},"end":{"line":1011,"column":51}},"1013":{"start":{"line":1014,"column":0},"end":{"line":1014,"column":35}},"1014":{"start":{"line":1015,"column":0},"end":{"line":1015,"column":47}},"1015":{"start":{"line":1016,"column":0},"end":{"line":1016,"column":51}},"1018":{"start":{"line":1019,"column":0},"end":{"line":1019,"column":35}},"1019":{"start":{"line":1020,"column":0},"end":{"line":1020,"column":45}},"1020":{"start":{"line":1021,"column":0},"end":{"line":1021,"column":51}},"1026":{"start":{"line":1027,"column":0},"end":{"line":1027,"column":25}},"1027":{"start":{"line":1028,"column":0},"end":{"line":1028,"column":33}},"1028":{"start":{"line":1029,"column":0},"end":{"line":1029,"column":27}},"1029":{"start":{"line":1030,"column":0},"end":{"line":1030,"column":45}},"1030":{"start":{"line":1031,"column":0},"end":{"line":1031,"column":45}},"1031":{"start":{"line":1032,"column":0},"end":{"line":1032,"column":57}},"1032":{"start":{"line":1033,"column":0},"end":{"line":1033,"column":80}},"1036":{"start":{"line":1037,"column":0},"end":{"line":1037,"column":80}},"1044":{"start":{"line":1045,"column":0},"end":{"line":1045,"column":24}},"1045":{"start":{"line":1046,"column":0},"end":{"line":1046,"column":66}},"1048":{"start":{"line":1049,"column":0},"end":{"line":1049,"column":37}},"1049":{"start":{"line":1050,"column":0},"end":{"line":1050,"column":45}},"1050":{"start":{"line":1051,"column":0},"end":{"line":1051,"column":75}},"1051":{"start":{"line":1052,"column":0},"end":{"line":1052,"column":66}},"1056":{"start":{"line":1057,"column":0},"end":{"line":1057,"column":19}},"1057":{"start":{"line":1058,"column":0},"end":{"line":1058,"column":46}},"1058":{"start":{"line":1059,"column":0},"end":{"line":1059,"column":33}},"1059":{"start":{"line":1060,"column":0},"end":{"line":1060,"column":70}},"1062":{"start":{"line":1063,"column":0},"end":{"line":1063,"column":68}},"1067":{"start":{"line":1068,"column":0},"end":{"line":1068,"column":22}},"1068":{"start":{"line":1069,"column":0},"end":{"line":1069,"column":37}},"1069":{"start":{"line":1070,"column":0},"end":{"line":1070,"column":45}},"1070":{"start":{"line":1071,"column":0},"end":{"line":1071,"column":66}},"1076":{"start":{"line":1077,"column":0},"end":{"line":1077,"column":24}},"1077":{"start":{"line":1078,"column":0},"end":{"line":1078,"column":31}},"1078":{"start":{"line":1079,"column":0},"end":{"line":1079,"column":35}},"1079":{"start":{"line":1080,"column":0},"end":{"line":1080,"column":54}},"1080":{"start":{"line":1081,"column":0},"end":{"line":1081,"column":47}},"1081":{"start":{"line":1082,"column":0},"end":{"line":1082,"column":20}},"1082":{"start":{"line":1083,"column":0},"end":{"line":1083,"column":31}},"1083":{"start":{"line":1084,"column":0},"end":{"line":1084,"column":96}},"1084":{"start":{"line":1085,"column":0},"end":{"line":1085,"column":23}},"1085":{"start":{"line":1086,"column":0},"end":{"line":1086,"column":61}},"1086":{"start":{"line":1087,"column":0},"end":{"line":1087,"column":91}},"1091":{"start":{"line":1092,"column":0},"end":{"line":1092,"column":35}},"1092":{"start":{"line":1093,"column":0},"end":{"line":1093,"column":55}},"1093":{"start":{"line":1094,"column":0},"end":{"line":1094,"column":48}},"1094":{"start":{"line":1095,"column":0},"end":{"line":1095,"column":20}},"1095":{"start":{"line":1096,"column":0},"end":{"line":1096,"column":31}},"1096":{"start":{"line":1097,"column":0},"end":{"line":1097,"column":96}},"1097":{"start":{"line":1098,"column":0},"end":{"line":1098,"column":23}},"1098":{"start":{"line":1099,"column":0},"end":{"line":1099,"column":60}},"1100":{"start":{"line":1101,"column":0},"end":{"line":1101,"column":22}},"1101":{"start":{"line":1102,"column":0},"end":{"line":1102,"column":78}},"1102":{"start":{"line":1103,"column":0},"end":{"line":1103,"column":29}},"1108":{"start":{"line":1109,"column":0},"end":{"line":1109,"column":35}},"1109":{"start":{"line":1110,"column":0},"end":{"line":1110,"column":53}},"1110":{"start":{"line":1111,"column":0},"end":{"line":1111,"column":46}},"1111":{"start":{"line":1112,"column":0},"end":{"line":1112,"column":20}},"1112":{"start":{"line":1113,"column":0},"end":{"line":1113,"column":31}},"1113":{"start":{"line":1114,"column":0},"end":{"line":1114,"column":96}},"1114":{"start":{"line":1115,"column":0},"end":{"line":1115,"column":23}},"1115":{"start":{"line":1116,"column":0},"end":{"line":1116,"column":60}},"1117":{"start":{"line":1118,"column":0},"end":{"line":1118,"column":22}},"1118":{"start":{"line":1119,"column":0},"end":{"line":1119,"column":78}},"1119":{"start":{"line":1120,"column":0},"end":{"line":1120,"column":29}},"1125":{"start":{"line":1126,"column":0},"end":{"line":1126,"column":54}},"1126":{"start":{"line":1127,"column":0},"end":{"line":1127,"column":47}},"1127":{"start":{"line":1128,"column":0},"end":{"line":1128,"column":18}},"1128":{"start":{"line":1129,"column":0},"end":{"line":1129,"column":29}},"1129":{"start":{"line":1130,"column":0},"end":{"line":1130,"column":94}},"1130":{"start":{"line":1131,"column":0},"end":{"line":1131,"column":21}},"1131":{"start":{"line":1132,"column":0},"end":{"line":1132,"column":58}},"1133":{"start":{"line":1134,"column":0},"end":{"line":1134,"column":20}},"1134":{"start":{"line":1135,"column":0},"end":{"line":1135,"column":76}},"1135":{"start":{"line":1136,"column":0},"end":{"line":1136,"column":27}},"1143":{"start":{"line":1144,"column":0},"end":{"line":1144,"column":54}},"1144":{"start":{"line":1145,"column":0},"end":{"line":1145,"column":38}},"1145":{"start":{"line":1146,"column":0},"end":{"line":1146,"column":12}},"1146":{"start":{"line":1147,"column":0},"end":{"line":1147,"column":19}},"1147":{"start":{"line":1148,"column":0},"end":{"line":1148,"column":38}},"1148":{"start":{"line":1149,"column":0},"end":{"line":1149,"column":76}},"1150":{"start":{"line":1151,"column":0},"end":{"line":1151,"column":48}},"1152":{"start":{"line":1153,"column":0},"end":{"line":1153,"column":43}},"1153":{"start":{"line":1154,"column":0},"end":{"line":1154,"column":18}},"1154":{"start":{"line":1155,"column":0},"end":{"line":1155,"column":66}},"1155":{"start":{"line":1156,"column":0},"end":{"line":1156,"column":70}},"1156":{"start":{"line":1157,"column":0},"end":{"line":1157,"column":47}},"1159":{"start":{"line":1160,"column":0},"end":{"line":1160,"column":36}},"1160":{"start":{"line":1161,"column":0},"end":{"line":1161,"column":52}},"1161":{"start":{"line":1162,"column":0},"end":{"line":1162,"column":20}},"1162":{"start":{"line":1163,"column":0},"end":{"line":1163,"column":31}},"1163":{"start":{"line":1164,"column":0},"end":{"line":1164,"column":43}},"1164":{"start":{"line":1165,"column":0},"end":{"line":1165,"column":66}},"1166":{"start":{"line":1167,"column":0},"end":{"line":1167,"column":22}},"1167":{"start":{"line":1168,"column":0},"end":{"line":1168,"column":62}},"1168":{"start":{"line":1169,"column":0},"end":{"line":1169,"column":39}},"1176":{"start":{"line":1177,"column":0},"end":{"line":1177,"column":10}},"1177":{"start":{"line":1178,"column":0},"end":{"line":1178,"column":77}},"1179":{"start":{"line":1180,"column":0},"end":{"line":1180,"column":26}},"1180":{"start":{"line":1181,"column":0},"end":{"line":1181,"column":35}},"1181":{"start":{"line":1182,"column":0},"end":{"line":1182,"column":16}},"1182":{"start":{"line":1183,"column":0},"end":{"line":1183,"column":28}},"1183":{"start":{"line":1184,"column":0},"end":{"line":1184,"column":26}},"1185":{"start":{"line":1186,"column":0},"end":{"line":1186,"column":31}},"1186":{"start":{"line":1187,"column":0},"end":{"line":1187,"column":43}},"1187":{"start":{"line":1188,"column":0},"end":{"line":1188,"column":122}},"1188":{"start":{"line":1189,"column":0},"end":{"line":1189,"column":20}},"1189":{"start":{"line":1190,"column":0},"end":{"line":1190,"column":30}},"1190":{"start":{"line":1191,"column":0},"end":{"line":1191,"column":49}},"1191":{"start":{"line":1192,"column":0},"end":{"line":1192,"column":49}},"1192":{"start":{"line":1193,"column":0},"end":{"line":1193,"column":17}},"1193":{"start":{"line":1194,"column":0},"end":{"line":1194,"column":47}},"1194":{"start":{"line":1195,"column":0},"end":{"line":1195,"column":41}},"1195":{"start":{"line":1196,"column":0},"end":{"line":1196,"column":17}},"1196":{"start":{"line":1197,"column":0},"end":{"line":1197,"column":16}},"1197":{"start":{"line":1198,"column":0},"end":{"line":1198,"column":22}},"1198":{"start":{"line":1199,"column":0},"end":{"line":1199,"column":54}},"1199":{"start":{"line":1200,"column":0},"end":{"line":1200,"column":47}},"1200":{"start":{"line":1201,"column":0},"end":{"line":1201,"column":16}},"1203":{"start":{"line":1204,"column":0},"end":{"line":1204,"column":24}},"1207":{"start":{"line":1208,"column":0},"end":{"line":1208,"column":38}},"1208":{"start":{"line":1209,"column":0},"end":{"line":1209,"column":73}},"1209":{"start":{"line":1210,"column"
[...]
cl":{"start":{"line":31,"column":27},"end":{"line":45,"column":6}},"loc":{"start":{"line":31,"column":27},"end":{"line":45,"column":6}},"line":31},"4":{"name":"fetchGamesByName","decl":{"start":{"line":60,"column":27},"end":{"line":81,"column":4}},"loc":{"start":{"line":60,"column":27},"end":{"line":81,"column":4}},"line":60},"5":{"name":"fetchGamesByPlayers","decl":{"start":{"line":83,"column":30},"end":{"line":106,"column":4}},"loc":{"start":{"line":83,"column":30},"end":{"line":106,"column":4}},"line":83},"6":{"name":"handleListGames","decl":{"start":{"line":109,"column":26},"end":{"line":166,"column":4}},"loc":{"start":{"line":109,"column":26},"end":{"line":166,"column":4}},"line":109},"7":{"name":"handleListActiveGames","decl":{"start":{"line":168,"column":32},"end":{"line":203,"column":4}},"loc":{"start":{"line":168,"column":32},"end":{"line":203,"column":4}},"line":168},"8":{"name":"handleJoinGame","decl":{"start":{"line":206,"column":25},"end":{"line":282,"column":4}},"loc":{"start":{"line":206,"column":25},"end":{"line":282,"column":4}},"line":206},"9":{"name":"handleReconnectGame","decl":{"start":{"line":285,"column":30},"end":{"line":328,"column":3}},"loc":{"start":{"line":285,"column":30},"end":{"line":328,"column":3}},"line":285},"10":{"name":"onSubmit","decl":{"start":{"line":346,"column":20},"end":{"line":351,"column":12}},"loc":{"start":{"line":346,"column":20},"end":{"line":351,"column":12}},"line":346},"11":{"name":"onChange","decl":{"start":{"line":356,"column":22},"end":{"line":356,"column":92}},"loc":{"start":{"line":356,"column":22},"end":{"line":356,"column":92}},"line":356},"12":{"name":"onClick","decl":{"start":{"line":380,"column":19},"end":{"line":380,"column":76}},"loc":{"start":{"line":380,"column":19},"end":{"line":380,"column":76}},"line":380},"13":{"name":"onClick","decl":{"start":{"line":386,"column":19},"end":{"line":386,"column":138}},"loc":{"start":{"line":386,"column":19},"end":{"line":386,"column":138}},"line":386},"14":{"name":"onChange","decl":{"start":{"line":406,"column":24},"end":{"line":406,"column":105}},"loc":{"start":{"line":406,"column":24},"end":{"line":406,"column":105}},"line":406},"15":{"name":"onChange","decl":{"start":{"line":413,"column":24},"end":{"line":413,"column":111}},"loc":{"start":{"line":413,"column":24},"end":{"line":413,"column":111}},"line":413},"16":{"name":"onChange","decl":{"start":{"line":433,"column":28},"end":{"line":433,"column":69}},"loc":{"start":{"line":433,"column":28},"end":{"line":433,"column":69}},"line":433},"17":{"name":"onClick","decl":{"start":{"line":439,"column":27},"end":{"line":439,"column":123}},"loc":{"start":{"line":439,"column":27},"end":{"line":439,"column":123}},"line":439},"18":{"name":"onClick","decl":{"start":{"line":447,"column":27},"end":{"line":447,"column":65}},"loc":{"start":{"line":447,"column":27},"end":{"line":447,"column":65}},"line":447}},"f":{"0":63,"1":5,"2":5,"3":15,"4":1,"5":0,"6":6,"7":6,"8":2,"9":0,"10":5,"11":25,"12":1,"13":1,"14":9,"15":0,"16":10,"17":2,"18":0}}
,"/home/nicolas/Escritorio/front/src/components/movement.jsx": {"path":"/home/nicolas/Escritorio/front/src/components/movement.jsx","all":false,"statementMap":{"0":{"start":{"line":1,"column":0},"end":{"line":1,"column":59}},"2":{"start":{"line":3,"column":0},"end":{"line":3,"column":74}},"3":{"start":{"line":4,"column":0},"end":{"line":4,"column":57}},"4":{"start":{"line":5,"column":0},"end":{"line":5,"column":59}},"5":{"start":{"line":6,"column":0},"end":{"line":6,"column":74}},"6":{"start":{"line":7,"column":0},"end":{"line":7,"column":95}},"7":{"start":{"line":8,"column":0},"end":{"line":8,"column":54}},"8":{"start":{"line":9,"column":0},"end":{"line":9,"column":77}},"10":{"start":{"line":11,"column":0},"end":{"line":11,"column":94}},"11":{"start":{"line":12,"column":0},"end":{"line":12,"column":39}},"12":{"start":{"line":13,"column":0},"end":{"line":13,"column":9}},"13":{"start":{"line":14,"column":0},"end":{"line":14,"column":83}},"14":{"start":{"line":15,"column":0},"end":{"line":15,"column":22}},"15":{"start":{"line":16,"column":0},"end":{"line":16,"column":18}},"16":{"start":{"line":17,"column":0},"end":{"line":17,"column":45}},"17":{"start":{"line":18,"column":0},"end":{"line":18,"column":10}},"18":{"start":{"line":19,"column":0},"end":{"line":19,"column":9}},"20":{"start":{"line":21,"column":0},"end":{"line":21,"column":25}},"21":{"start":{"line":22,"column":0},"end":{"line":22,"column":48}},"22":{"start":{"line":23,"column":0},"end":{"line":23,"column":82}},"23":{"start":{"line":24,"column":0},"end":{"line":24,"column":85}},"24":{"start":{"line":25,"column":0},"end":{"line":25,"column":7}},"26":{"start":{"line":27,"column":0},"end":{"line":27,"column":41}},"27":{"start":{"line":28,"column":0},"end":{"line":28,"column":58}},"28":{"start":{"line":29,"column":0},"end":{"line":29,"column":35}},"29":{"start":{"line":30,"column":0},"end":{"line":30,"column":31}},"30":{"start":{"line":31,"column":0},"end":{"line":31,"column":21}},"31":{"start":{"line":32,"column":0},"end":{"line":32,"column":27}},"32":{"start":{"line":33,"column":0},"end":{"line":33,"column":16}},"33":{"start":{"line":34,"column":0},"end":{"line":34,"column":5}},"34":{"start":{"line":35,"column":0},"end":{"line":35,"column":4}},"36":{"start":{"line":37,"column":0},"end":{"line":37,"column":54}},"37":{"start":{"line":38,"column":0},"end":{"line":38,"column":9}},"38":{"start":{"line":39,"column":0},"end":{"line":39,"column":95}},"39":{"start":{"line":40,"column":0},"end":{"line":40,"column":23}},"40":{"start":{"line":41,"column":0},"end":{"line":41,"column":18}},"41":{"start":{"line":42,"column":0},"end":{"line":42,"column":45}},"42":{"start":{"line":43,"column":0},"end":{"line":43,"column":10}},"43":{"start":{"line":44,"column":0},"end":{"line":44,"column":30}},"44":{"start":{"line":45,"column":0},"end":{"line":45,"column":26}},"45":{"start":{"line":46,"column":0},"end":{"line":46,"column":30}},"46":{"start":{"line":47,"column":0},"end":{"line":47,"column":11}},"47":{"start":{"line":48,"column":0},"end":{"line":48,"column":9}},"49":{"start":{"line":50,"column":0},"end":{"line":50,"column":36}},"50":{"start":{"line":51,"column":0},"end":{"line":51,"column":66}},"51":{"start":{"line":52,"column":0},"end":{"line":52,"column":57}},"52":{"start":{"line":53,"column":0},"end":{"line":53,"column":62}},"53":{"start":{"line":54,"column":0},"end":{"line":54,"column":7}},"55":{"start":{"line":56,"column":0},"end":{"line":56,"column":25}},"56":{"start":{"line":57,"column":0},"end":{"line":57,"column":66}},"57":{"start":{"line":58,"column":0},"end":{"line":58,"column":7}},"59":{"start":{"line":60,"column":0},"end":{"line":60,"column":41}},"60":{"start":{"line":61,"column":0},"end":{"line":61,"column":56}},"61":{"start":{"line":62,"column":0},"end":{"line":62,"column":21}},"62":{"start":{"line":63,"column":0},"end":{"line":63,"column":70}},"63":{"start":{"line":64,"column":0},"end":{"line":64,"column":5}},"64":{"start":{"line":65,"column":0},"end":{"line":65,"column":4}},"66":{"start":{"line":67,"column":0},"end":{"line":67,"column":53}},"67":{"start":{"line":68,"column":0},"end":{"line":68,"column":37}},"68":{"start":{"line":69,"column":0},"end":{"line":69,"column":47}},"69":{"start":{"line":70,"column":0},"end":{"line":70,"column":54}},"70":{"start":{"line":71,"column":0},"end":{"line":71,"column":47}},"71":{"start":{"line":72,"column":0},"end":{"line":72,"column":12}},"72":{"start":{"line":73,"column":0},"end":{"line":73,"column":61}},"73":{"start":{"line":74,"column":0},"end":{"line":74,"column":77}},"74":{"start":{"line":75,"column":0},"end":{"line":75,"column":5}},"75":{"start":{"line":76,"column":0},"end":{"line":76,"column":4}},"77":{"start":{"line":78,"column":0},"end":{"line":78,"column":41}},"78":{"start":{"line":79,"column":0},"end":{"line":79,"column":24}},"79":{"start":{"line":80,"column":0},"end":{"line":80,"column":47}},"80":{"start":{"line":81,"column":0},"end":{"line":81,"column":13}},"81":{"start":{"line":82,"column":0},"end":{"line":82,"column":5}},"83":{"start":{"line":84,"column":0},"end":{"line":84,"column":43}},"84":{"start":{"line":85,"column":0},"end":{"line":85,"column":52}},"85":{"start":{"line":86,"column":0},"end":{"line":86,"column":71}},"86":{"start":{"line":87,"column":0},"end":{"line":87,"column":13}},"87":{"start":{"line":88,"column":0},"end":{"line":88,"column":5}},"89":{"start":{"line":90,"column":0},"end":{"line":90,"column":38}},"90":{"start":{"line":91,"column":0},"end":{"line":91,"column":50}},"91":{"start":{"line":92,"column":0},"end":{"line":92,"column":66}},"92":{"start":{"line":93,"column":0},"end":{"line":93,"column":13}},"93":{"start":{"line":94,"column":0},"end":{"line":94,"column":5}},"95":{"start":{"line":96,"column":0},"end":{"line":96,"column":38}},"96":{"start":{"line":97,"column":0},"end":{"line":97,"column":50}},"97":{"start":{"line":98,"column":0},"end":{"line":98,"column":86}},"99":{"start":{"line":100,"column":0},"end":{"line":100,"column":68}},"100":{"start":{"line":101,"column":0},"end":{"line":101,"column":68}},"101":{"start":{"line":102,"column":0},"end":{"line":102,"column":5}},"102":{"start":{"line":103,"column":0},"end":{"line":103,"column":4}},"104":{"start":{"line":105,"column":0},"end":{"line":105,"column":40}},"105":{"start":{"line":106,"column":0},"end":{"line":106,"column":61}},"106":{"start":{"line":107,"column":0},"end":{"line":107,"column":9}},"107":{"start":{"line":108,"column":0},"end":{"line":108,"column":81}},"108":{"start":{"line":109,"column":0},"end":{"line":109,"column":22}},"109":{"start":{"line":110,"column":0},"end":{"line":110,"column":18}},"110":{"start":{"line":111,"column":0},"end":{"line":111,"column":45}},"111":{"start":{"line":112,"column":0},"end":{"line":112,"column":10}},"112":{"start":{"line":113,"column":0},"end":{"line":113,"column":30}},"113":{"start":{"line":114,"column":0},"end":{"line":114,"column":26}},"114":{"start":{"line":115,"column":0},"end":{"line":115,"column":28}},"115":{"start":{"line":116,"column":0},"end":{"line":116,"column":26}},"116":{"start":{"line":117,"column":0},"end":{"line":117,"column":30}},"117":{"start":{"line":118,"column":0},"end":{"line":118,"column":30}},"118":{"start":{"line":119,"column":0},"end":{"line":119,"column":11}},"119":{"start":{"line":120,"column":0},"end":{"line":120,"column":9}},"121":{"start":{"line":122,"column":0},"end":{"line":122,"column":36}},"122":{"start":{"line":123,"column":0},"end":{"line":123,"column":66}},"123":{"start":{"line":124,"column":0},"end":{"line":124,"column":45}},"124":{"start":{"line":125,"column":0},"end":{"line":125,"column":30}},"125":{"start":{"line":126,"column":0},"end":{"line":126,"column":30}},"126":{"start":{"line":127,"column":0},"end":{"line":127,"column":62}},"127":{"start":{"line":128,"column":0},"end":{"line":128,"column":7}},"129":{"start":{"line":130,"column":0},"end":{"line":130,"column":25}},"130":{"start":{"line":131,"column":0},"end":{"line":131,"column":59}},"131":{"start":{"line":132,"column":0},"end":{"line":132,"column":7}},"133":{"start":{"line":134,"column":0},"end":{"line":134,"column":41}},"134":{"start":{"line":135,"column":0},"end":{"line":135,"column":59}},"135":{"start":{"line":136,"column":0},"end":{"line":136,"column":28}},"136":{"start":{"line":137,"column":0},"end":{"line":137,"column":28}},"137":{"start":{"line":138,"column":0},"end":{"line":138,"column":21}},"138":{"start":{"line":139,"column":0},"end":{"line":139,"column":63}},"139":{"start":{"line":140,"column":0},"end":{"line":140,"column":5}},"140":{"start":{"line":141,"column":0},"end":{"line":141,"column":26}},"141":{"start":{"line":142,"column":0},"end":{"line":142,"column":26}},"142":{"start":{"line":143,"column":0},"end":{"line":143,"column":4}},"144":{"start":{"line":145,"column":0},"end":{"line":145,"column":10}},"145":{"start":{"line":146,"column":0},"end":{"line":146,"column":20}},"146":{"start":{"line":147,"column":0},"end":{"line":147,"column":21}},"147":{"start":{"line":148,"column":0},"end":{"line":148,"column":11}},"148":{"start":{"line":149,"column":0},"end":{"line":149,"column":17}},"149":{"start":{"line":150,"column":0},"end":{"line":150,"column":19}},"150":{"start":{"line":151,"column":0},"end":{"line":151,"column":20}},"151":{"start":{"line":152,"column":0},"end":{"line":152,"column":19}},"152":{"start":{"line":153,"column":0},"end":{"line":153,"column":4}},"153":{"start":{"line":154,"column":0},"end":{"line":154,"column":2}},"155":{"start":{"line":156,"column":0},"end":{"line":156,"column":24}}},"s":{"0":1,"2":1,"3":28,"4":28,"5":28,"6":28,"7":28,"8":28,"10":28,"11":28,"12":4,"13":4,"14":4,"15":4,"16":4,"17":4,"18":4,"20":4,"21":0,"22":0,"23":0,"24":0,"26":4,"27":4,"28":4,"29":4,"30":4,"31":0,"32":0,"33":0,"34":4,"36":28,"37":0,"38":0,"39":0,"40":0,"41":0,"42":0,"43":0,"44":0,"45":0,"46":0,"47":0,"49":0,"50":0,"51":0,"52":0,"53":0,"55":0,"56":0,"57":0,"59":0,"60":0,"61":0,"62":0,"63":0,"64":0,"66":28,"67":28,"68":0,"69":0,"70":0,"71":0,"72":0,"73":0,"74":0,"75":0,"77":28,"78":0,"79":0,"80":0,"81":0,"83":0,"84":0,"85":0,"86":0,"87":0,"89":0,"90":0,"91":0,"92":0,"93":0,"95":0,"96":0,"97":0,"99":0,"100":0,"101":0,"102":0,"104":28,"105":28,"106":0,"107":0,"108":0,"109":0,"110":0,"111":0,"112":0,"113":0,"114":0,"115":0,"116":0,"117":0,"118":0,"119":0,"121":0,"122":0,"123":0,"124":0,"125":0,"126":0,"127":0,"129":0,"130":0,"131":0,"133":0,"134":0,"135":0,"136":0,"137":0,"138":0,"139":0,"140":0,"141":0,"142":0,"144":28,"145":28,"146":28,"147":28,"148":28,"149":28,"150":28,"151":28,"152":28,"153":28,"155":1},"branchMap":{"0":{"type":"branch","line":3,"loc":{"start":{"line":3,"column":17},"end":{"line":154,"column":2}},"locations":[{"start":{"line":3,"column":17},"end":{"line":154,"column":2}}]},"1":{"type":"branch","line":12,"loc":{"start":{"line":12,"column":26},"end":{"line":35,"column":4}},"locations":[{"start":{"line":12,"column":26},"end":{"line":35,"column":4}}]},"2":{"type":"branch","line":21,"loc":{"start":{"line":21,"column":24},"end":{"line":25,"column":7}},"locations":[{"start":{"line":21,"column":24},"end":{"line":25,"column":7}}]},"3":{"type":"branch","line":31,"loc":{"start":{"line":31,"column":6},"end":{"line":34,"column":5}},"locations":[{"start":{"line":31,"column":6},"end":{"line":34,"column":5}}]}},"b":{"0":[28],"1":[4],"2":[0],"3":[0]},"fnMap":{"0":{"name":"Movement","decl":{"start":{"line":3,"column":17},"end":{"line":154,"column":2}},"loc":{"start":{"line":3,"column":17},"end":{"line":154,"column":2}},"line":3},"1":{"name":"fetchGameTokens","decl":{"start":{"line":12,"column":26},"end":{"line":35,"column":4}},"loc":{"start":{"line":12,"column":26},"end":{"line":35,"column":4}},"line":12},"2":{"name":"handleUndoMove","decl":{"start":{"line":37,"column":25},"end":{"line":65,"column":4}},"loc":{"start":{"line":37,"column":25},"end":{"line":65,"column":4}},"line":37},"3":{"name":"handleCardClick","decl":{"start":{"line":68,"column":26},"end":{"line":76,"column":4}},"loc":{"start":{"line":68,"column":26},"end":{"line":76,"column":4}},"line":68},"4":{"name":"handleTokenClick","decl":{"start":{"line":78,"column":27},"end":{"line":103,"column":4}},"loc":{"start":{"line":78,"column":27},"end":{"line":103,"column":4}},"line":78},"5":{"name":"executeMove","decl":{"start":{"line":106,"column":22},"end":{"line":143,"column":4}},"loc":{"start":{"line":106,"column":22},"end":{"line":143,"column":4}},"line":106}},"f":{"0":28,"1":4,"2":0,"3":0,"4":0,"5":0}}
,"/home/nicolas/Escritorio/front/src/components/successpage.jsx": {"path":"/home/nicolas/Escritorio/front/src/components/successpage.jsx","all":true,"statementMap":{"0":{"start":{"line":1,"column":0},"end":{"line":1,"column":41}},"1":{"start":{"line":2,"column":0},"end":{"line":2,"column":26}},"2":{"start":{"line":3,"column":0},"end":{"line":3,"column":58}},"3":{"start":{"line":4,"column":0},"end":{"line":4,"column":19}},"4":{"start":{"line":5,"column":0},"end":{"line":5,"column":56}},"5":{"start":{"line":6,"column":0},"end":{"line":6,"column":36}},"6":{"start":{"line":7,"column":0},"end":{"line":7,"column":34}},"7":{"start":{"line":8,"column":0},"end":{"line":8,"column":13}},"9":{"start":{"line":10,"column":0},"end":{"line":10,"column":77}},"10":{"start":{"line":11,"column":0},"end":{"line":11,"column":20}},"12":{"start":{"line":13,"column":0},"end":{"line":13,"column":10}},"13":{"start":{"line":14,"column":0},"end":{"line":14,"column":39}},"14":{"start":{"line":15,"column":0},"end":{"line":15,"column":41}},"15":{"start":{"line":16,"column":0},"end":{"line":16,"column":41}},"16":{"start":{"line":17,"column":0},"end":{"line":17,"column":53}},"20":{"start":{"line":21,"column":0},"end":{"line":21,"column":2}},"22":{"start":{"line":23,"column":0},"end":{"line":23,"column":27}}},"s":{"0":0,"1":0,"2":0,"3":0,"4":0,"5":0,"6":0,"7":0,"9":0,"10":0,"12":0,"13":0,"14":0,"15":0,"16":0,"20":0,"22":0},"branchMap":{"0":{"type":"branch","line":1,"loc":{"start":{"line":1,"column":0},"end":{"line":23,"column":-241}},"locations":[{"start":{"line":1,"column":0},"end":{"line":23,"column":-241}}]}},"b":{"0":[0]},"fnMap":{"0":{"name":"(empty-report)","decl":{"start":{"line":1,"column":0},"end":{"line":23,"column":-241}},"loc":{"start":{"line":1,"column":0},"end":{"line":23,"column":-241}},"line":1}},"f":{"0":0}}
,"/home/nicolas/Escritorio/front/src/hooks/useWebSockets.jsx": {"path":"/home/nicolas/Escritorio/front/src/hooks/useWebSockets.jsx","all":true,"statementMap":{"0":{"start":{"line":1,"column":0},"end":{"line":1,"column":42}},"2":{"start":{"line":3,"column":0},"end":{"line":3,"column":42}},"3":{"start":{"line":4,"column":0},"end":{"line":4,"column":30}},"5":{"start":{"line":6,"column":0},"end":{"line":6,"column":19}},"6":{"start":{"line":7,"column":0},"end":{"line":7,"column":41}},"7":{"start":{"line":8,"column":0},"end":{"line":8,"column":40}},"9":{"start":{"line":10,"column":0},"end":{"line":10,"column":37}},"10":{"start":{"line":11,"column":0},"end":{"line":11,"column":43}},"11":{"start":{"line":12,"column":0},"end":{"line":12,"column":30}},"12":{"start":{"line":13,"column":0},"end":{"line":13,"column":55}},"13":{"start":{"line":14,"column":0},"end":{"line":14,"column":6}},"15":{"start":{"line":16,"column":0},"end":{"line":16,"column":52}},"16":{"start":{"line":17,"column":0},"end":{"line":17,"column":18}},"17":{"start":{"line":18,"column":0},"end":{"line":18,"column":27}},"18":{"start":{"line":19,"column":0},"end":{"line":19,"column":31}},"19":{"start":{"line":20,"column":0},"end":{"line":20,"column":7}},"20":{"start":{"line":21,"column":0},"end":{"line":21,"column":6}},"21":{"start":{"line":22,"column":0},"end":{"line":22,"column":79}},"23":{"start":{"line":24,"column":0},"end":{"line":24,"column":48}},"24":{"start":{"line":25,"column":0},"end":{"line":25,"column":36}},"25":{"start":{"line":26,"column":0},"end":{"line":26,"column":73}},"26":{"start":{"line":27,"column":0},"end":{"line":27,"column":35}},"27":{"start":{"line":28,"column":0},"end":{"line":28,"column":12}},"28":{"start":{"line":29,"column":0},"end":{"line":29,"column":52}},"29":{"start":{"line":30,"column":0},"end":{"line":30,"column":5}},"30":{"start":{"line":31,"column":0},"end":{"line":31,"column":4}},"32":{"start":{"line":33,"column":0},"end":{"line":33,"column":25}},"33":{"start":{"line":34,"column":0},"end":{"line":34,"column":2}},"35":{"start":{"line":36,"column":0},"end":{"line":36,"column":28}}},"s":{"0":0,"2":0,"3":0,"5":0,"6":0,"7":0,"9":0,"10":0,"11":0,"12":0,"13":0,"15":0,"16":0,"17":0,"18":0,"19":0,"20":0,"21":0,"23":0,"24":0,"25":0,"26":0,"27":0,"28":0,"29":0,"30":0,"32":0,"33":0,"35":0},"branchMap":{"0":{"type":"branch","line":1,"loc":{"start":{"line":1,"column":0},"end":{"line":36,"column":-162}},"locations":[{"start":{"line":1,"column":0},"end":{"line":36,"column":-162}}]}},"b":{"0":[0]},"fnMap":{"0":{"name":"(empty-report)","decl":{"start":{"line":1,"column":0},"end":{"line":36,"column":-162}},"loc":{"start":{"line":1,"column":0},"end":{"line":36,"column":-162}},"line":1}},"f":{"0":0}}
}
